{"total": {"lines":{"total":3378,"covered":750,"skipped":0,"pct":22.2},"statements":{"total":3915,"covered":878,"skipped":0,"pct":22.42},"functions":{"total":938,"covered":207,"skipped":0,"pct":22.06},"branches":{"total":2352,"covered":460,"skipped":0,"pct":19.55},"branchesTrue":{"total":0,"covered":0,"skipped":0,"pct":100}}
,"D:\\Projects\\Hackathon\\SpendWise\\SpendWise\\src\\auth\\DeviceManager.ts": {"lines":{"total":80,"covered":0,"skipped":0,"pct":0},"functions":{"total":21,"covered":0,"skipped":0,"pct":0},"statements":{"total":98,"covered":0,"skipped":0,"pct":0},"branches":{"total":42,"covered":0,"skipped":0,"pct":0}}
,"D:\\Projects\\Hackathon\\SpendWise\\SpendWise\\src\\auth\\MfaEngine.ts": {"lines":{"total":94,"covered":0,"skipped":0,"pct":0},"functions":{"total":24,"covered":0,"skipped":0,"pct":0},"statements":{"total":104,"covered":0,"skipped":0,"pct":0},"branches":{"total":28,"covered":0,"skipped":0,"pct":0}}
,"D:\\Projects\\Hackathon\\SpendWise\\SpendWise\\src\\auth\\RateLimiter.ts": {"lines":{"total":43,"covered":0,"skipped":0,"pct":0},"functions":{"total":12,"covered":0,"skipped":0,"pct":0},"statements":{"total":47,"covered":0,"skipped":0,"pct":0},"branches":{"total":26,"covered":0,"skipped":0,"pct":0}}
,"D:\\Projects\\Hackathon\\SpendWise\\SpendWise\\src\\auth\\RecoveryCodesModal.tsx": {"lines":{"total":8,"covered":0,"skipped":0,"pct":0},"functions":{"total":4,"covered":0,"skipped":0,"pct":0},"statements":{"total":9,"covered":0,"skipped":0,"pct":0},"branches":{"total":2,"covered":0,"skipped":0,"pct":0}}
,"D:\\Projects\\Hackathon\\SpendWise\\SpendWise\\src\\auth\\SessionManager.ts": {"lines":{"total":70,"covered":0,"skipped":0,"pct":0},"functions":{"total":23,"covered":0,"skipped":0,"pct":0},"statements":{"total":76,"covered":0,"skipped":0,"pct":0},"branches":{"total":32,"covered":0,"skipped":0,"pct":0}}
,"D:\\Projects\\Hackathon\\SpendWise\\SpendWise\\src\\auth\\index.ts": {"lines":{"total":0,"covered":0,"skipped":0,"pct":100},"functions":{"total":0,"covered":0,"skipped":0,"pct":100},"statements":{"total":0,"covered":0,"skipped":0,"pct":100},"branches":{"total":0,"covered":0,"skipped":0,"pct":100}}
,"D:\\Projects\\Hackathon\\SpendWise\\SpendWise\\src\\auth\\types.ts": {"lines":{"total":0,"covered":0,"skipped":0,"pct":100},"functions":{"total":0,"covered":0,"skipped":0,"pct":100},"statements":{"total":0,"covered":0,"skipped":0,"pct":100},"branches":{"total":0,"covered":0,"skipped":0,"pct":100}}
,"D:\\Projects\\Hackathon\\SpendWise\\SpendWise\\src\\core\\crdt.ts": {"lines":{"total":8,"covered":8,"skipped":0,"pct":100},"functions":{"total":5,"covered":5,"skipped":0,"pct":100},"statements":{"total":11,"covered":11,"skipped":0,"pct":100},"branches":{"total":4,"covered":2,"skipped":0,"pct":50}}
,"D:\\Projects\\Hackathon\\SpendWise\\SpendWise\\src\\core\\api\\OCRService.ts": {"lines":{"total":79,"covered":0,"skipped":0,"pct":0},"functions":{"total":8,"covered":0,"skipped":0,"pct":0},"statements":{"total":89,"covered":0,"skipped":0,"pct":0},"branches":{"total":63,"covered":0,"skipped":0,"pct":0}}
,"D:\\Projects\\Hackathon\\SpendWise\\SpendWise\\src\\core\\api\\VoiceService.ts": {"lines":{"total":16,"covered":0,"skipped":0,"pct":0},"functions":{"total":2,"covered":0,"skipped":0,"pct":0},"statements":{"total":16,"covered":0,"skipped":0,"pct":0},"branches":{"total":10,"covered":0,"skipped":0,"pct":0}}
,"D:\\Projects\\Hackathon\\SpendWise\\SpendWise\\src\\core\\api\\client.ts": {"lines":{"total":73,"covered":0,"skipped":0,"pct":0},"functions":{"total":20,"covered":0,"skipped":0,"pct":0},"statements":{"total":82,"covered":0,"skipped":0,"pct":0},"branches":{"total":63,"covered":0,"skipped":0,"pct":0}}
,"D:\\Projects\\Hackathon\\SpendWise\\SpendWise\\src\\core\\api\\errors.ts": {"lines":{"total":43,"covered":19,"skipped":0,"pct":44.18},"functions":{"total":7,"covered":2,"skipped":0,"pct":28.57},"statements":{"total":43,"covered":19,"skipped":0,"pct":44.18},"branches":{"total":50,"covered":24,"skipped":0,"pct":48}}
,"D:\\Projects\\Hackathon\\SpendWise\\SpendWise\\src\\core\\api\\gemini.ts": {"lines":{"total":64,"covered":4,"skipped":0,"pct":6.25},"functions":{"total":6,"covered":1,"skipped":0,"pct":16.66},"statements":{"total":74,"covered":4,"skipped":0,"pct":5.4},"branches":{"total":40,"covered":2,"skipped":0,"pct":5}}
,"D:\\Projects\\Hackathon\\SpendWise\\SpendWise\\src\\core\\api\\supabase.ts": {"lines":{"total":53,"covered":3,"skipped":0,"pct":5.66},"functions":{"total":21,"covered":0,"skipped":0,"pct":0},"statements":{"total":76,"covered":3,"skipped":0,"pct":3.94},"branches":{"total":73,"covered":1,"skipped":0,"pct":1.36}}
,"D:\\Projects\\Hackathon\\SpendWise\\SpendWise\\src\\core\\api\\validation.ts": {"lines":{"total":32,"covered":0,"skipped":0,"pct":0},"functions":{"total":1,"covered":0,"skipped":0,"pct":0},"statements":{"total":32,"covered":0,"skipped":0,"pct":0},"branches":{"total":0,"covered":0,"skipped":0,"pct":100}}
,"D:\\Projects\\Hackathon\\SpendWise\\SpendWise\\src\\core\\reliability\\conflictResolution.ts": {"lines":{"total":45,"covered":0,"skipped":0,"pct":0},"functions":{"total":7,"covered":0,"skipped":0,"pct":0},"statements":{"total":48,"covered":0,"skipped":0,"pct":0},"branches":{"total":30,"covered":0,"skipped":0,"pct":0}}
,"D:\\Projects\\Hackathon\\SpendWise\\SpendWise\\src\\core\\reliability\\crashRecovery.ts": {"lines":{"total":64,"covered":31,"skipped":0,"pct":48.43},"functions":{"total":10,"covered":5,"skipped":0,"pct":50},"statements":{"total":70,"covered":34,"skipped":0,"pct":48.57},"branches":{"total":32,"covered":17,"skipped":0,"pct":53.12}}
,"D:\\Projects\\Hackathon\\SpendWise\\SpendWise\\src\\core\\reliability\\index.ts": {"lines":{"total":0,"covered":0,"skipped":0,"pct":100},"functions":{"total":0,"covered":0,"skipped":0,"pct":100},"statements":{"total":0,"covered":0,"skipped":0,"pct":100},"branches":{"total":0,"covered":0,"skipped":0,"pct":100}}
,"D:\\Projects\\Hackathon\\SpendWise\\SpendWise\\src\\core\\reliability\\offlineQueue.ts": {"lines":{"total":46,"covered":0,"skipped":0,"pct":0},"functions":{"total":13,"covered":0,"skipped":0,"pct":0},"statements":{"total":52,"covered":0,"skipped":0,"pct":0},"branches":{"total":18,"covered":0,"skipped":0,"pct":0}}
,"D:\\Projects\\Hackathon\\SpendWise\\SpendWise\\src\\core\\reliability\\retry.ts": {"lines":{"total":37,"covered":31,"skipped":0,"pct":83.78},"functions":{"total":8,"covered":7,"skipped":0,"pct":87.5},"statements":{"total":42,"covered":36,"skipped":0,"pct":85.71},"branches":{"total":42,"covered":36,"skipped":0,"pct":85.71}}
,"D:\\Projects\\Hackathon\\SpendWise\\SpendWise\\src\\features\\ai\\parsers\\common.ts": {"lines":{"total":26,"covered":23,"skipped":0,"pct":88.46},"functions":{"total":5,"covered":5,"skipped":0,"pct":100},"statements":{"total":36,"covered":31,"skipped":0,"pct":86.11},"branches":{"total":18,"covered":14,"skipped":0,"pct":77.77}}
,"D:\\Projects\\Hackathon\\SpendWise\\SpendWise\\src\\features\\ai\\parsers\\nlp.ts": {"lines":{"total":91,"covered":86,"skipped":0,"pct":94.5},"functions":{"total":10,"covered":9,"skipped":0,"pct":90},"statements":{"total":103,"covered":95,"skipped":0,"pct":92.23},"branches":{"total":82,"covered":61,"skipped":0,"pct":74.39}}
,"D:\\Projects\\Hackathon\\SpendWise\\SpendWise\\src\\features\\ai\\parsers\\ocr.ts": {"lines":{"total":65,"covered":0,"skipped":0,"pct":0},"functions":{"total":7,"covered":0,"skipped":0,"pct":0},"statements":{"total":73,"covered":0,"skipped":0,"pct":0},"branches":{"total":61,"covered":0,"skipped":0,"pct":0}}
,"D:\\Projects\\Hackathon\\SpendWise\\SpendWise\\src\\features\\ai\\parsers\\voice.ts": {"lines":{"total":14,"covered":13,"skipped":0,"pct":92.85},"functions":{"total":1,"covered":1,"skipped":0,"pct":100},"statements":{"total":19,"covered":16,"skipped":0,"pct":84.21},"branches":{"total":14,"covered":11,"skipped":0,"pct":78.57}}
,"D:\\Projects\\Hackathon\\SpendWise\\SpendWise\\src\\features\\analytics\\insights\\advisor.ts": {"lines":{"total":194,"covered":72,"skipped":0,"pct":37.11},"functions":{"total":43,"covered":26,"skipped":0,"pct":60.46},"statements":{"total":216,"covered":87,"skipped":0,"pct":40.27},"branches":{"total":206,"covered":39,"skipped":0,"pct":18.93}}
,"D:\\Projects\\Hackathon\\SpendWise\\SpendWise\\src\\features\\analytics\\insights\\anomaly.ts": {"lines":{"total":20,"covered":20,"skipped":0,"pct":100},"functions":{"total":10,"covered":10,"skipped":0,"pct":100},"statements":{"total":28,"covered":28,"skipped":0,"pct":100},"branches":{"total":12,"covered":11,"skipped":0,"pct":91.66}}
,"D:\\Projects\\Hackathon\\SpendWise\\SpendWise\\src\\features\\analytics\\insights\\forecast.ts": {"lines":{"total":75,"covered":74,"skipped":0,"pct":98.66},"functions":{"total":12,"covered":12,"skipped":0,"pct":100},"statements":{"total":84,"covered":83,"skipped":0,"pct":98.8},"branches":{"total":55,"covered":48,"skipped":0,"pct":87.27}}
,"D:\\Projects\\Hackathon\\SpendWise\\SpendWise\\src\\features\\analytics\\insights\\healthScore.ts": {"lines":{"total":43,"covered":39,"skipped":0,"pct":90.69},"functions":{"total":4,"covered":4,"skipped":0,"pct":100},"statements":{"total":44,"covered":40,"skipped":0,"pct":90.9},"branches":{"total":26,"covered":24,"skipped":0,"pct":92.3}}
,"D:\\Projects\\Hackathon\\SpendWise\\SpendWise\\src\\features\\budget\\insights\\budgetSuggestions.ts": {"lines":{"total":31,"covered":27,"skipped":0,"pct":87.09},"functions":{"total":7,"covered":6,"skipped":0,"pct":85.71},"statements":{"total":35,"covered":30,"skipped":0,"pct":85.71},"branches":{"total":20,"covered":12,"skipped":0,"pct":60}}
,"D:\\Projects\\Hackathon\\SpendWise\\SpendWise\\src\\features\\goals\\GoalsView.tsx": {"lines":{"total":44,"covered":0,"skipped":0,"pct":0},"functions":{"total":29,"covered":0,"skipped":0,"pct":0},"statements":{"total":50,"covered":0,"skipped":0,"pct":0},"branches":{"total":48,"covered":0,"skipped":0,"pct":0}}
,"D:\\Projects\\Hackathon\\SpendWise\\SpendWise\\src\\features\\goals\\GoalsViewMobile.tsx": {"lines":{"total":9,"covered":0,"skipped":0,"pct":0},"functions":{"total":7,"covered":0,"skipped":0,"pct":0},"statements":{"total":9,"covered":0,"skipped":0,"pct":0},"branches":{"total":6,"covered":0,"skipped":0,"pct":0}}
,"D:\\Projects\\Hackathon\\SpendWise\\SpendWise\\src\\features\\goals\\components\\ContributeModal.tsx": {"lines":{"total":15,"covered":0,"skipped":0,"pct":0},"functions":{"total":9,"covered":0,"skipped":0,"pct":0},"statements":{"total":16,"covered":0,"skipped":0,"pct":0},"branches":{"total":9,"covered":0,"skipped":0,"pct":0}}
,"D:\\Projects\\Hackathon\\SpendWise\\SpendWise\\src\\features\\goals\\components\\GoalCard.tsx": {"lines":{"total":44,"covered":0,"skipped":0,"pct":0},"functions":{"total":10,"covered":0,"skipped":0,"pct":0},"statements":{"total":47,"covered":0,"skipped":0,"pct":0},"branches":{"total":54,"covered":0,"skipped":0,"pct":0}}
,"D:\\Projects\\Hackathon\\SpendWise\\SpendWise\\src\\features\\goals\\components\\GoalCreateModal.tsx": {"lines":{"total":35,"covered":0,"skipped":0,"pct":0},"functions":{"total":8,"covered":0,"skipped":0,"pct":0},"statements":{"total":35,"covered":0,"skipped":0,"pct":0},"branches":{"total":18,"covered":0,"skipped":0,"pct":0}}
,"D:\\Projects\\Hackathon\\SpendWise\\SpendWise\\src\\features\\goals\\components\\GoalModal.tsx": {"lines":{"total":34,"covered":0,"skipped":0,"pct":0},"functions":{"total":23,"covered":0,"skipped":0,"pct":0},"statements":{"total":41,"covered":0,"skipped":0,"pct":0},"branches":{"total":32,"covered":0,"skipped":0,"pct":0}}
,"D:\\Projects\\Hackathon\\SpendWise\\SpendWise\\src\\features\\goals\\components\\GoalsSummary.tsx": {"lines":{"total":2,"covered":0,"skipped":0,"pct":0},"functions":{"total":2,"covered":0,"skipped":0,"pct":0},"statements":{"total":2,"covered":0,"skipped":0,"pct":0},"branches":{"total":0,"covered":0,"skipped":0,"pct":100}}
,"D:\\Projects\\Hackathon\\SpendWise\\SpendWise\\src\\features\\goals\\components\\ProgressRing.tsx": {"lines":{"total":5,"covered":0,"skipped":0,"pct":0},"functions":{"total":1,"covered":0,"skipped":0,"pct":0},"statements":{"total":5,"covered":0,"skipped":0,"pct":0},"branches":{"total":1,"covered":0,"skipped":0,"pct":0}}
,"D:\\Projects\\Hackathon\\SpendWise\\SpendWise\\src\\features\\goals\\components\\constants.ts": {"lines":{"total":3,"covered":0,"skipped":0,"pct":0},"functions":{"total":0,"covered":0,"skipped":0,"pct":100},"statements":{"total":3,"covered":0,"skipped":0,"pct":0},"branches":{"total":0,"covered":0,"skipped":0,"pct":100}}
,"D:\\Projects\\Hackathon\\SpendWise\\SpendWise\\src\\features\\goals\\components\\utils.ts": {"lines":{"total":5,"covered":5,"skipped":0,"pct":100},"functions":{"total":2,"covered":2,"skipped":0,"pct":100},"statements":{"total":5,"covered":5,"skipped":0,"pct":100},"branches":{"total":0,"covered":0,"skipped":0,"pct":100}}
,"D:\\Projects\\Hackathon\\SpendWise\\SpendWise\\src\\features\\goals\\context\\GoalContext.tsx": {"lines":{"total":9,"covered":0,"skipped":0,"pct":0},"functions":{"total":3,"covered":0,"skipped":0,"pct":0},"statements":{"total":10,"covered":0,"skipped":0,"pct":0},"branches":{"total":2,"covered":0,"skipped":0,"pct":0}}
,"D:\\Projects\\Hackathon\\SpendWise\\SpendWise\\src\\features\\goals\\hooks\\useGoals.ts": {"lines":{"total":50,"covered":0,"skipped":0,"pct":0},"functions":{"total":26,"covered":0,"skipped":0,"pct":0},"statements":{"total":64,"covered":0,"skipped":0,"pct":0},"branches":{"total":18,"covered":0,"skipped":0,"pct":0}}
,"D:\\Projects\\Hackathon\\SpendWise\\SpendWise\\src\\features\\goals\\utils\\suggestGoals.ts": {"lines":{"total":14,"covered":0,"skipped":0,"pct":0},"functions":{"total":8,"covered":0,"skipped":0,"pct":0},"statements":{"total":20,"covered":0,"skipped":0,"pct":0},"branches":{"total":12,"covered":0,"skipped":0,"pct":0}}
,"D:\\Projects\\Hackathon\\SpendWise\\SpendWise\\src\\features\\sync\\parsers\\csv.ts": {"lines":{"total":63,"covered":0,"skipped":0,"pct":0},"functions":{"total":12,"covered":0,"skipped":0,"pct":0},"statements":{"total":80,"covered":0,"skipped":0,"pct":0},"branches":{"total":62,"covered":0,"skipped":0,"pct":0}}
,"D:\\Projects\\Hackathon\\SpendWise\\SpendWise\\src\\features\\sync\\parsers\\ondc.ts": {"lines":{"total":60,"covered":0,"skipped":0,"pct":0},"functions":{"total":11,"covered":0,"skipped":0,"pct":0},"statements":{"total":73,"covered":0,"skipped":0,"pct":0},"branches":{"total":57,"covered":0,"skipped":0,"pct":0}}
,"D:\\Projects\\Hackathon\\SpendWise\\SpendWise\\src\\features\\sync\\parsers\\upi.ts": {"lines":{"total":244,"covered":33,"skipped":0,"pct":13.52},"functions":{"total":58,"covered":2,"skipped":0,"pct":3.44},"statements":{"total":308,"covered":38,"skipped":0,"pct":12.33},"branches":{"total":251,"covered":31,"skipped":0,"pct":12.35}}
,"D:\\Projects\\Hackathon\\SpendWise\\SpendWise\\src\\features\\transactions\\store\\financeSlice.ts": {"lines":{"total":150,"covered":127,"skipped":0,"pct":84.66},"functions":{"total":81,"covered":70,"skipped":0,"pct":86.41},"statements":{"total":185,"covered":159,"skipped":0,"pct":85.94},"branches":{"total":84,"covered":55,"skipped":0,"pct":65.47}}
,"D:\\Projects\\Hackathon\\SpendWise\\SpendWise\\src\\hooks\\useAppState.ts": {"lines":{"total":12,"covered":0,"skipped":0,"pct":0},"functions":{"total":3,"covered":0,"skipped":0,"pct":0},"statements":{"total":13,"covered":0,"skipped":0,"pct":0},"branches":{"total":2,"covered":0,"skipped":0,"pct":0}}
,"D:\\Projects\\Hackathon\\SpendWise\\SpendWise\\src\\hooks\\useAuth.tsx": {"lines":{"total":63,"covered":0,"skipped":0,"pct":0},"functions":{"total":20,"covered":0,"skipped":0,"pct":0},"statements":{"total":68,"covered":0,"skipped":0,"pct":0},"branches":{"total":20,"covered":0,"skipped":0,"pct":0}}
,"D:\\Projects\\Hackathon\\SpendWise\\SpendWise\\src\\hooks\\useBudgets.ts": {"lines":{"total":66,"covered":66,"skipped":0,"pct":100},"functions":{"total":21,"covered":21,"skipped":0,"pct":100},"statements":{"total":76,"covered":76,"skipped":0,"pct":100},"branches":{"total":42,"covered":37,"skipped":0,"pct":88.09}}
,"D:\\Projects\\Hackathon\\SpendWise\\SpendWise\\src\\hooks\\useCategories.tsx": {"lines":{"total":66,"covered":0,"skipped":0,"pct":0},"functions":{"total":29,"covered":0,"skipped":0,"pct":0},"statements":{"total":80,"covered":0,"skipped":0,"pct":0},"branches":{"total":20,"covered":0,"skipped":0,"pct":0}}
,"D:\\Projects\\Hackathon\\SpendWise\\SpendWise\\src\\hooks\\useCountUp.ts": {"lines":{"total":29,"covered":25,"skipped":0,"pct":86.2},"functions":{"total":4,"covered":4,"skipped":0,"pct":100},"statements":{"total":31,"covered":27,"skipped":0,"pct":87.09},"branches":{"total":11,"covered":9,"skipped":0,"pct":81.81}}
,"D:\\Projects\\Hackathon\\SpendWise\\SpendWise\\src\\hooks\\useFeatureFlag.ts": {"lines":{"total":3,"covered":0,"skipped":0,"pct":0},"functions":{"total":1,"covered":0,"skipped":0,"pct":0},"statements":{"total":3,"covered":0,"skipped":0,"pct":0},"branches":{"total":4,"covered":0,"skipped":0,"pct":0}}
,"D:\\Projects\\Hackathon\\SpendWise\\SpendWise\\src\\hooks\\useGoals.ts": {"lines":{"total":48,"covered":0,"skipped":0,"pct":0},"functions":{"total":26,"covered":0,"skipped":0,"pct":0},"statements":{"total":63,"covered":0,"skipped":0,"pct":0},"branches":{"total":18,"covered":0,"skipped":0,"pct":0}}
,"D:\\Projects\\Hackathon\\SpendWise\\SpendWise\\src\\hooks\\useMasterVoice.ts": {"lines":{"total":169,"covered":0,"skipped":0,"pct":0},"functions":{"total":20,"covered":0,"skipped":0,"pct":0},"statements":{"total":175,"covered":0,"skipped":0,"pct":0},"branches":{"total":49,"covered":0,"skipped":0,"pct":0}}
,"D:\\Projects\\Hackathon\\SpendWise\\SpendWise\\src\\hooks\\useMediaQuery.ts": {"lines":{"total":8,"covered":0,"skipped":0,"pct":0},"functions":{"total":6,"covered":0,"skipped":0,"pct":0},"statements":{"total":11,"covered":0,"skipped":0,"pct":0},"branches":{"total":0,"covered":0,"skipped":0,"pct":100}}
,"D:\\Projects\\Hackathon\\SpendWise\\SpendWise\\src\\hooks\\useNotifications.ts": {"lines":{"total":68,"covered":0,"skipped":0,"pct":0},"functions":{"total":34,"covered":0,"skipped":0,"pct":0},"statements":{"total":88,"covered":0,"skipped":0,"pct":0},"branches":{"total":43,"covered":0,"skipped":0,"pct":0}}
,"D:\\Projects\\Hackathon\\SpendWise\\SpendWise\\src\\hooks\\useOnlineStatus.ts": {"lines":{"total":33,"covered":0,"skipped":0,"pct":0},"functions":{"total":9,"covered":0,"skipped":0,"pct":0},"statements":{"total":34,"covered":0,"skipped":0,"pct":0},"branches":{"total":4,"covered":0,"skipped":0,"pct":0}}
,"D:\\Projects\\Hackathon\\SpendWise\\SpendWise\\src\\hooks\\usePWAInstall.ts": {"lines":{"total":28,"covered":0,"skipped":0,"pct":0},"functions":{"total":8,"covered":0,"skipped":0,"pct":0},"statements":{"total":28,"covered":0,"skipped":0,"pct":0},"branches":{"total":6,"covered":0,"skipped":0,"pct":0}}
,"D:\\Projects\\Hackathon\\SpendWise\\SpendWise\\src\\hooks\\usePrefersReducedMotion.ts": {"lines":{"total":9,"covered":0,"skipped":0,"pct":0},"functions":{"total":5,"covered":0,"skipped":0,"pct":0},"statements":{"total":10,"covered":0,"skipped":0,"pct":0},"branches":{"total":0,"covered":0,"skipped":0,"pct":100}}
,"D:\\Projects\\Hackathon\\SpendWise\\SpendWise\\src\\hooks\\useProfileSwitcher.ts": {"lines":{"total":6,"covered":0,"skipped":0,"pct":0},"functions":{"total":3,"covered":0,"skipped":0,"pct":0},"statements":{"total":7,"covered":0,"skipped":0,"pct":0},"branches":{"total":2,"covered":0,"skipped":0,"pct":0}}
,"D:\\Projects\\Hackathon\\SpendWise\\SpendWise\\src\\hooks\\useRecurring.ts": {"lines":{"total":13,"covered":0,"skipped":0,"pct":0},"functions":{"total":13,"covered":0,"skipped":0,"pct":0},"statements":{"total":23,"covered":0,"skipped":0,"pct":0},"branches":{"total":0,"covered":0,"skipped":0,"pct":100}}
,"D:\\Projects\\Hackathon\\SpendWise\\SpendWise\\src\\hooks\\useReferral.ts": {"lines":{"total":7,"covered":0,"skipped":0,"pct":0},"functions":{"total":2,"covered":0,"skipped":0,"pct":0},"statements":{"total":7,"covered":0,"skipped":0,"pct":0},"branches":{"total":6,"covered":0,"skipped":0,"pct":0}}
,"D:\\Projects\\Hackathon\\SpendWise\\SpendWise\\src\\hooks\\useTheme.ts": {"lines":{"total":20,"covered":0,"skipped":0,"pct":0},"functions":{"total":8,"covered":0,"skipped":0,"pct":0},"statements":{"total":25,"covered":0,"skipped":0,"pct":0},"branches":{"total":10,"covered":0,"skipped":0,"pct":0}}
,"D:\\Projects\\Hackathon\\SpendWise\\SpendWise\\src\\hooks\\useTransactions.ts": {"lines":{"total":109,"covered":0,"skipped":0,"pct":0},"functions":{"total":42,"covered":0,"skipped":0,"pct":0},"statements":{"total":131,"covered":0,"skipped":0,"pct":0},"branches":{"total":47,"covered":0,"skipped":0,"pct":0}}
,"D:\\Projects\\Hackathon\\SpendWise\\SpendWise\\src\\hooks\\useUI.ts": {"lines":{"total":9,"covered":0,"skipped":0,"pct":0},"functions":{"total":5,"covered":0,"skipped":0,"pct":0},"statements":{"total":12,"covered":0,"skipped":0,"pct":0},"branches":{"total":0,"covered":0,"skipped":0,"pct":100}}
,"D:\\Projects\\Hackathon\\SpendWise\\SpendWise\\src\\hooks\\useUPIReturn.tsx": {"lines":{"total":76,"covered":0,"skipped":0,"pct":0},"functions":{"total":18,"covered":0,"skipped":0,"pct":0},"statements":{"total":84,"covered":0,"skipped":0,"pct":0},"branches":{"total":45,"covered":0,"skipped":0,"pct":0}}
,"D:\\Projects\\Hackathon\\SpendWise\\SpendWise\\src\\utils\\avatar.ts": {"lines":{"total":6,"covered":0,"skipped":0,"pct":0},"functions":{"total":3,"covered":0,"skipped":0,"pct":0},"statements":{"total":8,"covered":0,"skipped":0,"pct":0},"branches":{"total":0,"covered":0,"skipped":0,"pct":100}}
,"D:\\Projects\\Hackathon\\SpendWise\\SpendWise\\src\\utils\\cn.ts": {"lines":{"total":1,"covered":0,"skipped":0,"pct":0},"functions":{"total":1,"covered":0,"skipped":0,"pct":0},"statements":{"total":1,"covered":0,"skipped":0,"pct":0},"branches":{"total":0,"covered":0,"skipped":0,"pct":100}}
,"D:\\Projects\\Hackathon\\SpendWise\\SpendWise\\src\\utils\\date.ts": {"lines":{"total":4,"covered":4,"skipped":0,"pct":100},"functions":{"total":1,"covered":1,"skipped":0,"pct":100},"statements":{"total":4,"covered":4,"skipped":0,"pct":100},"branches":{"total":0,"covered":0,"skipped":0,"pct":100}}
,"D:\\Projects\\Hackathon\\SpendWise\\SpendWise\\src\\utils\\export.ts": {"lines":{"total":14,"covered":0,"skipped":0,"pct":0},"functions":{"total":4,"covered":0,"skipped":0,"pct":0},"statements":{"total":16,"covered":0,"skipped":0,"pct":0},"branches":{"total":4,"covered":0,"skipped":0,"pct":0}}
,"D:\\Projects\\Hackathon\\SpendWise\\SpendWise\\src\\utils\\imageUtils.ts": {"lines":{"total":21,"covered":0,"skipped":0,"pct":0},"functions":{"total":4,"covered":0,"skipped":0,"pct":0},"statements":{"total":23,"covered":0,"skipped":0,"pct":0},"branches":{"total":10,"covered":0,"skipped":0,"pct":0}}
,"D:\\Projects\\Hackathon\\SpendWise\\SpendWise\\src\\utils\\import.ts": {"lines":{"total":19,"covered":0,"skipped":0,"pct":0},"functions":{"total":5,"covered":0,"skipped":0,"pct":0},"statements":{"total":20,"covered":0,"skipped":0,"pct":0},"branches":{"total":20,"covered":0,"skipped":0,"pct":0}}
,"D:\\Projects\\Hackathon\\SpendWise\\SpendWise\\src\\utils\\marketData.ts": {"lines":{"total":25,"covered":0,"skipped":0,"pct":0},"functions":{"total":4,"covered":0,"skipped":0,"pct":0},"statements":{"total":26,"covered":0,"skipped":0,"pct":0},"branches":{"total":12,"covered":0,"skipped":0,"pct":0}}
,"D:\\Projects\\Hackathon\\SpendWise\\SpendWise\\src\\utils\\merchantMapper.ts": {"lines":{"total":15,"covered":0,"skipped":0,"pct":0},"functions":{"total":1,"covered":0,"skipped":0,"pct":0},"statements":{"total":20,"covered":0,"skipped":0,"pct":0},"branches":{"total":38,"covered":0,"skipped":0,"pct":0}}
,"D:\\Projects\\Hackathon\\SpendWise\\SpendWise\\src\\utils\\pushNotification.ts": {"lines":{"total":8,"covered":0,"skipped":0,"pct":0},"functions":{"total":2,"covered":0,"skipped":0,"pct":0},"statements":{"total":13,"covered":0,"skipped":0,"pct":0},"branches":{"total":11,"covered":0,"skipped":0,"pct":0}}
,"D:\\Projects\\Hackathon\\SpendWise\\SpendWise\\src\\utils\\razorpaySync.ts": {"lines":{"total":72,"covered":0,"skipped":0,"pct":0},"functions":{"total":14,"covered":0,"skipped":0,"pct":0},"statements":{"total":82,"covered":0,"skipped":0,"pct":0},"branches":{"total":91,"covered":0,"skipped":0,"pct":0}}
,"D:\\Projects\\Hackathon\\SpendWise\\SpendWise\\src\\utils\\recurringDetection.ts": {"lines":{"total":43,"covered":40,"skipped":0,"pct":93.02},"functions":{"total":14,"covered":14,"skipped":0,"pct":100},"statements":{"total":58,"covered":52,"skipped":0,"pct":89.65},"branches":{"total":36,"covered":26,"skipped":0,"pct":72.22}}
,"D:\\Projects\\Hackathon\\SpendWise\\SpendWise\\src\\utils\\setuConfig.ts": {"lines":{"total":4,"covered":0,"skipped":0,"pct":0},"functions":{"total":2,"covered":0,"skipped":0,"pct":0},"statements":{"total":6,"covered":0,"skipped":0,"pct":0},"branches":{"total":6,"covered":0,"skipped":0,"pct":0}}
,"D:\\Projects\\Hackathon\\SpendWise\\SpendWise\\src\\utils\\share.ts": {"lines":{"total":11,"covered":0,"skipped":0,"pct":0},"functions":{"total":3,"covered":0,"skipped":0,"pct":0},"statements":{"total":11,"covered":0,"skipped":0,"pct":0},"branches":{"total":7,"covered":0,"skipped":0,"pct":0}}
,"D:\\Projects\\Hackathon\\SpendWise\\SpendWise\\src\\utils\\taxConstants.ts": {"lines":{"total":28,"covered":0,"skipped":0,"pct":0},"functions":{"total":7,"covered":0,"skipped":0,"pct":0},"statements":{"total":30,"covered":0,"skipped":0,"pct":0},"branches":{"total":14,"covered":0,"skipped":0,"pct":0}}
,"D:\\Projects\\Hackathon\\SpendWise\\SpendWise\\src\\utils\\transactionSplits.ts": {"lines":{"total":6,"covered":0,"skipped":0,"pct":0},"functions":{"total":4,"covered":0,"skipped":0,"pct":0},"statements":{"total":8,"covered":0,"skipped":0,"pct":0},"branches":{"total":8,"covered":0,"skipped":0,"pct":0}}
,"D:\\Projects\\Hackathon\\SpendWise\\SpendWise\\src\\utils\\upiPayment.ts": {"lines":{"total":59,"covered":0,"skipped":0,"pct":0},"functions":{"total":11,"covered":0,"skipped":0,"pct":0},"statements":{"total":60,"covered":0,"skipped":0,"pct":0},"branches":{"total":63,"covered":0,"skipped":0,"pct":0}}
}
