TN:
SF:src\auth\DeviceManager.ts
FN:6,getStoredDevices
FN:15,persistDevices
FN:23,getDeviceFingerprint
FN:33,(anonymous_3)
FN:55,generateDeviceLabel
FN:77,constructor
FN:81,loadCurrentDeviceId
FN:88,(anonymous_7)
FN:99,getCurrentDeviceId
FN:104,getDeviceLabel
FN:107,(anonymous_10)
FN:111,isCurrentDeviceTrusted
FN:114,(anonymous_12)
FN:118,trustCurrentDevice
FN:121,(anonymous_14)
FN:142,revokeDevice
FN:143,(anonymous_16)
FN:147,revokeAllDevices
FN:151,listTrustedDevices
FN:155,updateLastUsed
FN:158,(anonymous_20)
FNF:21
FNH:0
FNDA:0,getStoredDevices
FNDA:0,persistDevices
FNDA:0,getDeviceFingerprint
FNDA:0,(anonymous_3)
FNDA:0,generateDeviceLabel
FNDA:0,constructor
FNDA:0,loadCurrentDeviceId
FNDA:0,(anonymous_7)
FNDA:0,getCurrentDeviceId
FNDA:0,getDeviceLabel
FNDA:0,(anonymous_10)
FNDA:0,isCurrentDeviceTrusted
FNDA:0,(anonymous_12)
FNDA:0,trustCurrentDevice
FNDA:0,(anonymous_14)
FNDA:0,revokeDevice
FNDA:0,(anonymous_16)
FNDA:0,revokeAllDevices
FNDA:0,listTrustedDevices
FNDA:0,updateLastUsed
FNDA:0,(anonymous_20)
DA:4,0
DA:7,0
DA:8,0
DA:9,0
DA:11,0
DA:16,0
DA:17,0
DA:24,0
DA:33,0
DA:34,0
DA:35,0
DA:38,0
DA:39,0
DA:41,0
DA:42,0
DA:44,0
DA:46,0
DA:47,0
DA:48,0
DA:49,0
DA:50,0
DA:52,0
DA:56,0
DA:57,0
DA:59,0
DA:60,0
DA:61,0
DA:62,0
DA:63,0
DA:64,0
DA:66,0
DA:67,0
DA:68,0
DA:69,0
DA:71,0
DA:75,0
DA:78,0
DA:82,0
DA:83,0
DA:84,0
DA:85,0
DA:87,0
DA:88,0
DA:89,0
DA:90,0
DA:91,0
DA:92,0
DA:94,0
DA:95,0
DA:96,0
DA:100,0
DA:101,0
DA:105,0
DA:106,0
DA:107,0
DA:108,0
DA:112,0
DA:113,0
DA:114,0
DA:115,0
DA:119,0
DA:120,0
DA:121,0
DA:123,0
DA:132,0
DA:133,0
DA:135,0
DA:138,0
DA:139,0
DA:143,0
DA:144,0
DA:148,0
DA:152,0
DA:156,0
DA:157,0
DA:158,0
DA:159,0
DA:160,0
DA:161,0
DA:166,0
LF:80
LH:0
BRDA:9,0,0,0
BRDA:9,0,1,0
BRDA:35,1,0,0
BRDA:35,1,1,0
BRDA:59,2,0,0
BRDA:59,2,1,0
BRDA:59,3,0,0
BRDA:59,3,1,0
BRDA:60,4,0,0
BRDA:60,4,1,0
BRDA:61,5,0,0
BRDA:61,5,1,0
BRDA:62,6,0,0
BRDA:62,6,1,0
BRDA:63,7,0,0
BRDA:63,7,1,0
BRDA:66,8,0,0
BRDA:66,8,1,0
BRDA:66,9,0,0
BRDA:66,9,1,0
BRDA:66,10,0,0
BRDA:66,10,1,0
BRDA:67,11,0,0
BRDA:67,11,1,0
BRDA:68,12,0,0
BRDA:68,12,1,0
BRDA:83,13,0,0
BRDA:83,13,1,0
BRDA:89,14,0,0
BRDA:89,14,1,0
BRDA:100,15,0,0
BRDA:100,15,1,0
BRDA:108,16,0,0
BRDA:108,16,1,0
BRDA:115,17,0,0
BRDA:115,17,1,0
BRDA:128,18,0,0
BRDA:128,18,1,0
BRDA:132,19,0,0
BRDA:132,19,1,0
BRDA:159,20,0,0
BRDA:159,20,1,0
BRF:42
BRH:0
end_of_record
TN:
SF:src\auth\MfaEngine.ts
FN:6,base32Encode
FN:26,base32Decode
FN:46,hmacSha1
FN:57,truncate
FN:68,intToBuffer
FN:75,generateTotpCode
FN:85,generateTotpSecret
FN:91,generateOtpauthUrl
FN:101,parseOtpauthUrl
FN:116,verifyTotpCode
FN:132,generateRecoveryCodes
FN:137,(anonymous_11)
FN:146,hashRecoveryCode
FN:149,(anonymous_13)
FN:153,prepareRecoveryCodesForStorage
FN:157,(anonymous_15)
FN:164,verifyRecoveryCode
FN:179,createMfaSetup
FN:197,createMfaChallenge
FN:203,verifyMfaChallenge
FN:214,getRecoveryCodeStrings
FN:215,(anonymous_21)
FN:224,setupMfaWithRecoveryCodes
FN:249,verifyRecoveryCodeForLogin
FNF:24
FNH:0
FNDA:0,base32Encode
FNDA:0,base32Decode
FNDA:0,hmacSha1
FNDA:0,truncate
FNDA:0,intToBuffer
FNDA:0,generateTotpCode
FNDA:0,generateTotpSecret
FNDA:0,generateOtpauthUrl
FNDA:0,parseOtpauthUrl
FNDA:0,verifyTotpCode
FNDA:0,generateRecoveryCodes
FNDA:0,(anonymous_11)
FNDA:0,hashRecoveryCode
FNDA:0,(anonymous_13)
FNDA:0,prepareRecoveryCodesForStorage
FNDA:0,(anonymous_15)
FNDA:0,verifyRecoveryCode
FNDA:0,createMfaSetup
FNDA:0,createMfaChallenge
FNDA:0,verifyMfaChallenge
FNDA:0,getRecoveryCodeStrings
FNDA:0,(anonymous_21)
FNDA:0,setupMfaWithRecoveryCodes
FNDA:0,verifyRecoveryCodeForLogin
DA:4,0
DA:7,0
DA:8,0
DA:9,0
DA:10,0
DA:11,0
DA:12,0
DA:13,0
DA:14,0
DA:15,0
DA:16,0
DA:19,0
DA:20,0
DA:22,0
DA:23,0
DA:27,0
DA:28,0
DA:29,0
DA:30,0
DA:31,0
DA:32,0
DA:33,0
DA:34,0
DA:35,0
DA:36,0
DA:37,0
DA:38,0
DA:41,0
DA:47,0
DA:54,0
DA:58,0
DA:59,0
DA:60,0
DA:65,0
DA:69,0
DA:70,0
DA:71,0
DA:72,0
DA:79,0
DA:80,0
DA:81,0
DA:82,0
DA:86,0
DA:87,0
DA:88,0
DA:96,0
DA:97,0
DA:98,0
DA:104,0
DA:105,0
DA:106,0
DA:107,0
DA:108,0
DA:109,0
DA:110,0
DA:112,0
DA:121,0
DA:122,0
DA:123,0
DA:124,0
DA:125,0
DA:127,0
DA:133,0
DA:134,0
DA:135,0
DA:136,0
DA:137,0
DA:141,0
DA:143,0
DA:147,0
DA:148,0
DA:149,0
DA:156,0
DA:157,0
DA:168,0
DA:169,0
DA:170,0
DA:171,0
DA:174,0
DA:183,0
DA:184,0
DA:185,0
DA:187,0
DA:198,0
DA:199,0
DA:200,0
DA:208,0
DA:209,0
DA:210,0
DA:215,0
DA:234,0
DA:235,0
DA:237,0
DA:253,0
LF:94
LH:0
BRDA:19,0,0,0
BRDA:19,0,1,0
BRDA:33,1,0,0
BRDA:33,1,1,0
BRDA:36,2,0,0
BRDA:36,2,1,0
BRDA:77,3,0,0
BRDA:106,4,0,0
BRDA:106,4,1,0
BRDA:106,5,0,0
BRDA:106,5,1,0
BRDA:107,6,0,0
BRDA:107,6,1,0
BRDA:108,7,0,0
BRDA:108,7,1,0
BRDA:119,8,0,0
BRDA:125,9,0,0
BRDA:125,9,1,0
BRDA:132,10,0,0
BRDA:170,11,0,0
BRDA:170,11,1,0
BRDA:170,12,0,0
BRDA:170,12,1,0
BRDA:208,13,0,0
BRDA:208,13,1,0
BRDA:208,14,0,0
BRDA:208,14,1,0
BRDA:208,14,2,0
BRF:28
BRH:0
end_of_record
TN:
SF:src\auth\RateLimiter.ts
FN:13,constructor
FN:17,loadState
FN:25,(anonymous_2)
FN:34,persist
FN:42,isLocked
FN:53,getRemainingLockoutMs
FN:59,recordAttempt
FN:62,(anonymous_7)
FN:72,reset
FN:77,getAttemptCount
FN:81,canAttempt
FN:92,clearAll
FNF:12
FNH:0
FNDA:0,constructor
FNDA:0,loadState
FNDA:0,(anonymous_2)
FNDA:0,persist
FNDA:0,isLocked
FNDA:0,getRemainingLockoutMs
FNDA:0,recordAttempt
FNDA:0,(anonymous_7)
FNDA:0,reset
FNDA:0,getAttemptCount
FNDA:0,canAttempt
FNDA:0,clearAll
DA:3,0
DA:5,0
DA:6,0
DA:7,0
DA:8,0
DA:14,0
DA:18,0
DA:19,0
DA:20,0
DA:21,0
DA:22,0
DA:23,0
DA:25,0
DA:26,0
DA:31,0
DA:35,0
DA:36,0
DA:43,0
DA:44,0
DA:46,0
DA:47,0
DA:48,0
DA:50,0
DA:54,0
DA:55,0
DA:56,0
DA:60,0
DA:62,0
DA:63,0
DA:65,0
DA:66,0
DA:69,0
DA:73,0
DA:74,0
DA:78,0
DA:82,0
DA:84,0
DA:85,0
DA:86,0
DA:89,0
DA:93,0
DA:94,0
DA:101,0
LF:43
LH:0
BRDA:20,0,0,0
BRDA:20,0,1,0
BRDA:22,1,0,0
BRDA:22,1,1,0
BRDA:22,2,0,0
BRDA:22,2,1,0
BRDA:43,3,0,0
BRDA:43,3,1,0
BRDA:43,4,0,0
BRDA:43,4,1,0
BRDA:46,5,0,0
BRDA:46,5,1,0
BRDA:46,6,0,0
BRDA:46,6,1,0
BRDA:54,7,0,0
BRDA:54,7,1,0
BRDA:56,8,0,0
BRDA:56,8,1,0
BRDA:65,9,0,0
BRDA:65,9,1,0
BRDA:82,10,0,0
BRDA:82,10,1,0
BRDA:85,11,0,0
BRDA:85,11,1,0
BRDA:85,12,0,0
BRDA:85,12,1,0
BRF:26
BRH:0
end_of_record
TN:
SF:src\auth\RecoveryCodesModal.tsx
FN:9,RecoveryCodesModal
FN:12,(anonymous_1)
FN:16,(anonymous_2)
FN:42,(anonymous_3)
FNF:4
FNH:0
FNDA:0,RecoveryCodesModal
FNDA:0,(anonymous_1)
FNDA:0,(anonymous_2)
FNDA:0,(anonymous_3)
DA:10,0
DA:12,0
DA:13,0
DA:14,0
DA:15,0
DA:16,0
DA:22,0
DA:43,0
LF:8
LH:0
BRDA:59,0,0,0
BRDA:59,0,1,0
BRF:2
BRH:0
end_of_record
TN:
SF:src\auth\SessionManager.ts
FN:12,constructor
FN:16,loadFromStorage
FN:33,persist
FN:43,clear
FN:52,initSession
FN:66,markMfaVerified
FN:73,getSession
FN:82,getAccessToken
FN:86,getRefreshToken
FN:90,isSessionExpired
FN:95,needsRefresh
FN:100,isMfaVerified
FN:104,rotateTokens
FN:126,startRefreshTimer
FN:128,(anonymous_14)
FN:135,stopRefreshTimer
FN:143,onRefreshNeeded
FN:145,(anonymous_17)
FN:146,(anonymous_18)
FN:150,emitRefreshNeeded
FN:156,destroy
FN:161,getSessionDuration
FN:166,getSessionTTL
FNF:23
FNH:0
FNDA:0,constructor
FNDA:0,loadFromStorage
FNDA:0,persist
FNDA:0,clear
FNDA:0,initSession
FNDA:0,markMfaVerified
FNDA:0,getSession
FNDA:0,getAccessToken
FNDA:0,getRefreshToken
FNDA:0,isSessionExpired
FNDA:0,needsRefresh
FNDA:0,isMfaVerified
FNDA:0,rotateTokens
FNDA:0,startRefreshTimer
FNDA:0,(anonymous_14)
FNDA:0,stopRefreshTimer
FNDA:0,onRefreshNeeded
FNDA:0,(anonymous_17)
FNDA:0,(anonymous_18)
FNDA:0,emitRefreshNeeded
FNDA:0,destroy
FNDA:0,getSessionDuration
FNDA:0,getSessionTTL
DA:4,0
DA:5,0
DA:6,0
DA:9,0
DA:10,0
DA:13,0
DA:17,0
DA:18,0
DA:19,0
DA:20,0
DA:21,0
DA:22,0
DA:23,0
DA:25,0
DA:28,0
DA:30,0
DA:34,0
DA:35,0
DA:36,0
DA:44,0
DA:45,0
DA:46,0
DA:53,0
DA:60,0
DA:61,0
DA:62,0
DA:63,0
DA:67,0
DA:68,0
DA:69,0
DA:74,0
DA:75,0
DA:76,0
DA:77,0
DA:79,0
DA:83,0
DA:87,0
DA:91,0
DA:92,0
DA:96,0
DA:97,0
DA:101,0
DA:107,0
DA:108,0
DA:110,0
DA:111,0
DA:112,0
DA:113,0
DA:116,0
DA:122,0
DA:123,0
DA:127,0
DA:128,0
DA:129,0
DA:130,0
DA:136,0
DA:137,0
DA:138,0
DA:142,0
DA:144,0
DA:145,0
DA:146,0
DA:151,0
DA:152,0
DA:157,0
DA:158,0
DA:162,0
DA:163,0
DA:167,0
DA:171,0
LF:70
LH:0
BRDA:19,0,0,0
BRDA:19,0,1,0
BRDA:21,1,0,0
BRDA:21,1,1,0
BRDA:34,2,0,0
BRDA:34,2,1,0
BRDA:67,3,0,0
BRDA:67,3,1,0
BRDA:74,4,0,0
BRDA:74,4,1,0
BRDA:75,5,0,0
BRDA:75,5,1,0
BRDA:83,6,0,0
BRDA:83,6,1,0
BRDA:87,7,0,0
BRDA:87,7,1,0
BRDA:91,8,0,0
BRDA:91,8,1,0
BRDA:96,9,0,0
BRDA:96,9,1,0
BRDA:101,10,0,0
BRDA:101,10,1,0
BRDA:108,11,0,0
BRDA:108,11,1,0
BRDA:111,12,0,0
BRDA:111,12,1,0
BRDA:129,13,0,0
BRDA:129,13,1,0
BRDA:136,14,0,0
BRDA:136,14,1,0
BRDA:162,15,0,0
BRDA:162,15,1,0
BRF:32
BRH:0
end_of_record
TN:
SF:src\auth\index.ts
FNF:0
FNH:0
LF:0
LH:0
BRF:0
BRH:0
end_of_record
TN:
SF:src\auth\types.ts
FNF:0
FNH:0
LF:0
LH:0
BRF:0
BRH:0
end_of_record
TN:
SF:src\core\crdt.ts
FN:79,mergeSharedStorage
FN:85,(anonymous_1)
FN:88,(anonymous_2)
FN:90,(anonymous_3)
FN:92,(anonymous_4)
FNF:5
FNH:5
FNDA:6,mergeSharedStorage
FNDA:30,(anonymous_1)
FNDA:8,(anonymous_2)
FNDA:3,(anonymous_3)
FNDA:10,(anonymous_4)
DA:80,6
DA:83,6
DA:85,6
DA:86,30
DA:88,30
DA:90,30
DA:92,30
DA:95,6
LF:8
LH:8
BRDA:81,0,0,6
BRDA:81,0,1,0
BRDA:81,1,0,6
BRDA:81,1,1,0
BRF:4
BRH:2
end_of_record
TN:
SF:src\core\api\OCRService.ts
FN:13,(anonymous_0)
FN:88,(anonymous_1)
FN:89,(anonymous_2)
FN:116,(anonymous_3)
FN:181,fileToBase64
FN:182,(anonymous_5)
FN:184,(anonymous_6)
FN:189,(anonymous_7)
FNF:8
FNH:0
FNDA:0,(anonymous_0)
FNDA:0,(anonymous_1)
FNDA:0,(anonymous_2)
FNDA:0,(anonymous_3)
FNDA:0,fileToBase64
FNDA:0,(anonymous_5)
FNDA:0,(anonymous_6)
FNDA:0,(anonymous_7)
DA:13,0
DA:14,0
DA:16,0
DA:17,0
DA:19,0
DA:40,0
DA:46,0
DA:47,0
DA:50,0
DA:52,0
DA:53,0
DA:54,0
DA:56,0
DA:64,0
DA:65,0
DA:66,0
DA:74,0
DA:78,0
DA:79,0
DA:80,0
DA:83,0
DA:84,0
DA:86,0
DA:88,0
DA:89,0
DA:90,0
DA:93,0
DA:94,0
DA:95,0
DA:97,0
DA:98,0
DA:99,0
DA:100,0
DA:101,0
DA:102,0
DA:103,0
DA:104,0
DA:105,0
DA:110,0
DA:111,0
DA:112,0
DA:113,0
DA:114,0
DA:115,0
DA:116,0
DA:119,0
DA:123,0
DA:125,0
DA:126,0
DA:127,0
DA:128,0
DA:129,0
DA:130,0
DA:131,0
DA:137,0
DA:140,0
DA:141,0
DA:142,0
DA:143,0
DA:145,0
DA:150,0
DA:151,0
DA:152,0
DA:157,0
DA:159,0
DA:161,0
DA:163,0
DA:164,0
DA:165,0
DA:167,0
DA:175,0
DA:182,0
DA:183,0
DA:184,0
DA:185,0
DA:186,0
DA:187,0
DA:189,0
DA:190,0
LF:79
LH:0
BRDA:40,0,0,0
BRDA:40,0,1,0
BRDA:41,1,0,0
BRDA:41,1,1,0
BRDA:41,1,2,0
BRDA:41,1,3,0
BRDA:57,2,0,0
BRDA:57,2,1,0
BRDA:58,3,0,0
BRDA:58,3,1,0
BRDA:59,4,0,0
BRDA:59,4,1,0
BRDA:60,5,0,0
BRDA:60,5,1,0
BRDA:61,6,0,0
BRDA:61,6,1,0
BRDA:68,7,0,0
BRDA:68,7,1,0
BRDA:100,8,0,0
BRDA:100,8,1,0
BRDA:102,9,0,0
BRDA:102,9,1,0
BRDA:102,10,0,0
BRDA:102,10,1,0
BRDA:103,11,0,0
BRDA:103,11,1,0
BRDA:104,12,0,0
BRDA:104,12,1,0
BRDA:104,13,0,0
BRDA:104,13,1,0
BRDA:105,14,0,0
BRDA:105,14,1,0
BRDA:110,15,0,0
BRDA:110,15,1,0
BRDA:111,16,0,0
BRDA:111,16,1,0
BRDA:115,17,0,0
BRDA:115,17,1,0
BRDA:119,18,0,0
BRDA:119,18,1,0
BRDA:127,19,0,0
BRDA:127,19,1,0
BRDA:127,20,0,0
BRDA:127,20,1,0
BRDA:127,20,2,0
BRDA:129,21,0,0
BRDA:129,21,1,0
BRDA:141,22,0,0
BRDA:141,22,1,0
BRDA:145,23,0,0
BRDA:145,23,1,0
BRDA:152,24,0,0
BRDA:152,24,1,0
BRDA:157,25,0,0
BRDA:157,25,1,0
BRDA:159,26,0,0
BRDA:159,26,1,0
BRDA:161,27,0,0
BRDA:161,27,1,0
BRDA:163,28,0,0
BRDA:163,28,1,0
BRDA:164,29,0,0
BRDA:164,29,1,0
BRF:63
BRH:0
end_of_record
TN:
SF:src\core\api\VoiceService.ts
FN:14,(anonymous_0)
FN:60,(anonymous_1)
FNF:2
FNH:0
FNDA:0,(anonymous_0)
FNDA:0,(anonymous_1)
DA:14,0
DA:18,0
DA:42,0
DA:44,0
DA:45,0
DA:46,0
DA:55,0
DA:56,0
DA:60,0
DA:64,0
DA:109,0
DA:111,0
DA:112,0
DA:113,0
DA:115,0
DA:116,0
LF:16
LH:0
BRDA:47,0,0,0
BRDA:47,0,1,0
BRDA:48,1,0,0
BRDA:48,1,1,0
BRDA:49,2,0,0
BRDA:49,2,1,0
BRDA:50,3,0,0
BRDA:50,3,1,0
BRDA:51,4,0,0
BRDA:51,4,1,0
BRF:10
BRH:0
end_of_record
TN:
SF:src\core\api\client.ts
FN:26,isRetryable
FN:30,isNetworkError
FN:43,constructor
FN:50,setBaseUrl
FN:54,setDefaultHeader
FN:58,buildUrl
FN:63,request
FN:87,(anonymous_7)
FN:111,(anonymous_8)
FN:128,(anonymous_9)
FN:136,(anonymous_10)
FN:137,(anonymous_11)
FN:177,get
FN:181,post
FN:193,put
FN:205,patch
FN:217,delete
FN:221,delay
FN:222,(anonymous_18)
FN:226,createClient
FNF:20
FNH:0
FNDA:0,isRetryable
FNDA:0,isNetworkError
FNDA:0,constructor
FNDA:0,setBaseUrl
FNDA:0,setDefaultHeader
FNDA:0,buildUrl
FNDA:0,request
FNDA:0,(anonymous_7)
FNDA:0,(anonymous_8)
FNDA:0,(anonymous_9)
FNDA:0,(anonymous_10)
FNDA:0,(anonymous_11)
FNDA:0,get
FNDA:0,post
FNDA:0,put
FNDA:0,patch
FNDA:0,delete
FNDA:0,delay
FNDA:0,(anonymous_18)
FNDA:0,createClient
DA:22,0
DA:23,0
DA:24,0
DA:27,0
DA:31,0
DA:32,0
DA:33,0
DA:34,0
DA:44,0
DA:45,0
DA:46,0
DA:47,0
DA:51,0
DA:55,0
DA:59,0
DA:60,0
DA:64,0
DA:65,0
DA:72,0
DA:73,0
DA:74,0
DA:76,0
DA:82,0
DA:84,0
DA:85,0
DA:86,0
DA:87,0
DA:89,0
DA:94,0
DA:100,0
DA:101,0
DA:104,0
DA:105,0
DA:107,0
DA:108,0
DA:110,0
DA:111,0
DA:112,0
DA:113,0
DA:115,0
DA:120,0
DA:121,0
DA:122,0
DA:125,0
DA:128,0
DA:130,0
DA:131,0
DA:132,0
DA:133,0
DA:136,0
DA:137,0
DA:143,0
DA:146,0
DA:148,0
DA:149,0
DA:150,0
DA:157,0
DA:158,0
DA:160,0
DA:163,0
DA:164,0
DA:165,0
DA:166,0
DA:169,0
DA:170,0
DA:174,0
DA:178,0
DA:187,0
DA:199,0
DA:211,0
DA:218,0
DA:222,0
DA:227,0
LF:73
LH:0
BRDA:27,0,0,0
BRDA:27,0,1,0
BRDA:31,1,0,0
BRDA:31,1,1,0
BRDA:31,2,0,0
BRDA:31,2,1,0
BRDA:32,3,0,0
BRDA:32,3,1,0
BRDA:32,4,0,0
BRDA:32,4,1,0
BRDA:33,5,0,0
BRDA:33,5,1,0
BRDA:33,6,0,0
BRDA:33,6,1,0
BRDA:43,7,0,0
BRDA:44,8,0,0
BRDA:44,8,1,0
BRDA:45,9,0,0
BRDA:45,9,1,0
BRDA:46,10,0,0
BRDA:46,10,1,0
BRDA:47,11,0,0
BRDA:47,11,1,0
BRDA:59,12,0,0
BRDA:59,12,1,0
BRDA:59,13,0,0
BRDA:59,13,1,0
BRDA:64,14,0,0
BRDA:64,14,1,0
BRDA:72,15,0,0
BRDA:72,15,1,0
BRDA:73,16,0,0
BRDA:73,16,1,0
BRDA:100,17,0,0
BRDA:100,17,1,0
BRDA:100,18,0,0
BRDA:100,18,1,0
BRDA:110,19,0,0
BRDA:110,19,1,0
BRDA:120,20,0,0
BRDA:120,20,1,0
BRDA:120,21,0,0
BRDA:120,21,1,0
BRDA:121,22,0,0
BRDA:121,22,1,0
BRDA:130,23,0,0
BRDA:130,23,1,0
BRDA:132,24,0,0
BRDA:132,24,1,0
BRDA:148,25,0,0
BRDA:148,25,1,0
BRDA:149,26,0,0
BRDA:149,26,1,0
BRDA:149,27,0,0
BRDA:149,27,1,0
BRDA:157,28,0,0
BRDA:157,28,1,0
BRDA:163,29,0,0
BRDA:163,29,1,0
BRDA:163,30,0,0
BRDA:163,30,1,0
BRDA:165,31,0,0
BRDA:165,31,1,0
BRF:63
BRH:0
end_of_record
TN:
SF:src\core\api\errors.ts
FN:29,constructor
FN:39,normalizeError
FN:54,(anonymous_2)
FN:55,(anonymous_3)
FN:98,normalizeHttpError
FN:123,parseErrorBody
FN:142,throwNormalized
FNF:7
FNH:2
FNDA:1,constructor
FNDA:3,normalizeError
FNDA:0,(anonymous_2)
FNDA:0,(anonymous_3)
FNDA:0,normalizeHttpError
FNDA:0,parseErrorBody
FNDA:0,throwNormalized
DA:30,1
DA:31,1
DA:32,1
DA:33,1
DA:34,1
DA:35,1
DA:40,3
DA:41,0
DA:50,3
DA:51,0
DA:54,0
DA:55,0
DA:62,3
DA:63,0
DA:66,3
DA:67,0
DA:74,3
DA:75,0
DA:78,3
DA:79,1
DA:80,1
DA:81,0
DA:83,1
DA:84,0
DA:86,1
DA:87,0
DA:89,1
DA:90,0
DA:92,1
DA:95,2
DA:99,0
DA:111,0
DA:112,0
DA:114,0
DA:124,0
DA:125,0
DA:127,0
DA:133,0
DA:135,0
DA:136,0
DA:138,0
DA:143,0
DA:144,0
LF:43
LH:19
BRDA:40,0,0,0
BRDA:40,0,1,3
BRDA:50,1,0,0
BRDA:50,1,1,3
BRDA:62,2,0,0
BRDA:62,2,1,3
BRDA:62,3,0,3
BRDA:62,3,1,0
BRDA:66,4,0,0
BRDA:66,4,1,3
BRDA:66,5,0,3
BRDA:66,5,1,0
BRDA:74,6,0,0
BRDA:74,6,1,3
BRDA:74,7,0,3
BRDA:74,7,1,0
BRDA:78,8,0,1
BRDA:78,8,1,2
BRDA:80,9,0,0
BRDA:80,9,1,1
BRDA:80,10,0,1
BRDA:80,10,1,1
BRDA:80,10,2,1
BRDA:83,11,0,0
BRDA:83,11,1,1
BRDA:83,12,0,1
BRDA:83,12,1,1
BRDA:83,12,2,1
BRDA:86,13,0,0
BRDA:86,13,1,1
BRDA:86,14,0,1
BRDA:86,14,1,1
BRDA:89,15,0,0
BRDA:89,15,1,1
BRDA:89,16,0,1
BRDA:89,16,1,1
BRDA:112,17,0,0
BRDA:112,17,1,0
BRDA:119,18,0,0
BRDA:119,18,1,0
BRDA:127,19,0,0
BRDA:127,19,1,0
BRDA:127,19,2,0
BRDA:127,19,3,0
BRDA:127,19,4,0
BRDA:127,19,5,0
BRDA:135,20,0,0
BRDA:135,20,1,0
BRDA:138,21,0,0
BRDA:138,21,1,0
BRF:50
BRH:24
end_of_record
TN:
SF:src\core\api\gemini.ts
FN:16,callGemini
FN:25,(anonymous_1)
FN:62,(anonymous_2)
FN:77,(anonymous_3)
FN:97,streamGemini
FN:124,(anonymous_5)
FNF:6
FNH:1
FNDA:5,callGemini
FNDA:0,(anonymous_1)
FNDA:0,(anonymous_2)
FNDA:0,(anonymous_3)
FNDA:0,streamGemini
FNDA:0,(anonymous_5)
DA:17,5
DA:19,5
DA:20,0
DA:21,0
DA:22,0
DA:24,0
DA:25,0
DA:27,0
DA:28,0
DA:38,0
DA:40,0
DA:41,0
DA:42,0
DA:47,0
DA:49,0
DA:50,0
DA:54,0
DA:58,5
DA:59,0
DA:61,0
DA:62,0
DA:64,0
DA:65,0
DA:74,0
DA:76,0
DA:77,0
DA:78,0
DA:81,0
DA:83,0
DA:84,0
DA:88,5
DA:98,0
DA:101,0
DA:102,0
DA:103,0
DA:104,0
DA:105,0
DA:106,0
DA:108,0
DA:112,0
DA:113,0
DA:116,0
DA:117,0
DA:123,0
DA:124,0
DA:125,0
DA:128,0
DA:129,0
DA:130,0
DA:132,0
DA:133,0
DA:134,0
DA:136,0
DA:139,0
DA:140,0
DA:142,0
DA:143,0
DA:144,0
DA:145,0
DA:146,0
DA:147,0
DA:148,0
DA:149,0
DA:150,0
LF:64
LH:4
BRDA:19,0,0,0
BRDA:19,0,1,5
BRDA:22,1,0,0
BRDA:22,1,1,0
BRDA:40,2,0,0
BRDA:40,2,1,0
BRDA:43,3,0,0
BRDA:43,3,1,0
BRDA:54,4,0,0
BRDA:54,4,1,0
BRDA:58,5,0,0
BRDA:58,5,1,5
BRDA:76,6,0,0
BRDA:76,6,1,0
BRDA:78,7,0,0
BRDA:78,7,1,0
BRDA:101,8,0,0
BRDA:101,8,1,0
BRDA:104,9,0,0
BRDA:104,9,1,0
BRDA:108,10,0,0
BRDA:108,10,1,0
BRDA:112,11,0,0
BRDA:112,11,1,0
BRDA:123,12,0,0
BRDA:123,12,1,0
BRDA:123,13,0,0
BRDA:123,13,1,0
BRDA:125,14,0,0
BRDA:125,14,1,0
BRDA:134,15,0,0
BRDA:134,15,1,0
BRDA:140,16,0,0
BRDA:140,16,1,0
BRDA:144,17,0,0
BRDA:144,17,1,0
BRDA:146,18,0,0
BRDA:146,18,1,0
BRDA:150,19,0,0
BRDA:150,19,1,0
BRF:40
BRH:2
end_of_record
TN:
SF:src\core\api\supabase.ts
FN:53,supabaseRequest
FN:72,(anonymous_1)
FN:75,(anonymous_2)
FN:86,signUpWithEmail
FN:98,signInWithEmail
FN:110,sendOtpToPhone
FN:122,(anonymous_6)
FN:127,verifyPhoneOtp
FN:143,(anonymous_8)
FN:148,signOut
FN:163,pushTransactions
FN:170,(anonymous_11)
FN:199,pullTransactions
FN:210,(anonymous_13)
FN:234,pushGamification
FN:257,pullGamification
FN:275,createMfaChallenge
FN:279,verifyMfaChallenge
FN:301,syncAll
FN:312,(anonymous_19)
FN:313,(anonymous_20)
FNF:21
FNH:0
FNDA:0,supabaseRequest
FNDA:0,(anonymous_1)
FNDA:0,(anonymous_2)
FNDA:0,signUpWithEmail
FNDA:0,signInWithEmail
FNDA:0,sendOtpToPhone
FNDA:0,(anonymous_6)
FNDA:0,verifyPhoneOtp
FNDA:0,(anonymous_8)
FNDA:0,signOut
FNDA:0,pushTransactions
FNDA:0,(anonymous_11)
FNDA:0,pullTransactions
FNDA:0,(anonymous_13)
FNDA:0,pushGamification
FNDA:0,pullGamification
FNDA:0,createMfaChallenge
FNDA:0,verifyMfaChallenge
FNDA:0,syncAll
FNDA:0,(anonymous_19)
FNDA:0,(anonymous_20)
DA:47,2
DA:48,2
DA:50,2
DA:58,0
DA:60,0
DA:71,0
DA:72,0
DA:73,0
DA:75,0
DA:87,0
DA:88,0
DA:93,0
DA:94,0
DA:95,0
DA:99,0
DA:100,0
DA:105,0
DA:106,0
DA:107,0
DA:111,0
DA:112,0
DA:121,0
DA:122,0
DA:123,0
DA:132,0
DA:133,0
DA:142,0
DA:143,0
DA:144,0
DA:149,0
DA:150,0
DA:168,0
DA:170,0
DA:185,0
DA:186,0
DA:204,0
DA:206,0
DA:207,0
DA:209,0
DA:210,0
DA:239,0
DA:240,0
DA:261,0
DA:263,0
DA:264,0
DA:265,0
DA:276,0
DA:284,0
DA:308,0
DA:311,0
DA:312,0
DA:313,0
DA:315,0
LF:53
LH:3
BRDA:50,0,0,2
BRDA:50,0,1,0
BRDA:55,1,0,0
BRDA:58,2,0,0
BRDA:58,2,1,0
BRDA:65,3,0,0
BRDA:65,3,1,0
BRDA:71,4,0,0
BRDA:71,4,1,0
BRDA:73,5,0,0
BRDA:73,5,1,0
BRDA:87,6,0,0
BRDA:87,6,1,0
BRDA:94,7,0,0
BRDA:94,7,1,0
BRDA:94,8,0,0
BRDA:94,8,1,0
BRDA:94,8,2,0
BRDA:99,9,0,0
BRDA:99,9,1,0
BRDA:106,10,0,0
BRDA:106,10,1,0
BRDA:106,11,0,0
BRDA:106,11,1,0
BRDA:106,11,2,0
BRDA:111,12,0,0
BRDA:111,12,1,0
BRDA:121,13,0,0
BRDA:121,13,1,0
BRDA:123,14,0,0
BRDA:123,14,1,0
BRDA:132,15,0,0
BRDA:132,15,1,0
BRDA:142,16,0,0
BRDA:142,16,1,0
BRDA:144,17,0,0
BRDA:144,17,1,0
BRDA:149,18,0,0
BRDA:149,18,1,0
BRDA:168,19,0,0
BRDA:168,19,1,0
BRDA:168,20,0,0
BRDA:168,20,1,0
BRDA:178,21,0,0
BRDA:178,21,1,0
BRDA:179,22,0,0
BRDA:179,22,1,0
BRDA:180,23,0,0
BRDA:180,23,1,0
BRDA:181,24,0,0
BRDA:181,24,1,0
BRDA:204,25,0,0
BRDA:204,25,1,0
BRDA:207,26,0,0
BRDA:207,26,1,0
BRDA:209,27,0,0
BRDA:209,27,1,0
BRDA:217,28,0,0
BRDA:217,28,1,0
BRDA:218,29,0,0
BRDA:218,29,1,0
BRDA:219,30,0,0
BRDA:219,30,1,0
BRDA:220,31,0,0
BRDA:220,31,1,0
BRDA:239,32,0,0
BRDA:239,32,1,0
BRDA:261,33,0,0
BRDA:261,33,1,0
BRDA:263,34,0,0
BRDA:263,34,1,0
BRDA:264,35,0,0
BRDA:264,35,1,0
BRF:73
BRH:1
end_of_record
TN:
SF:src\core\api\validation.ts
FN:9,(anonymous_0)
FNF:1
FNH:0
FNDA:0,(anonymous_0)
DA:5,0
DA:9,0
DA:11,0
DA:13,0
DA:18,0
DA:23,0
DA:25,0
DA:29,0
DA:35,0
DA:41,0
DA:42,0
DA:44,0
DA:61,0
DA:65,0
DA:78,0
DA:82,0
DA:87,0
DA:94,0
DA:114,0
DA:120,0
DA:125,0
DA:130,0
DA:138,0
DA:142,0
DA:153,0
DA:164,0
DA:175,0
DA:185,0
DA:193,0
DA:202,0
DA:204,0
DA:211,0
LF:32
LH:0
BRF:0
BRH:0
end_of_record
TN:
SF:src\core\reliability\conflictResolution.ts
FN:16,resolveTransactionConflict
FN:51,resolveTransactionBatch
FN:56,(anonymous_2)
FN:57,(anonymous_3)
FN:107,getStoredConflicts
FN:115,setStoredConflicts
FN:121,clearStoredConflicts
FNF:7
FNH:0
FNDA:0,resolveTransactionConflict
FNDA:0,resolveTransactionBatch
FNDA:0,(anonymous_2)
FNDA:0,(anonymous_3)
FNDA:0,getStoredConflicts
FNDA:0,setStoredConflicts
FNDA:0,clearStoredConflicts
DA:23,0
DA:25,0
DA:26,0
DA:28,0
DA:29,0
DA:32,0
DA:33,0
DA:34,0
DA:35,0
DA:39,0
DA:48,0
DA:56,0
DA:57,0
DA:58,0
DA:60,0
DA:61,0
DA:63,0
DA:64,0
DA:65,0
DA:67,0
DA:68,0
DA:69,0
DA:70,0
DA:72,0
DA:73,0
DA:74,0
DA:75,0
DA:76,0
DA:82,0
DA:83,0
DA:84,0
DA:85,0
DA:89,0
DA:90,0
DA:91,0
DA:92,0
DA:93,0
DA:95,0
DA:104,0
DA:108,0
DA:109,0
DA:111,0
DA:116,0
DA:117,0
DA:122,0
LF:45
LH:0
BRDA:19,0,0,0
BRDA:23,1,0,0
BRDA:23,1,1,0
BRDA:23,1,2,0
BRDA:23,1,3,0
BRDA:32,2,0,0
BRDA:32,2,1,0
BRDA:33,3,0,0
BRDA:33,3,1,0
BRDA:34,4,0,0
BRDA:34,4,1,0
BRDA:54,5,0,0
BRDA:67,6,0,0
BRDA:67,6,1,0
BRDA:67,7,0,0
BRDA:67,7,1,0
BRDA:68,8,0,0
BRDA:68,8,1,0
BRDA:75,9,0,0
BRDA:75,9,1,0
BRDA:82,10,0,0
BRDA:82,10,1,0
BRDA:84,11,0,0
BRDA:84,11,1,0
BRDA:89,12,0,0
BRDA:89,12,1,0
BRDA:92,13,0,0
BRDA:92,13,1,0
BRDA:109,14,0,0
BRDA:109,14,1,0
BRF:30
BRH:0
end_of_record
TN:
SF:src\core\reliability\crashRecovery.ts
FN:16,getCrashInfo
FN:30,recordCrash
FN:51,clearCrashCount
FN:58,isInRecoveryMode
FN:63,getRecoveryAction
FN:71,performRecovery
FN:96,(anonymous_6)
FN:107,registerCrashRecovery
FN:109,(anonymous_8)
FN:116,(anonymous_9)
FNF:10
FNH:5
FNDA:27,getCrashInfo
FNDA:15,recordCrash
FNDA:1,clearCrashCount
FNDA:3,isInRecoveryMode
FNDA:3,getRecoveryAction
FNDA:0,performRecovery
FNDA:0,(anonymous_6)
FNDA:0,registerCrashRecovery
FNDA:0,(anonymous_8)
FNDA:0,(anonymous_9)
DA:4,1
DA:5,1
DA:6,1
DA:7,1
DA:17,27
DA:18,27
DA:19,27
DA:20,27
DA:21,27
DA:24,27
DA:25,27
DA:27,27
DA:31,15
DA:32,15
DA:33,15
DA:34,15
DA:35,15
DA:37,15
DA:38,15
DA:40,15
DA:45,15
DA:46,5
DA:52,1
DA:53,1
DA:54,1
DA:59,3
DA:60,3
DA:64,3
DA:65,3
DA:66,2
DA:67,1
DA:68,0
DA:72,0
DA:73,0
DA:75,0
DA:77,0
DA:79,0
DA:80,0
DA:81,0
DA:83,0
DA:84,0
DA:85,0
DA:86,0
DA:89,0
DA:90,0
DA:91,0
DA:92,0
DA:94,0
DA:95,0
DA:96,0
DA:98,0
DA:99,0
DA:100,0
DA:102,0
DA:104,0
DA:108,0
DA:109,0
DA:110,0
DA:111,0
DA:112,0
DA:115,0
DA:116,0
DA:117,0
DA:118,0
LF:64
LH:31
BRDA:20,0,0,27
BRDA:20,0,1,9
BRDA:21,1,0,27
BRDA:21,1,1,9
BRDA:25,2,0,27
BRDA:25,2,1,17
BRDA:35,3,0,9
BRDA:35,3,1,6
BRDA:45,4,0,5
BRDA:45,4,1,10
BRDA:45,5,0,15
BRDA:45,5,1,5
BRDA:65,6,0,1
BRDA:65,6,1,2
BRDA:66,7,0,1
BRDA:66,7,1,1
BRDA:67,8,0,1
BRDA:67,8,1,0
BRDA:77,9,0,0
BRDA:77,9,1,0
BRDA:77,9,2,0
BRDA:77,9,3,0
BRDA:86,10,0,0
BRDA:86,10,1,0
BRDA:94,11,0,0
BRDA:94,11,1,0
BRDA:111,12,0,0
BRDA:111,12,1,0
BRDA:115,13,0,0
BRDA:115,13,1,0
BRDA:117,14,0,0
BRDA:117,14,1,0
BRF:32
BRH:17
end_of_record
TN:
SF:src\core\reliability\index.ts
FNF:0
FNH:0
LF:0
LH:0
BRF:0
BRH:0
end_of_record
TN:
SF:src\core\reliability\offlineQueue.ts
FN:25,(anonymous_0)
FN:31,enqueue
FN:53,dequeue
FN:57,peekQueue
FN:59,(anonymous_4)
FN:66,(anonymous_5)
FN:70,processQueue
FN:80,(anonymous_7)
FN:116,queueSize
FN:118,(anonymous_9)
FN:124,clearQueue
FN:126,(anonymous_11)
FN:131,(anonymous_12)
FNF:13
FNH:0
FNDA:0,(anonymous_0)
FNDA:0,enqueue
FNDA:0,dequeue
FNDA:0,peekQueue
FNDA:0,(anonymous_4)
FNDA:0,(anonymous_5)
FNDA:0,processQueue
FNDA:0,(anonymous_7)
FNDA:0,queueSize
FNDA:0,(anonymous_9)
FNDA:0,clearQueue
FNDA:0,(anonymous_11)
FNDA:0,(anonymous_12)
DA:20,0
DA:26,0
DA:27,0
DA:34,0
DA:35,0
DA:42,0
DA:43,0
DA:50,0
DA:54,0
DA:58,0
DA:59,0
DA:60,0
DA:61,0
DA:62,0
DA:66,0
DA:67,0
DA:73,0
DA:74,0
DA:75,0
DA:77,0
DA:78,0
DA:79,0
DA:80,0
DA:84,0
DA:85,0
DA:87,0
DA:88,0
DA:89,0
DA:90,0
DA:91,0
DA:95,0
DA:102,0
DA:104,0
DA:109,0
DA:110,0
DA:113,0
DA:117,0
DA:118,0
DA:119,0
DA:121,0
DA:125,0
DA:126,0
DA:127,0
DA:128,0
DA:131,0
DA:132,0
LF:46
LH:0
BRDA:26,0,0,0
BRDA:26,0,1,0
BRDA:60,1,0,0
BRDA:60,1,1,0
BRDA:78,2,0,0
BRDA:78,2,1,0
BRDA:89,3,0,0
BRDA:89,3,1,0
BRDA:90,4,0,0
BRDA:90,4,1,0
BRDA:109,5,0,0
BRDA:109,5,1,0
BRDA:109,6,0,0
BRDA:109,6,1,0
BRDA:119,7,0,0
BRDA:119,7,1,0
BRDA:127,8,0,0
BRDA:127,8,1,0
BRF:18
BRH:0
end_of_record
TN:
SF:src\core\reliability\retry.ts
FN:17,(anonymous_0)
FN:18,(anonymous_1)
FN:21,calculateBackoff
FN:33,withRetry
FN:52,(anonymous_4)
FN:59,isTransientError
FN:87,isOfflineError
FN:95,clearApiTimings
FNF:8
FNH:7
FNDA:3,(anonymous_0)
FNDA:6,(anonymous_1)
FNDA:110,calculateBackoff
FNDA:5,withRetry
FNDA:5,(anonymous_4)
FNDA:8,isTransientError
FNDA:4,isOfflineError
FNDA:0,clearApiTimings
DA:12,1
DA:18,6
DA:27,110
DA:28,110
DA:29,100
DA:30,100
DA:34,5
DA:37,5
DA:38,10
DA:39,10
DA:41,7
DA:42,7
DA:43,7
DA:44,2
DA:46,5
DA:47,5
DA:48,5
DA:52,5
DA:56,5
DA:60,8
DA:66,1
DA:68,7
DA:70,6
DA:71,5
DA:74,1
DA:75,0
DA:76,0
DA:79,1
DA:80,0
DA:81,0
DA:84,1
DA:88,4
DA:89,3
DA:90,2
DA:92,1
DA:96,0
DA:97,0
LF:37
LH:31
BRDA:28,0,0,10
BRDA:28,0,1,100
BRDA:43,1,0,2
BRDA:43,1,1,5
BRDA:43,2,0,7
BRDA:43,2,1,6
BRDA:60,3,0,1
BRDA:60,3,1,7
BRDA:61,4,0,8
BRDA:61,4,1,1
BRDA:61,4,2,0
BRDA:61,4,3,0
BRDA:68,5,0,1
BRDA:68,5,1,6
BRDA:68,6,0,7
BRDA:68,6,1,1
BRDA:70,7,0,5
BRDA:70,7,1,1
BRDA:70,8,0,6
BRDA:70,8,1,6
BRDA:70,8,2,6
BRDA:74,9,0,0
BRDA:74,9,1,1
BRDA:74,10,0,1
BRDA:74,10,1,1
BRDA:74,10,2,1
BRDA:79,11,0,0
BRDA:79,11,1,1
BRDA:79,12,0,1
BRDA:79,12,1,1
BRDA:79,12,2,1
BRDA:81,13,0,0
BRDA:81,13,1,0
BRDA:88,14,0,1
BRDA:88,14,1,3
BRDA:88,15,0,4
BRDA:88,15,1,1
BRDA:89,16,0,2
BRDA:89,16,1,1
BRDA:89,17,0,3
BRDA:89,17,1,3
BRDA:89,17,2,3
BRF:42
BRH:36
end_of_record
TN:
SF:src\features\ai\parsers\common.ts
FN:484,inferCategory
FN:521,inferType
FN:536,(anonymous_2)
FN:541,toTitleCase
FN:542,(anonymous_4)
FNF:5
FNH:5
FNDA:25,inferCategory
FNDA:7,inferType
FNDA:52,(anonymous_2)
FNDA:4,toTitleCase
FNDA:5,(anonymous_4)
DA:3,1
DA:17,1
DA:463,1
DA:469,1
DA:475,1
DA:480,1
DA:485,25
DA:488,25
DA:489,73
DA:493,24
DA:494,71
DA:498,23
DA:499,42
DA:503,19
DA:504,19
DA:508,15
DA:509,1936
DA:513,0
DA:516,0
DA:518,0
DA:522,7
DA:523,7
DA:536,52
DA:537,4
DA:538,4
DA:542,5
LF:26
LH:23
BRDA:489,0,0,1
BRDA:489,0,1,72
BRDA:494,1,0,1
BRDA:494,1,1,70
BRDA:499,2,0,4
BRDA:499,2,1,38
BRDA:504,3,0,4
BRDA:504,3,1,15
BRDA:509,4,0,15
BRDA:509,4,1,1921
BRDA:516,5,0,0
BRDA:516,5,1,0
BRDA:536,6,0,3
BRDA:536,6,1,4
BRDA:537,7,0,0
BRDA:537,7,1,4
BRDA:537,8,0,4
BRDA:537,8,1,0
BRF:18
BRH:14
end_of_record
TN:
SF:src\features\ai\parsers\nlp.ts
FN:18,processNaturalLanguageExpense
FN:54,(anonymous_1)
FN:67,(anonymous_2)
FN:68,(anonymous_3)
FN:75,(anonymous_4)
FN:77,(anonymous_5)
FN:78,(anonymous_6)
FN:81,(anonymous_7)
FN:102,(anonymous_8)
FN:238,(anonymous_9)
FNF:10
FNH:9
FNDA:46,processNaturalLanguageExpense
FNDA:0,(anonymous_1)
FNDA:50,(anonymous_2)
FNDA:70,(anonymous_3)
FNDA:46,(anonymous_4)
FNDA:1,(anonymous_5)
FNDA:1,(anonymous_6)
FNDA:1,(anonymous_7)
FNDA:50,(anonymous_8)
FNDA:43,(anonymous_9)
DA:22,46
DA:23,46
DA:41,46
DA:46,0
DA:47,46
DA:48,0
DA:52,0
DA:53,0
DA:54,0
DA:63,46
DA:67,46
DA:68,70
DA:71,46
DA:73,46
DA:75,46
DA:76,46
DA:77,1
DA:78,1
DA:81,1
DA:86,46
DA:87,46
DA:88,46
DA:89,46
DA:90,46
DA:94,46
DA:96,46
DA:99,46
DA:102,46
DA:106,50
DA:107,50
DA:110,50
DA:111,50
DA:116,37
DA:122,29
DA:128,25
DA:134,22
DA:136,19
DA:138,17
DA:140,15
DA:141,2
DA:145,50
DA:151,50
DA:156,50
DA:160,50
DA:162,50
DA:163,5
DA:164,45
DA:165,1
DA:166,44
DA:167,14
DA:171,50
DA:172,6
DA:175,44
DA:178,46
DA:180,3
DA:181,3
DA:182,3
DA:186,3
DA:189,3
DA:190,7
DA:191,7
DA:192,7
DA:195,7
DA:196,5
DA:198,5
DA:199,5
DA:200,5
DA:205,2
DA:206,2
DA:207,2
DA:208,2
DA:214,7
DA:215,7
DA:222,7
DA:224,7
DA:226,7
DA:236,43
DA:238,43
DA:241,43
DA:243,41
DA:247,41
DA:248,41
DA:250,41
DA:251,41
DA:252,41
DA:259,41
DA:261,41
DA:272,46
DA:273,2
DA:274,2
DA:285,44
LF:91
LH:86
BRDA:25,0,0,0
BRDA:25,0,1,46
BRDA:47,1,0,0
BRDA:47,1,1,46
BRDA:53,2,0,0
BRDA:53,2,1,0
BRDA:55,3,0,0
BRDA:55,3,1,0
BRDA:56,4,0,0
BRDA:56,4,1,0
BRDA:56,5,0,0
BRDA:56,5,1,0
BRDA:57,6,0,0
BRDA:57,6,1,0
BRDA:58,7,0,0
BRDA:58,7,1,0
BRDA:59,8,0,0
BRDA:59,8,1,0
BRDA:111,9,0,13
BRDA:111,9,1,37
BRDA:116,10,0,8
BRDA:116,10,1,29
BRDA:122,11,0,4
BRDA:122,11,1,25
BRDA:128,12,0,3
BRDA:128,12,1,22
BRDA:134,13,0,3
BRDA:134,13,1,19
BRDA:136,14,0,2
BRDA:136,14,1,17
BRDA:138,15,0,2
BRDA:138,15,1,15
BRDA:140,16,0,2
BRDA:140,16,1,13
BRDA:162,17,0,5
BRDA:162,17,1,45
BRDA:164,18,0,1
BRDA:164,18,1,44
BRDA:164,19,0,45
BRDA:164,19,1,1
BRDA:164,19,2,1
BRDA:166,20,0,14
BRDA:166,20,1,30
BRDA:171,21,0,6
BRDA:171,21,1,44
BRDA:172,22,0,6
BRDA:172,22,1,6
BRDA:175,23,0,44
BRDA:175,23,1,7
BRDA:178,24,0,3
BRDA:178,24,1,43
BRDA:186,25,0,3
BRDA:186,25,1,1
BRDA:195,26,0,5
BRDA:195,26,1,2
BRDA:198,27,0,3
BRDA:198,27,1,2
BRDA:205,28,0,1
BRDA:205,28,1,1
BRDA:214,29,0,7
BRDA:214,29,1,0
BRDA:222,30,0,0
BRDA:222,30,1,7
BRDA:243,31,0,41
BRDA:243,31,1,39
BRDA:243,31,2,38
BRDA:247,32,0,40
BRDA:247,32,1,1
BRDA:250,33,0,41
BRDA:250,33,1,0
BRDA:250,34,0,41
BRDA:250,34,1,1
BRDA:251,35,0,41
BRDA:251,35,1,0
BRDA:259,36,0,0
BRDA:259,36,1,41
BRDA:264,37,0,41
BRDA:264,37,1,1
BRDA:272,38,0,2
BRDA:272,38,1,44
BRDA:278,39,0,2
BRDA:278,39,1,2
BRF:82
BRH:61
end_of_record
TN:
SF:src\features\ai\parsers\ocr.ts
FN:7,recognizeReceipt
FN:12,(anonymous_1)
FN:25,parseOfflineReceipt
FN:28,(anonymous_3)
FN:29,(anonymous_4)
FN:81,(anonymous_5)
FN:137,(anonymous_6)
FNF:7
FNH:0
FNDA:0,recognizeReceipt
FNDA:0,(anonymous_1)
FNDA:0,parseOfflineReceipt
FNDA:0,(anonymous_3)
FNDA:0,(anonymous_4)
FNDA:0,(anonymous_5)
FNDA:0,(anonymous_6)
DA:8,0
DA:11,0
DA:13,0
DA:18,0
DA:20,0
DA:21,0
DA:26,0
DA:28,0
DA:29,0
DA:30,0
DA:31,0
DA:34,0
DA:35,0
DA:36,0
DA:38,0
DA:39,0
DA:40,0
DA:41,0
DA:42,0
DA:43,0
DA:44,0
DA:45,0
DA:46,0
DA:50,0
DA:54,0
DA:62,0
DA:63,0
DA:64,0
DA:65,0
DA:66,0
DA:67,0
DA:70,0
DA:75,0
DA:76,0
DA:77,0
DA:78,0
DA:79,0
DA:80,0
DA:81,0
DA:84,0
DA:88,0
DA:90,0
DA:91,0
DA:92,0
DA:93,0
DA:94,0
DA:95,0
DA:96,0
DA:102,0
DA:103,0
DA:104,0
DA:109,0
DA:111,0
DA:113,0
DA:115,0
DA:116,0
DA:117,0
DA:120,0
DA:121,0
DA:122,0
DA:123,0
DA:124,0
DA:126,0
DA:130,0
DA:137,0
LF:65
LH:0
BRDA:13,0,0,0
BRDA:13,0,1,0
BRDA:41,1,0,0
BRDA:41,1,1,0
BRDA:43,2,0,0
BRDA:43,2,1,0
BRDA:43,3,0,0
BRDA:43,3,1,0
BRDA:44,4,0,0
BRDA:44,4,1,0
BRDA:45,5,0,0
BRDA:45,5,1,0
BRDA:45,6,0,0
BRDA:45,6,1,0
BRDA:46,7,0,0
BRDA:46,7,1,0
BRDA:54,8,0,0
BRDA:54,8,1,0
BRDA:55,9,0,0
BRDA:55,9,1,0
BRDA:55,9,2,0
BRDA:55,9,3,0
BRDA:55,9,4,0
BRDA:55,9,5,0
BRDA:65,10,0,0
BRDA:65,10,1,0
BRDA:75,11,0,0
BRDA:75,11,1,0
BRDA:76,12,0,0
BRDA:76,12,1,0
BRDA:80,13,0,0
BRDA:80,13,1,0
BRDA:84,14,0,0
BRDA:84,14,1,0
BRDA:92,15,0,0
BRDA:92,15,1,0
BRDA:92,16,0,0
BRDA:92,16,1,0
BRDA:92,16,2,0
BRDA:94,17,0,0
BRDA:94,17,1,0
BRDA:104,18,0,0
BRDA:104,18,1,0
BRDA:109,19,0,0
BRDA:109,19,1,0
BRDA:111,20,0,0
BRDA:111,20,1,0
BRDA:113,21,0,0
BRDA:113,21,1,0
BRDA:115,22,0,0
BRDA:115,22,1,0
BRDA:116,23,0,0
BRDA:116,23,1,0
BRDA:121,24,0,0
BRDA:121,24,1,0
BRDA:123,25,0,0
BRDA:123,25,1,0
BRDA:123,26,0,0
BRDA:123,26,1,0
BRDA:137,27,0,0
BRDA:137,27,1,0
BRF:61
BRH:0
end_of_record
TN:
SF:src\features\ai\parsers\voice.ts
FN:4,parseVoiceLocally
FNF:1
FNH:1
FNDA:3,parseVoiceLocally
DA:5,3
DA:8,3
DA:9,3
DA:12,3
DA:13,3
DA:14,1
DA:15,1
DA:16,1
DA:17,0
DA:20,3
DA:21,3
DA:22,3
DA:23,1
DA:26,3
LF:14
LH:13
BRDA:9,0,0,1
BRDA:9,0,1,2
BRDA:13,1,0,1
BRDA:13,1,1,2
BRDA:13,2,0,1
BRDA:13,2,1,1
BRDA:14,3,0,0
BRDA:14,3,1,1
BRDA:15,4,0,0
BRDA:15,4,1,1
BRDA:16,5,0,0
BRDA:16,5,1,1
BRDA:22,6,0,1
BRDA:22,6,1,2
BRF:14
BRH:11
end_of_record
TN:
SF:src\features\analytics\insights\advisor.ts
FN:66,buildBriefing
FN:77,(anonymous_1)
FN:78,(anonymous_2)
FN:80,(anonymous_3)
FN:81,(anonymous_4)
FN:87,(anonymous_5)
FN:91,(anonymous_6)
FN:93,(anonymous_7)
FN:101,(anonymous_8)
FN:105,(anonymous_9)
FN:107,(anonymous_10)
FN:111,(anonymous_11)
FN:112,(anonymous_12)
FN:116,(anonymous_13)
FN:118,(anonymous_14)
FN:123,(anonymous_15)
FN:124,(anonymous_16)
FN:149,buildSystemPrompt
FN:151,(anonymous_18)
FN:155,(anonymous_19)
FN:211,getFinancialAdvice
FN:233,(anonymous_21)
FN:264,localAdvisor
FN:266,(anonymous_23)
FN:307,(anonymous_24)
FN:368,(anonymous_25)
FN:430,getProactiveNudge
FN:437,(anonymous_27)
FN:451,(anonymous_28)
FN:465,(anonymous_29)
FN:482,(anonymous_30)
FN:506,getSpendingPersonality
FN:604,generateQuests
FN:605,(anonymous_33)
FN:606,(anonymous_34)
FN:607,(anonymous_35)
FN:608,(anonymous_36)
FN:611,(anonymous_37)
FN:614,(anonymous_38)
FN:619,(anonymous_39)
FN:623,(anonymous_40)
FN:646,(anonymous_41)
FN:733,(anonymous_42)
FNF:43
FNH:26
FNDA:6,buildBriefing
FNDA:10,(anonymous_1)
FNDA:10,(anonymous_2)
FNDA:5,(anonymous_3)
FNDA:5,(anonymous_4)
FNDA:5,(anonymous_5)
FNDA:2,(anonymous_6)
FNDA:5,(anonymous_7)
FNDA:5,(anonymous_8)
FNDA:0,(anonymous_9)
FNDA:3,(anonymous_10)
FNDA:5,(anonymous_11)
FNDA:0,(anonymous_12)
FNDA:5,(anonymous_13)
FNDA:0,(anonymous_14)
FNDA:3,(anonymous_15)
FNDA:2,(anonymous_16)
FNDA:0,buildSystemPrompt
FNDA:0,(anonymous_18)
FNDA:0,(anonymous_19)
FNDA:0,getFinancialAdvice
FNDA:0,(anonymous_21)
FNDA:0,localAdvisor
FNDA:0,(anonymous_23)
FNDA:0,(anonymous_24)
FNDA:0,(anonymous_25)
FNDA:2,getProactiveNudge
FNDA:1,(anonymous_27)
FNDA:0,(anonymous_28)
FNDA:0,(anonymous_29)
FNDA:0,(anonymous_30)
FNDA:2,getSpendingPersonality
FNDA:2,generateQuests
FNDA:2,(anonymous_33)
FNDA:2,(anonymous_34)
FNDA:2,(anonymous_35)
FNDA:0,(anonymous_36)
FNDA:2,(anonymous_37)
FNDA:0,(anonymous_38)
FNDA:2,(anonymous_39)
FNDA:2,(anonymous_40)
FNDA:2,(anonymous_41)
FNDA:5,(anonymous_42)
DA:72,6
DA:73,6
DA:74,6
DA:77,10
DA:78,10
DA:80,6
DA:81,6
DA:82,6
DA:83,6
DA:86,6
DA:87,6
DA:88,5
DA:90,6
DA:91,2
DA:93,5
DA:100,6
DA:101,6
DA:102,5
DA:104,6
DA:105,0
DA:107,3
DA:110,6
DA:111,5
DA:112,0
DA:115,6
DA:116,6
DA:118,6
DA:122,6
DA:124,3
DA:125,3
DA:129,6
DA:150,0
DA:151,0
DA:154,0
DA:155,0
DA:158,0
DA:219,0
DA:222,0
DA:224,0
DA:227,0
DA:229,0
DA:233,0
DA:241,0
DA:252,0
DA:253,0
DA:259,0
DA:265,0
DA:266,0
DA:267,0
DA:268,0
DA:270,0
DA:271,0
DA:272,0
DA:275,0
DA:276,0
DA:282,0
DA:283,0
DA:284,0
DA:285,0
DA:289,0
DA:290,0
DA:291,0
DA:292,0
DA:293,0
DA:294,0
DA:295,0
DA:296,0
DA:297,0
DA:298,0
DA:302,0
DA:303,0
DA:304,0
DA:305,0
DA:307,0
DA:309,0
DA:313,0
DA:314,0
DA:315,0
DA:319,0
DA:320,0
DA:321,0
DA:322,0
DA:326,0
DA:328,0
DA:335,0
DA:339,0
DA:340,0
DA:341,0
DA:342,0
DA:346,0
DA:347,0
DA:351,0
DA:352,0
DA:353,0
DA:354,0
DA:358,0
DA:359,0
DA:360,0
DA:361,0
DA:365,0
DA:366,0
DA:368,0
DA:370,0
DA:374,0
DA:375,0
DA:379,0
DA:380,0
DA:381,0
DA:383,0
DA:390,0
DA:394,0
DA:395,0
DA:399,0
DA:400,0
DA:401,0
DA:402,0
DA:407,0
DA:410,0
DA:411,0
DA:415,0
DA:437,2
DA:438,2
DA:441,2
DA:442,1
DA:450,1
DA:451,0
DA:453,1
DA:454,0
DA:455,0
DA:456,0
DA:464,1
DA:465,1
DA:466,0
DA:467,0
DA:468,0
DA:470,1
DA:471,0
DA:472,0
DA:480,1
DA:481,0
DA:482,0
DA:483,0
DA:484,0
DA:493,1
DA:494,0
DA:501,1
DA:510,2
DA:513,2
DA:514,2
DA:524,0
DA:525,2
DA:526,2
DA:527,2
DA:530,2
DA:531,0
DA:539,0
DA:540,0
DA:548,0
DA:549,0
DA:557,0
DA:558,0
DA:566,0
DA:567,0
DA:575,0
DA:576,0
DA:584,0
DA:585,0
DA:593,0
DA:605,2
DA:606,2
DA:607,2
DA:608,2
DA:610,2
DA:611,2
DA:612,2
DA:614,2
DA:616,2
DA:619,2
DA:621,2
DA:623,2
DA:624,2
DA:625,1
DA:635,2
DA:636,2
DA:646,2
DA:647,2
DA:648,2
DA:657,0
DA:667,2
DA:668,0
DA:678,2
DA:732,2
DA:733,5
DA:735,2
LF:194
LH:72
BRDA:68,0,0,6
BRDA:83,1,0,5
BRDA:83,1,1,1
BRDA:88,2,0,5
BRDA:88,2,1,5
BRDA:96,3,0,5
BRDA:96,3,1,0
BRDA:102,4,0,5
BRDA:102,4,1,3
BRDA:118,5,0,0
BRDA:118,5,1,6
BRDA:122,6,0,3
BRDA:122,6,1,3
BRDA:124,7,0,2
BRDA:124,7,1,0
BRDA:166,8,0,0
BRDA:166,8,1,0
BRDA:171,9,0,0
BRDA:171,9,1,0
BRDA:174,10,0,0
BRDA:174,10,1,0
BRDA:177,11,0,0
BRDA:177,11,1,0
BRDA:180,12,0,0
BRDA:180,12,1,0
BRDA:183,13,0,0
BRDA:183,13,1,0
BRDA:214,14,0,0
BRDA:215,15,0,0
BRDA:231,16,0,0
BRDA:231,16,1,0
BRDA:253,17,0,0
BRDA:253,17,1,0
BRDA:275,18,0,0
BRDA:275,18,1,0
BRDA:282,19,0,0
BRDA:282,19,1,0
BRDA:283,20,0,0
BRDA:283,20,1,0
BRDA:284,21,0,0
BRDA:284,21,1,0
BRDA:284,22,0,0
BRDA:284,22,1,0
BRDA:284,23,0,0
BRDA:284,23,1,0
BRDA:284,24,0,0
BRDA:284,24,1,0
BRDA:285,25,0,0
BRDA:285,25,1,0
BRDA:289,26,0,0
BRDA:289,26,1,0
BRDA:290,27,0,0
BRDA:290,27,1,0
BRDA:292,28,0,0
BRDA:292,28,1,0
BRDA:293,29,0,0
BRDA:293,29,1,0
BRDA:294,30,0,0
BRDA:294,30,1,0
BRDA:296,31,0,0
BRDA:296,31,1,0
BRDA:297,32,0,0
BRDA:297,32,1,0
BRDA:302,33,0,0
BRDA:302,33,1,0
BRDA:303,34,0,0
BRDA:303,34,1,0
BRDA:313,35,0,0
BRDA:313,35,1,0
BRDA:314,36,0,0
BRDA:314,36,1,0
BRDA:319,37,0,0
BRDA:319,37,1,0
BRDA:320,38,0,0
BRDA:320,38,1,0
BRDA:326,39,0,0
BRDA:326,39,1,0
BRDA:328,40,0,0
BRDA:328,40,1,0
BRDA:330,41,0,0
BRDA:330,41,1,0
BRDA:332,42,0,0
BRDA:332,42,1,0
BRDA:339,43,0,0
BRDA:339,43,1,0
BRDA:340,44,0,0
BRDA:340,44,1,0
BRDA:346,45,0,0
BRDA:346,45,1,0
BRDA:351,46,0,0
BRDA:351,46,1,0
BRDA:352,47,0,0
BRDA:352,47,1,0
BRDA:358,48,0,0
BRDA:358,48,1,0
BRDA:359,49,0,0
BRDA:359,49,1,0
BRDA:365,50,0,0
BRDA:365,50,1,0
BRDA:370,51,0,0
BRDA:370,51,1,0
BRDA:374,52,0,0
BRDA:374,52,1,0
BRDA:379,53,0,0
BRDA:379,53,1,0
BRDA:380,54,0,0
BRDA:380,54,1,0
BRDA:383,55,0,0
BRDA:383,55,1,0
BRDA:385,56,0,0
BRDA:385,56,1,0
BRDA:387,57,0,0
BRDA:387,57,1,0
BRDA:390,58,0,0
BRDA:390,58,1,0
BRDA:394,59,0,0
BRDA:394,59,1,0
BRDA:399,60,0,0
BRDA:399,60,1,0
BRDA:400,61,0,0
BRDA:400,61,1,0
BRDA:401,62,0,0
BRDA:401,62,1,0
BRDA:401,63,0,0
BRDA:401,63,1,0
BRDA:402,64,0,0
BRDA:402,64,1,0
BRDA:410,65,0,0
BRDA:410,65,1,0
BRDA:410,66,0,0
BRDA:410,66,1,0
BRDA:415,67,0,0
BRDA:415,67,1,0
BRDA:435,68,0,2
BRDA:441,69,0,1
BRDA:441,69,1,1
BRDA:441,70,0,2
BRDA:441,70,1,1
BRDA:451,71,0,0
BRDA:451,71,1,0
BRDA:453,72,0,0
BRDA:453,72,1,1
BRDA:459,73,0,0
BRDA:459,73,1,0
BRDA:468,74,0,0
BRDA:468,74,1,0
BRDA:470,75,0,0
BRDA:470,75,1,1
BRDA:480,76,0,0
BRDA:480,76,1,1
BRDA:483,77,0,0
BRDA:483,77,1,0
BRDA:493,78,0,0
BRDA:493,78,1,1
BRDA:493,79,0,1
BRDA:493,79,1,1
BRDA:508,80,0,2
BRDA:513,81,0,2
BRDA:513,81,1,0
BRDA:524,82,0,0
BRDA:524,82,1,0
BRDA:527,83,0,0
BRDA:527,83,1,0
BRDA:530,84,0,0
BRDA:530,84,1,2
BRDA:539,85,0,0
BRDA:539,85,1,0
BRDA:548,86,0,0
BRDA:548,86,1,0
BRDA:548,87,0,0
BRDA:548,87,1,0
BRDA:557,88,0,0
BRDA:557,88,1,0
BRDA:557,89,0,0
BRDA:557,89,1,0
BRDA:566,90,0,0
BRDA:566,90,1,0
BRDA:566,91,0,0
BRDA:566,91,1,0
BRDA:575,92,0,0
BRDA:575,92,1,0
BRDA:575,93,0,0
BRDA:575,93,1,0
BRDA:584,94,0,0
BRDA:584,94,1,0
BRDA:604,95,0,2
BRDA:612,96,0,2
BRDA:612,96,1,2
BRDA:623,97,0,2
BRDA:623,97,1,2
BRDA:624,98,0,1
BRDA:624,98,1,1
BRDA:628,99,0,0
BRDA:628,99,1,1
BRDA:635,100,0,2
BRDA:635,100,1,0
BRDA:647,101,0,2
BRDA:647,101,1,0
BRDA:660,102,0,0
BRDA:660,102,1,0
BRDA:667,103,0,0
BRDA:667,103,1,2
BRDA:699,104,0,0
BRDA:699,104,1,2
BRDA:733,105,0,2
BRDA:733,105,1,0
BRF:206
BRH:39
end_of_record
TN:
SF:src\features\analytics\insights\anomaly.ts
FN:9,detectAnomalies
FN:10,(anonymous_1)
FN:14,(anonymous_2)
FN:22,(anonymous_3)
FN:25,(anonymous_4)
FN:26,(anonymous_5)
FN:29,(anonymous_6)
FN:30,(anonymous_7)
FN:33,(anonymous_8)
FN:48,(anonymous_9)
FNF:10
FNH:10
FNDA:13,detectAnomalies
FNDA:57,(anonymous_1)
FNDA:52,(anonymous_2)
FNDA:11,(anonymous_3)
FNDA:48,(anonymous_4)
FNDA:48,(anonymous_5)
FNDA:48,(anonymous_6)
FNDA:48,(anonymous_7)
FNDA:48,(anonymous_8)
FNDA:1,(anonymous_9)
DA:10,57
DA:13,13
DA:14,13
DA:15,52
DA:16,52
DA:17,52
DA:20,13
DA:22,13
DA:23,11
DA:25,48
DA:26,48
DA:27,9
DA:29,48
DA:30,48
DA:31,9
DA:33,9
DA:34,48
DA:37,48
DA:38,4
DA:48,13
LF:20
LH:20
BRDA:15,0,0,52
BRDA:15,0,1,0
BRDA:16,1,0,11
BRDA:16,1,1,41
BRDA:23,2,0,2
BRDA:23,2,1,9
BRDA:34,3,0,40
BRDA:34,3,1,8
BRDA:37,4,0,4
BRDA:37,4,1,44
BRDA:37,5,0,48
BRDA:37,5,1,4
BRF:12
BRH:11
end_of_record
TN:
SF:src\features\analytics\insights\forecast.ts
FN:29,forecastNextMonth
FN:49,(anonymous_1)
FN:66,(anonymous_2)
FN:72,(anonymous_3)
FN:113,(anonymous_4)
FN:132,(anonymous_5)
FN:135,(anonymous_6)
FN:137,(anonymous_7)
FN:138,(anonymous_8)
FN:141,(anonymous_9)
FN:147,(anonymous_10)
FN:148,(anonymous_11)
FNF:12
FNH:12
FNDA:18,forecastNextMonth
FNDA:49,(anonymous_1)
FNDA:46,(anonymous_2)
FNDA:46,(anonymous_3)
FNDA:53,(anonymous_4)
FNDA:4,(anonymous_5)
FNDA:46,(anonymous_6)
FNDA:59,(anonymous_7)
FNDA:6,(anonymous_8)
FNDA:46,(anonymous_9)
FNDA:4,(anonymous_10)
FNDA:4,(anonymous_11)
DA:33,18
DA:34,18
DA:35,18
DA:36,18
DA:37,18
DA:40,18
DA:41,18
DA:42,63
DA:43,63
DA:44,63
DA:48,18
DA:49,49
DA:52,18
DA:55,18
DA:57,18
DA:66,18
DA:67,46
DA:68,46
DA:69,32
DA:70,19
DA:72,46
DA:75,18
DA:76,18
DA:78,18
DA:79,46
DA:80,46
DA:81,46
DA:82,59
DA:83,53
DA:84,59
DA:86,46
DA:87,53
DA:88,53
DA:93,18
DA:94,17
DA:95,0
DA:100,18
DA:101,18
DA:102,18
DA:103,18
DA:104,19
DA:105,17
DA:108,18
DA:109,18
DA:111,18
DA:112,17
DA:113,53
DA:114,17
DA:115,17
DA:116,17
DA:118,17
DA:120,17
DA:128,17
DA:132,18
DA:135,18
DA:136,46
DA:137,59
DA:138,6
DA:140,18
DA:141,46
DA:145,18
DA:146,18
DA:147,4
DA:148,4
DA:151,18
DA:153,18
DA:154,18
DA:156,18
DA:157,17
DA:158,17
DA:161,1
DA:165,1
DA:166,1
DA:170,18
DA:172,18
LF:75
LH:74
BRDA:31,0,0,18
BRDA:43,1,0,49
BRDA:43,1,1,14
BRDA:55,2,0,7
BRDA:55,2,1,11
BRDA:55,3,0,6
BRDA:55,3,1,5
BRDA:57,4,0,4
BRDA:57,4,1,14
BRDA:59,5,0,1
BRDA:59,5,1,13
BRDA:61,6,0,6
BRDA:61,6,1,7
BRDA:68,7,0,14
BRDA:68,7,1,32
BRDA:69,8,0,13
BRDA:69,8,1,19
BRDA:72,9,0,18
BRDA:72,9,1,4
BRDA:79,10,0,46
BRDA:79,10,1,0
BRDA:82,11,0,6
BRDA:82,11,1,53
BRDA:83,12,0,53
BRDA:83,12,1,53
BRDA:87,13,0,17
BRDA:87,13,1,36
BRDA:88,14,0,53
BRDA:88,14,1,0
BRDA:101,15,0,14
BRDA:101,15,1,4
BRDA:101,16,0,14
BRDA:101,16,1,0
BRDA:104,17,0,2
BRDA:104,17,1,17
BRDA:105,18,0,17
BRDA:105,18,1,17
BRDA:114,19,0,17
BRDA:114,19,1,0
BRDA:116,20,0,17
BRDA:116,20,1,0
BRDA:118,21,0,14
BRDA:118,21,1,3
BRDA:118,22,0,1
BRDA:118,22,1,2
BRDA:136,23,0,46
BRDA:136,23,1,0
BRDA:145,24,0,18
BRDA:145,24,1,15
BRDA:156,25,0,17
BRDA:156,25,1,1
BRDA:162,26,0,1
BRDA:162,26,1,0
BRDA:170,27,0,14
BRDA:170,27,1,4
BRF:55
BRH:48
end_of_record
TN:
SF:src\features\analytics\insights\healthScore.ts
FN:16,calculateHealthScore
FN:37,(anonymous_1)
FN:39,(anonymous_2)
FN:40,(anonymous_3)
FNF:4
FNH:4
FNDA:22,calculateHealthScore
FNDA:10,(anonymous_1)
FNDA:10,(anonymous_2)
FNDA:3,(anonymous_3)
DA:24,22
DA:25,22
DA:30,22
DA:31,22
DA:32,22
DA:36,22
DA:37,22
DA:38,22
DA:39,10
DA:40,3
DA:42,22
DA:44,22
DA:48,22
DA:49,22
DA:51,22
DA:54,22
DA:58,22
DA:59,22
DA:61,22
DA:62,12
DA:63,12
DA:64,10
DA:65,2
DA:66,2
DA:67,8
DA:68,0
DA:69,0
DA:70,8
DA:71,3
DA:72,3
DA:73,5
DA:74,0
DA:75,0
DA:78,22
DA:79,22
DA:80,7
DA:83,22
DA:84,6
DA:87,22
DA:88,2
DA:91,22
DA:92,4
DA:96,22
LF:43
LH:39
BRDA:31,0,0,21
BRDA:31,0,1,1
BRDA:42,1,0,8
BRDA:42,1,1,14
BRDA:44,2,0,2
BRDA:44,2,1,20
BRDA:51,3,0,15
BRDA:51,3,1,7
BRDA:61,4,0,12
BRDA:61,4,1,10
BRDA:64,5,0,2
BRDA:64,5,1,8
BRDA:67,6,0,0
BRDA:67,6,1,8
BRDA:70,7,0,3
BRDA:70,7,1,5
BRDA:73,8,0,0
BRDA:73,8,1,5
BRDA:79,9,0,7
BRDA:79,9,1,15
BRDA:83,10,0,6
BRDA:83,10,1,16
BRDA:87,11,0,2
BRDA:87,11,1,20
BRDA:91,12,0,4
BRDA:91,12,1,18
BRF:26
BRH:24
end_of_record
TN:
SF:src\features\budget\insights\budgetSuggestions.ts
FN:9,generateBudgetSuggestions
FN:14,(anonymous_1)
FN:21,(anonymous_2)
FN:36,(anonymous_3)
FN:47,(anonymous_4)
FN:52,(anonymous_5)
FN:73,(anonymous_6)
FNF:7
FNH:6
FNDA:3,generateBudgetSuggestions
FNDA:3,(anonymous_1)
FNDA:2,(anonymous_2)
FNDA:1,(anonymous_3)
FNDA:5,(anonymous_4)
FNDA:4,(anonymous_5)
FNDA:0,(anonymous_6)
DA:10,3
DA:11,3
DA:12,3
DA:14,3
DA:16,3
DA:19,1
DA:21,1
DA:22,2
DA:23,2
DA:24,1
DA:26,2
DA:27,2
DA:28,2
DA:31,1
DA:32,1
DA:34,1
DA:36,1
DA:37,1
DA:38,1
DA:42,1
DA:47,5
DA:49,0
DA:50,0
DA:51,1
DA:52,4
DA:55,0
DA:56,0
DA:59,1
DA:60,1
DA:63,1
DA:73,1
LF:31
LH:27
BRDA:14,0,0,3
BRDA:14,0,1,2
BRDA:16,1,0,2
BRDA:16,1,1,1
BRDA:23,2,0,1
BRDA:23,2,1,1
BRDA:42,3,0,0
BRDA:42,3,1,1
BRDA:42,4,0,0
BRDA:42,4,1,1
BRDA:42,5,0,1
BRDA:42,5,1,1
BRDA:47,6,0,0
BRDA:47,6,1,1
BRDA:51,7,0,0
BRDA:51,7,1,1
BRDA:73,8,0,0
BRDA:73,8,1,0
BRDA:73,9,0,0
BRDA:73,9,1,0
BRF:20
BRH:12
end_of_record
TN:
SF:src\features\goals\GoalsView.tsx
FN:38,GoalsView
FN:55,(anonymous_1)
FN:57,(anonymous_2)
FN:58,(anonymous_3)
FN:60,(anonymous_4)
FN:63,(anonymous_5)
FN:76,(anonymous_6)
FN:93,(anonymous_7)
FN:94,(anonymous_8)
FN:95,(anonymous_9)
FN:103,(anonymous_10)
FN:113,(anonymous_11)
FN:127,(anonymous_12)
FN:165,(anonymous_13)
FN:213,(anonymous_14)
FN:228,(anonymous_15)
FN:232,(anonymous_16)
FN:233,(anonymous_17)
FN:234,(anonymous_18)
FN:258,(anonymous_19)
FN:302,(anonymous_20)
FN:335,(anonymous_21)
FN:335,(anonymous_22)
FN:359,(anonymous_23)
FN:363,(anonymous_24)
FN:364,(anonymous_25)
FN:365,(anonymous_26)
FN:389,(anonymous_27)
FN:405,(anonymous_28)
FNF:29
FNH:0
FNDA:0,GoalsView
FNDA:0,(anonymous_1)
FNDA:0,(anonymous_2)
FNDA:0,(anonymous_3)
FNDA:0,(anonymous_4)
FNDA:0,(anonymous_5)
FNDA:0,(anonymous_6)
FNDA:0,(anonymous_7)
FNDA:0,(anonymous_8)
FNDA:0,(anonymous_9)
FNDA:0,(anonymous_10)
FNDA:0,(anonymous_11)
FNDA:0,(anonymous_12)
FNDA:0,(anonymous_13)
FNDA:0,(anonymous_14)
FNDA:0,(anonymous_15)
FNDA:0,(anonymous_16)
FNDA:0,(anonymous_17)
FNDA:0,(anonymous_18)
FNDA:0,(anonymous_19)
FNDA:0,(anonymous_20)
FNDA:0,(anonymous_21)
FNDA:0,(anonymous_22)
FNDA:0,(anonymous_23)
FNDA:0,(anonymous_24)
FNDA:0,(anonymous_25)
FNDA:0,(anonymous_26)
FNDA:0,(anonymous_27)
FNDA:0,(anonymous_28)
DA:48,0
DA:49,0
DA:50,0
DA:51,0
DA:52,0
DA:53,0
DA:55,0
DA:57,0
DA:58,0
DA:59,0
DA:60,0
DA:63,0
DA:64,0
DA:73,0
DA:76,0
DA:77,0
DA:78,0
DA:87,0
DA:91,0
DA:92,0
DA:93,0
DA:94,0
DA:95,0
DA:97,0
DA:98,0
DA:103,0
DA:113,0
DA:127,0
DA:135,0
DA:165,0
DA:213,0
DA:229,0
DA:232,0
DA:233,0
DA:234,0
DA:259,0
DA:303,0
DA:335,0
DA:360,0
DA:363,0
DA:364,0
DA:365,0
DA:389,0
DA:405,0
LF:44
LH:0
BRDA:45,0,0,0
BRDA:46,1,0,0
BRDA:67,2,0,0
BRDA:67,2,1,0
BRDA:68,3,0,0
BRDA:68,3,1,0
BRDA:70,4,0,0
BRDA:70,4,1,0
BRDA:77,5,0,0
BRDA:77,5,1,0
BRDA:81,6,0,0
BRDA:81,6,1,0
BRDA:82,7,0,0
BRDA:82,7,1,0
BRDA:84,8,0,0
BRDA:84,8,1,0
BRDA:94,9,0,0
BRDA:94,9,1,0
BRDA:94,10,0,0
BRDA:94,10,1,0
BRDA:97,11,0,0
BRDA:97,11,1,0
BRDA:112,12,0,0
BRDA:112,12,1,0
BRDA:115,13,0,0
BRDA:115,13,1,0
BRDA:181,14,0,0
BRDA:181,14,1,0
BRDA:184,15,0,0
BRDA:184,15,1,0
BRDA:242,16,0,0
BRDA:242,16,1,0
BRDA:331,17,0,0
BRDA:331,17,1,0
BRDA:340,18,0,0
BRDA:340,18,1,0
BRDA:344,19,0,0
BRDA:344,19,1,0
BRDA:349,20,0,0
BRDA:349,20,1,0
BRDA:352,21,0,0
BRDA:352,21,1,0
BRDA:354,22,0,0
BRDA:354,22,1,0
BRDA:388,23,0,0
BRDA:388,23,1,0
BRDA:393,24,0,0
BRDA:393,24,1,0
BRF:48
BRH:0
end_of_record
TN:
SF:src\features\goals\GoalsViewMobile.tsx
FN:28,GoalsViewMobile
FN:41,(anonymous_1)
FN:59,(anonymous_2)
FN:129,(anonymous_3)
FN:133,(anonymous_4)
FN:134,(anonymous_5)
FN:135,(anonymous_6)
FNF:7
FNH:0
FNDA:0,GoalsViewMobile
FNDA:0,(anonymous_1)
FNDA:0,(anonymous_2)
FNDA:0,(anonymous_3)
FNDA:0,(anonymous_4)
FNDA:0,(anonymous_5)
FNDA:0,(anonymous_6)
DA:41,0
DA:42,0
DA:43,0
DA:48,0
DA:60,0
DA:61,0
DA:130,0
DA:133,0
DA:135,0
LF:9
LH:0
BRDA:44,0,0,0
BRDA:44,0,1,0
BRDA:44,1,0,0
BRDA:44,1,1,0
BRDA:111,2,0,0
BRDA:111,2,1,0
BRF:6
BRH:0
end_of_record
TN:
SF:src\features\goals\components\ContributeModal.tsx
FN:6,ContributeModal
FN:22,(anonymous_1)
FN:65,(anonymous_2)
FN:68,(anonymous_3)
FN:83,(anonymous_4)
FN:116,(anonymous_5)
FN:125,(anonymous_6)
FN:128,(anonymous_7)
FN:149,(anonymous_8)
FNF:9
FNH:0
FNDA:0,ContributeModal
FNDA:0,(anonymous_1)
FNDA:0,(anonymous_2)
FNDA:0,(anonymous_3)
FNDA:0,(anonymous_4)
FNDA:0,(anonymous_5)
FNDA:0,(anonymous_6)
FNDA:0,(anonymous_7)
FNDA:0,(anonymous_8)
DA:17,0
DA:18,0
DA:19,0
DA:20,0
DA:22,0
DA:24,0
DA:66,0
DA:68,0
DA:83,0
DA:116,0
DA:126,0
DA:129,0
DA:150,0
DA:151,0
DA:152,0
LF:15
LH:0
BRDA:20,0,0,0
BRDA:20,0,1,0
BRDA:20,0,2,0
BRDA:22,1,0,0
BRDA:22,1,1,0
BRDA:150,2,0,0
BRDA:150,2,1,0
BRDA:161,3,0,0
BRDA:161,3,1,0
BRF:9
BRH:0
end_of_record
TN:
SF:src\features\goals\components\GoalCard.tsx
FN:10,(anonymous_0)
FN:11,(anonymous_1)
FN:13,GoalCard2
FN:29,(anonymous_3)
FN:37,(anonymous_4)
FN:47,(anonymous_5)
FN:67,(anonymous_6)
FN:69,(anonymous_7)
FN:293,(anonymous_8)
FN:315,(anonymous_9)
FNF:10
FNH:0
FNDA:0,(anonymous_0)
FNDA:0,(anonymous_1)
FNDA:0,GoalCard2
FNDA:0,(anonymous_3)
FNDA:0,(anonymous_4)
FNDA:0,(anonymous_5)
FNDA:0,(anonymous_6)
FNDA:0,(anonymous_7)
FNDA:0,(anonymous_8)
FNDA:0,(anonymous_9)
DA:10,0
DA:11,0
DA:13,0
DA:26,0
DA:29,0
DA:30,0
DA:31,0
DA:33,0
DA:37,0
DA:38,0
DA:39,0
DA:40,0
DA:41,0
DA:47,0
DA:48,0
DA:49,0
DA:50,0
DA:60,0
DA:61,0
DA:63,0
DA:67,0
DA:68,0
DA:69,0
DA:70,0
DA:71,0
DA:73,0
DA:76,0
DA:77,0
DA:78,0
DA:79,0
DA:80,0
DA:81,0
DA:85,0
DA:92,0
DA:97,0
DA:98,0
DA:101,0
DA:102,0
DA:103,0
DA:106,0
DA:108,0
DA:293,0
DA:315,0
DA:322,0
LF:44
LH:0
BRDA:49,0,0,0
BRDA:49,0,1,0
BRDA:63,1,0,0
BRDA:63,1,1,0
BRDA:68,2,0,0
BRDA:68,2,1,0
BRDA:71,3,0,0
BRDA:71,3,1,0
BRDA:78,4,0,0
BRDA:78,4,1,0
BRDA:78,5,0,0
BRDA:78,5,1,0
BRDA:102,6,0,0
BRDA:102,6,1,0
BRDA:103,7,0,0
BRDA:103,7,1,0
BRDA:111,8,0,0
BRDA:111,8,1,0
BRDA:121,9,0,0
BRDA:121,9,1,0
BRDA:208,10,0,0
BRDA:208,10,1,0
BRDA:210,11,0,0
BRDA:210,11,1,0
BRDA:214,12,0,0
BRDA:214,12,1,0
BRDA:215,13,0,0
BRDA:215,13,1,0
BRDA:222,14,0,0
BRDA:222,14,1,0
BRDA:222,14,2,0
BRDA:227,15,0,0
BRDA:227,15,1,0
BRDA:234,16,0,0
BRDA:234,16,1,0
BRDA:234,16,2,0
BRDA:256,17,0,0
BRDA:256,17,1,0
BRDA:258,18,0,0
BRDA:258,18,1,0
BRDA:262,19,0,0
BRDA:262,19,1,0
BRDA:272,20,0,0
BRDA:272,20,1,0
BRDA:276,21,0,0
BRDA:276,21,1,0
BRDA:281,22,0,0
BRDA:281,22,1,0
BRDA:286,23,0,0
BRDA:286,23,1,0
BRDA:291,24,0,0
BRDA:291,24,1,0
BRDA:311,25,0,0
BRDA:311,25,1,0
BRF:54
BRH:0
end_of_record
TN:
SF:src\features\goals\components\GoalCreateModal.tsx
FN:10,GoalCreateModal
FN:33,submit
FN:71,(anonymous_2)
FN:81,(anonymous_3)
FN:91,(anonymous_4)
FN:95,(anonymous_5)
FN:112,(anonymous_6)
FN:116,(anonymous_7)
FNF:8
FNH:0
FNDA:0,GoalCreateModal
FNDA:0,submit
FNDA:0,(anonymous_2)
FNDA:0,(anonymous_3)
FNDA:0,(anonymous_4)
FNDA:0,(anonymous_5)
FNDA:0,(anonymous_6)
FNDA:0,(anonymous_7)
DA:25,0
DA:26,0
DA:27,0
DA:28,0
DA:29,0
DA:30,0
DA:31,0
DA:34,0
DA:35,0
DA:36,0
DA:37,0
DA:38,0
DA:40,0
DA:41,0
DA:42,0
DA:44,0
DA:45,0
DA:46,0
DA:48,0
DA:49,0
DA:50,0
DA:51,0
DA:52,0
DA:53,0
DA:54,0
DA:55,0
DA:57,0
DA:59,0
DA:63,0
DA:71,0
DA:82,0
DA:92,0
DA:95,0
DA:112,0
DA:116,0
LF:35
LH:0
BRDA:36,0,0,0
BRDA:36,0,1,0
BRDA:40,1,0,0
BRDA:40,1,1,0
BRDA:40,2,0,0
BRDA:40,2,1,0
BRDA:44,3,0,0
BRDA:44,3,1,0
BRDA:57,4,0,0
BRDA:57,4,1,0
BRDA:99,5,0,0
BRDA:99,5,1,0
BRDA:118,6,0,0
BRDA:118,6,1,0
BRDA:118,6,2,0
BRDA:118,6,3,0
BRDA:119,7,0,0
BRDA:119,7,1,0
BRF:18
BRH:0
end_of_record
TN:
SF:src\features\goals\components\GoalModal.tsx
FN:16,defaultForm
FN:30,GoalModal
FN:44,(anonymous_2)
FN:44,(anonymous_3)
FN:45,(anonymous_4)
FN:47,(anonymous_5)
FN:59,(anonymous_6)
FN:119,(anonymous_7)
FN:122,(anonymous_8)
FN:122,(anonymous_9)
FN:154,(anonymous_10)
FN:157,(anonymous_11)
FN:184,(anonymous_12)
FN:187,(anonymous_13)
FN:187,(anonymous_14)
FN:220,(anonymous_15)
FN:223,(anonymous_16)
FN:253,(anonymous_17)
FN:256,(anonymous_18)
FN:282,(anonymous_19)
FN:285,(anonymous_20)
FN:315,(anonymous_21)
FN:318,(anonymous_22)
FNF:23
FNH:0
FNDA:0,defaultForm
FNDA:0,GoalModal
FNDA:0,(anonymous_2)
FNDA:0,(anonymous_3)
FNDA:0,(anonymous_4)
FNDA:0,(anonymous_5)
FNDA:0,(anonymous_6)
FNDA:0,(anonymous_7)
FNDA:0,(anonymous_8)
FNDA:0,(anonymous_9)
FNDA:0,(anonymous_10)
FNDA:0,(anonymous_11)
FNDA:0,(anonymous_12)
FNDA:0,(anonymous_13)
FNDA:0,(anonymous_14)
FNDA:0,(anonymous_15)
FNDA:0,(anonymous_16)
FNDA:0,(anonymous_17)
FNDA:0,(anonymous_18)
FNDA:0,(anonymous_19)
FNDA:0,(anonymous_20)
FNDA:0,(anonymous_21)
FNDA:0,(anonymous_22)
DA:17,0
DA:18,0
DA:19,0
DA:41,0
DA:42,0
DA:44,0
DA:45,0
DA:47,0
DA:48,0
DA:49,0
DA:50,0
DA:51,0
DA:52,0
DA:53,0
DA:54,0
DA:55,0
DA:56,0
DA:59,0
DA:60,0
DA:63,0
DA:120,0
DA:122,0
DA:155,0
DA:158,0
DA:185,0
DA:187,0
DA:221,0
DA:224,0
DA:254,0
DA:257,0
DA:283,0
DA:286,0
DA:316,0
DA:319,0
LF:34
LH:0
BRDA:49,0,0,0
BRDA:49,0,1,0
BRDA:50,1,0,0
BRDA:50,1,1,0
BRDA:50,2,0,0
BRDA:50,2,1,0
BRDA:52,3,0,0
BRDA:52,3,1,0
BRDA:53,4,0,0
BRDA:53,4,1,0
BRDA:53,5,0,0
BRDA:53,5,1,0
BRDA:60,6,0,0
BRDA:60,6,1,0
BRDA:90,7,0,0
BRDA:90,7,1,0
BRDA:125,8,0,0
BRDA:125,8,1,0
BRDA:126,9,0,0
BRDA:126,9,1,0
BRDA:161,10,0,0
BRDA:161,10,1,0
BRDA:191,11,0,0
BRDA:191,11,1,0
BRDA:227,12,0,0
BRDA:227,12,1,0
BRDA:289,13,0,0
BRDA:289,13,1,0
BRDA:322,14,0,0
BRDA:322,14,1,0
BRDA:363,15,0,0
BRDA:363,15,1,0
BRF:32
BRH:0
end_of_record
TN:
SF:src\features\goals\components\GoalsSummary.tsx
FN:1,GoalsSummary
FN:30,(anonymous_1)
FNF:2
FNH:0
FNDA:0,GoalsSummary
FNDA:0,(anonymous_1)
DA:15,0
DA:31,0
LF:2
LH:0
BRF:0
BRH:0
end_of_record
TN:
SF:src\features\goals\components\ProgressRing.tsx
FN:1,ProgressRing
FNF:1
FNH:0
FNDA:0,ProgressRing
DA:10,0
DA:11,0
DA:12,0
DA:13,0
DA:15,0
LF:5
LH:0
BRDA:4,0,0,0
BRF:1
BRH:0
end_of_record
TN:
SF:src\features\goals\components\constants.ts
FNF:0
FNH:0
DA:12,0
DA:34,0
DA:35,0
LF:3
LH:0
BRF:0
BRH:0
end_of_record
TN:
SF:src\features\goals\components\utils.ts
FN:1,daysUntil
FN:8,formatDate
FNF:2
FNH:2
FNDA:2,daysUntil
FNDA:1,formatDate
DA:2,2
DA:3,2
DA:4,2
DA:5,2
DA:9,1
LF:5
LH:5
BRF:0
BRH:0
end_of_record
TN:
SF:src\features\goals\context\GoalContext.tsx
FN:9,GoalProvider
FN:13,(anonymous_1)
FN:20,useGoalContext
FNF:3
FNH:0
FNDA:0,GoalProvider
FNDA:0,(anonymous_1)
FNDA:0,useGoalContext
DA:7,0
DA:10,0
DA:11,0
DA:13,0
DA:14,0
DA:17,0
DA:21,0
DA:22,0
DA:23,0
LF:9
LH:0
BRDA:22,0,0,0
BRDA:22,0,1,0
BRF:2
BRH:0
end_of_record
TN:
SF:src\features\goals\hooks\useGoals.ts
FN:7,computeStatus
FN:22,useGoals
FN:24,(anonymous_2)
FN:25,(anonymous_3)
FN:29,(anonymous_4)
FN:38,(anonymous_5)
FN:55,(anonymous_6)
FN:56,(anonymous_7)
FN:57,(anonymous_8)
FN:67,(anonymous_9)
FN:68,(anonymous_10)
FN:69,(anonymous_11)
FN:77,(anonymous_12)
FN:79,(anonymous_13)
FN:80,(anonymous_14)
FN:83,(anonymous_15)
FN:98,(anonymous_16)
FN:99,(anonymous_17)
FN:100,(anonymous_18)
FN:101,(anonymous_19)
FN:102,(anonymous_20)
FN:103,(anonymous_21)
FN:116,(anonymous_22)
FN:117,(anonymous_23)
FN:118,(anonymous_24)
FN:119,(anonymous_25)
FNF:26
FNH:0
FNDA:0,computeStatus
FNDA:0,useGoals
FNDA:0,(anonymous_2)
FNDA:0,(anonymous_3)
FNDA:0,(anonymous_4)
FNDA:0,(anonymous_5)
FNDA:0,(anonymous_6)
FNDA:0,(anonymous_7)
FNDA:0,(anonymous_8)
FNDA:0,(anonymous_9)
FNDA:0,(anonymous_10)
FNDA:0,(anonymous_11)
FNDA:0,(anonymous_12)
FNDA:0,(anonymous_13)
FNDA:0,(anonymous_14)
FNDA:0,(anonymous_15)
FNDA:0,(anonymous_16)
FNDA:0,(anonymous_17)
FNDA:0,(anonymous_18)
FNDA:0,(anonymous_19)
FNDA:0,(anonymous_20)
FNDA:0,(anonymous_21)
FNDA:0,(anonymous_22)
FNDA:0,(anonymous_23)
FNDA:0,(anonymous_24)
FNDA:0,(anonymous_25)
DA:8,0
DA:10,0
DA:11,0
DA:12,0
DA:13,0
DA:14,0
DA:15,0
DA:17,0
DA:18,0
DA:19,0
DA:23,0
DA:24,0
DA:25,0
DA:26,0
DA:28,0
DA:30,0
DA:32,0
DA:38,0
DA:39,0
DA:48,0
DA:54,0
DA:56,0
DA:57,0
DA:58,0
DA:60,0
DA:66,0
DA:68,0
DA:69,0
DA:70,0
DA:76,0
DA:79,0
DA:80,0
DA:81,0
DA:82,0
DA:83,0
DA:84,0
DA:92,0
DA:98,0
DA:99,0
DA:100,0
DA:101,0
DA:102,0
DA:103,0
DA:105,0
DA:115,0
DA:116,0
DA:117,0
DA:118,0
DA:119,0
DA:124,0
LF:50
LH:0
BRDA:8,0,0,0
BRDA:8,0,1,0
BRDA:15,1,0,0
BRDA:15,1,1,0
BRDA:17,2,0,0
BRDA:17,2,1,0
BRDA:18,3,0,0
BRDA:18,3,1,0
BRDA:30,4,0,0
BRDA:30,4,1,0
BRDA:58,5,0,0
BRDA:58,5,1,0
BRDA:81,6,0,0
BRDA:81,6,1,0
BRDA:84,7,0,0
BRDA:84,7,1,0
BRDA:110,8,0,0
BRDA:110,8,1,0
BRF:18
BRH:0
end_of_record
TN:
SF:src\features\goals\utils\suggestGoals.ts
FN:11,suggestGoals
FN:16,(anonymous_1)
FN:21,(anonymous_2)
FN:21,(anonymous_3)
FN:33,(anonymous_4)
FN:38,(anonymous_5)
FN:45,(anonymous_6)
FN:47,(anonymous_7)
FNF:8
FNH:0
FNDA:0,suggestGoals
FNDA:0,(anonymous_1)
FNDA:0,(anonymous_2)
FNDA:0,(anonymous_3)
FNDA:0,(anonymous_4)
FNDA:0,(anonymous_5)
FNDA:0,(anonymous_6)
FNDA:0,(anonymous_7)
DA:15,0
DA:16,0
DA:19,0
DA:21,0
DA:23,0
DA:33,0
DA:34,0
DA:35,0
DA:38,0
DA:45,0
DA:46,0
DA:47,0
DA:48,0
DA:57,0
LF:14
LH:0
BRDA:19,0,0,0
BRDA:19,0,1,0
BRDA:33,1,0,0
BRDA:33,1,1,0
BRDA:34,2,0,0
BRDA:34,2,1,0
BRDA:34,3,0,0
BRDA:34,3,1,0
BRDA:46,4,0,0
BRDA:46,4,1,0
BRDA:46,5,0,0
BRDA:46,5,1,0
BRF:12
BRH:0
end_of_record
TN:
SF:src\features\sync\parsers\csv.ts
FN:5,parseCSVLocally
FN:6,(anonymous_1)
FN:9,(anonymous_2)
FN:29,(anonymous_3)
FN:32,(anonymous_4)
FN:35,(anonymous_5)
FN:38,(anonymous_6)
FN:41,(anonymous_7)
FN:42,(anonymous_8)
FN:53,(anonymous_9)
FN:104,(anonymous_10)
FN:108,(anonymous_11)
FNF:12
FNH:0
FNDA:0,parseCSVLocally
FNDA:0,(anonymous_1)
FNDA:0,(anonymous_2)
FNDA:0,(anonymous_3)
FNDA:0,(anonymous_4)
FNDA:0,(anonymous_5)
FNDA:0,(anonymous_6)
FNDA:0,(anonymous_7)
FNDA:0,(anonymous_8)
FNDA:0,(anonymous_9)
FNDA:0,(anonymous_10)
FNDA:0,(anonymous_11)
DA:6,0
DA:7,0
DA:9,0
DA:10,0
DA:11,0
DA:12,0
DA:13,0
DA:14,0
DA:15,0
DA:16,0
DA:17,0
DA:18,0
DA:19,0
DA:20,0
DA:21,0
DA:22,0
DA:23,0
DA:25,0
DA:26,0
DA:29,0
DA:31,0
DA:33,0
DA:36,0
DA:39,0
DA:41,0
DA:42,0
DA:45,0
DA:46,0
DA:47,0
DA:49,0
DA:51,0
DA:52,0
DA:53,0
DA:55,0
DA:56,0
DA:57,0
DA:58,0
DA:59,0
DA:61,0
DA:62,0
DA:63,0
DA:65,0
DA:66,0
DA:68,0
DA:69,0
DA:73,0
DA:74,0
DA:76,0
DA:78,0
DA:79,0
DA:80,0
DA:82,0
DA:88,0
DA:103,0
DA:104,0
DA:105,0
DA:106,0
DA:107,0
DA:108,0
DA:109,0
DA:110,0
DA:111,0
DA:116,0
LF:63
LH:0
BRDA:7,0,0,0
BRDA:7,0,1,0
BRDA:15,1,0,0
BRDA:15,1,1,0
BRDA:16,2,0,0
BRDA:16,2,1,0
BRDA:16,3,0,0
BRDA:16,3,1,0
BRDA:20,4,0,0
BRDA:20,4,1,0
BRDA:20,5,0,0
BRDA:20,5,1,0
BRDA:45,6,0,0
BRDA:45,6,1,0
BRDA:46,7,0,0
BRDA:46,7,1,0
BRDA:47,8,0,0
BRDA:47,8,1,0
BRDA:53,9,0,0
BRDA:53,9,1,0
BRDA:53,10,0,0
BRDA:53,10,1,0
BRDA:55,11,0,0
BRDA:55,11,1,0
BRDA:56,12,0,0
BRDA:56,12,1,0
BRDA:57,13,0,0
BRDA:57,13,1,0
BRDA:58,14,0,0
BRDA:58,14,1,0
BRDA:58,15,0,0
BRDA:58,15,1,0
BRDA:59,16,0,0
BRDA:59,16,1,0
BRDA:59,17,0,0
BRDA:59,17,1,0
BRDA:63,18,0,0
BRDA:63,18,1,0
BRDA:66,19,0,0
BRDA:66,19,1,0
BRDA:69,20,0,0
BRDA:69,20,1,0
BRDA:73,21,0,0
BRDA:73,21,1,0
BRDA:74,22,0,0
BRDA:74,22,1,0
BRDA:78,23,0,0
BRDA:78,23,1,0
BRDA:78,24,0,0
BRDA:78,24,1,0
BRDA:78,25,0,0
BRDA:78,25,1,0
BRDA:79,26,0,0
BRDA:79,26,1,0
BRDA:82,27,0,0
BRDA:82,27,1,0
BRDA:84,28,0,0
BRDA:84,28,1,0
BRDA:103,29,0,0
BRDA:103,29,1,0
BRDA:107,30,0,0
BRDA:107,30,1,0
BRF:62
BRH:0
end_of_record
TN:
SF:src\features\sync\parsers\ondc.ts
FN:66,detectCategory
FN:81,(anonymous_1)
FN:90,(anonymous_2)
FN:99,(anonymous_3)
FN:109,(anonymous_4)
FN:133,parseONDCNotification
FN:191,parseONDCDate
FN:230,parseMultipleONDCMessages
FN:233,(anonymous_8)
FN:234,(anonymous_9)
FN:246,ondToAppTransaction
FNF:11
FNH:0
FNDA:0,detectCategory
FNDA:0,(anonymous_1)
FNDA:0,(anonymous_2)
FNDA:0,(anonymous_3)
FNDA:0,(anonymous_4)
FNDA:0,parseONDCNotification
FNDA:0,parseONDCDate
FNDA:0,parseMultipleONDCMessages
FNDA:0,(anonymous_8)
FNDA:0,(anonymous_9)
FNDA:0,ondToAppTransaction
DA:29,0
DA:67,0
DA:68,0
DA:69,0
DA:71,0
DA:76,0
DA:81,0
DA:90,0
DA:99,0
DA:109,0
DA:119,0
DA:134,0
DA:136,0
DA:137,0
DA:138,0
DA:139,0
DA:140,0
DA:143,0
DA:144,0
DA:145,0
DA:146,0
DA:147,0
DA:148,0
DA:149,0
DA:150,0
DA:154,0
DA:155,0
DA:156,0
DA:159,0
DA:161,0
DA:163,0
DA:164,0
DA:165,0
DA:169,0
DA:170,0
DA:171,0
DA:175,0
DA:177,0
DA:192,0
DA:195,0
DA:196,0
DA:197,0
DA:198,0
DA:199,0
DA:203,0
DA:204,0
DA:205,0
DA:219,0
DA:220,0
DA:221,0
DA:224,0
DA:231,0
DA:233,0
DA:234,0
DA:236,0
DA:237,0
DA:238,0
DA:239,0
DA:241,0
DA:250,0
LF:60
LH:0
BRDA:69,0,0,0
BRDA:69,0,1,0
BRDA:134,1,0,0
BRDA:134,1,1,0
BRDA:145,2,0,0
BRDA:145,2,1,0
BRDA:147,3,0,0
BRDA:147,3,1,0
BRDA:148,4,0,0
BRDA:148,4,1,0
BRDA:149,5,0,0
BRDA:149,5,1,0
BRDA:150,6,0,0
BRDA:150,6,1,0
BRDA:154,7,0,0
BRDA:154,7,1,0
BRDA:156,8,0,0
BRDA:156,8,1,0
BRDA:159,9,0,0
BRDA:159,9,1,0
BRDA:159,10,0,0
BRDA:159,10,1,0
BRDA:161,11,0,0
BRDA:161,11,1,0
BRDA:163,12,0,0
BRDA:163,12,1,0
BRDA:165,13,0,0
BRDA:165,13,1,0
BRDA:170,14,0,0
BRDA:170,14,1,0
BRDA:175,15,0,0
BRDA:175,15,1,0
BRDA:175,16,0,0
BRDA:175,16,1,0
BRDA:175,17,0,0
BRDA:175,17,1,0
BRDA:184,18,0,0
BRDA:184,18,1,0
BRDA:185,19,0,0
BRDA:185,19,1,0
BRDA:192,20,0,0
BRDA:192,20,1,0
BRDA:196,21,0,0
BRDA:196,21,1,0
BRDA:198,22,0,0
BRDA:198,22,1,0
BRDA:204,23,0,0
BRDA:204,23,1,0
BRDA:220,24,0,0
BRDA:220,24,1,0
BRDA:221,25,0,0
BRDA:221,25,1,0
BRDA:239,26,0,0
BRDA:239,26,1,0
BRDA:248,27,0,0
BRDA:256,28,0,0
BRDA:256,28,1,0
BRF:57
BRH:0
end_of_record
TN:
SF:src\features\sync\parsers\upi.ts
FN:175,detectCategory
FN:200,(anonymous_1)
FN:210,(anonymous_2)
FN:221,(anonymous_3)
FN:231,(anonymous_4)
FN:241,(anonymous_5)
FN:251,(anonymous_6)
FN:259,(anonymous_7)
FN:268,(anonymous_8)
FN:279,(anonymous_9)
FN:289,(anonymous_10)
FN:300,(anonymous_11)
FN:311,(anonymous_12)
FN:321,(anonymous_13)
FN:333,(anonymous_14)
FN:343,(anonymous_15)
FN:354,(anonymous_16)
FN:380,(anonymous_17)
FN:391,(anonymous_18)
FN:401,(anonymous_19)
FN:412,(anonymous_20)
FN:422,(anonymous_21)
FN:431,(anonymous_22)
FN:440,(anonymous_23)
FN:447,detectMandateProvider
FN:457,detectMandateType
FN:467,detectMandateFrequency
FN:479,parseUPIMandateString
FN:542,parseMultipleMandateStrings
FN:545,(anonymous_29)
FN:546,(anonymous_30)
FN:556,parseIndianDate
FN:595,parseUPIString
FN:636,(anonymous_33)
FN:673,parseMultipleUPIStrings
FN:677,(anonymous_35)
FN:678,(anonymous_36)
FN:690,markDuplicates
FN:694,(anonymous_38)
FN:695,(anonymous_39)
FN:782,detectBankProfile
FN:783,(anonymous_41)
FN:786,(anonymous_42)
FN:786,(anonymous_43)
FN:792,getCol
FN:794,(anonymous_45)
FN:803,parseCSVStatement
FN:806,(anonymous_47)
FN:807,(anonymous_48)
FN:822,(anonymous_49)
FN:844,(anonymous_50)
FN:880,(anonymous_51)
FN:925,fetchRazorpayTransactions
FN:960,(anonymous_53)
FN:961,(anonymous_54)
FN:981,toAppTransaction
FN:1004,generateRealisticMocks
FN:1052,(anonymous_57)
FNF:58
FNH:2
FNDA:2,detectCategory
FNDA:0,(anonymous_1)
FNDA:0,(anonymous_2)
FNDA:0,(anonymous_3)
FNDA:0,(anonymous_4)
FNDA:0,(anonymous_5)
FNDA:0,(anonymous_6)
FNDA:0,(anonymous_7)
FNDA:0,(anonymous_8)
FNDA:0,(anonymous_9)
FNDA:0,(anonymous_10)
FNDA:0,(anonymous_11)
FNDA:0,(anonymous_12)
FNDA:0,(anonymous_13)
FNDA:0,(anonymous_14)
FNDA:0,(anonymous_15)
FNDA:0,(anonymous_16)
FNDA:0,(anonymous_17)
FNDA:0,(anonymous_18)
FNDA:0,(anonymous_19)
FNDA:0,(anonymous_20)
FNDA:0,(anonymous_21)
FNDA:0,(anonymous_22)
FNDA:0,(anonymous_23)
FNDA:0,detectMandateProvider
FNDA:0,detectMandateType
FNDA:0,detectMandateFrequency
FNDA:0,parseUPIMandateString
FNDA:0,parseMultipleMandateStrings
FNDA:0,(anonymous_29)
FNDA:0,(anonymous_30)
FNDA:0,parseIndianDate
FNDA:4,parseUPIString
FNDA:0,(anonymous_33)
FNDA:0,parseMultipleUPIStrings
FNDA:0,(anonymous_35)
FNDA:0,(anonymous_36)
FNDA:0,markDuplicates
FNDA:0,(anonymous_38)
FNDA:0,(anonymous_39)
FNDA:0,detectBankProfile
FNDA:0,(anonymous_41)
FNDA:0,(anonymous_42)
FNDA:0,(anonymous_43)
FNDA:0,getCol
FNDA:0,(anonymous_45)
FNDA:0,parseCSVStatement
FNDA:0,(anonymous_47)
FNDA:0,(anonymous_48)
FNDA:0,(anonymous_49)
FNDA:0,(anonymous_50)
FNDA:0,(anonymous_51)
FNDA:0,fetchRazorpayTransactions
FNDA:0,(anonymous_53)
FNDA:0,(anonymous_54)
FNDA:0,toAppTransaction
FNDA:0,generateRealisticMocks
FNDA:0,(anonymous_57)
DA:41,1
DA:176,2
DA:179,2
DA:180,2
DA:183,2
DA:184,224
DA:187,2
DA:195,1
DA:200,0
DA:210,0
DA:221,0
DA:231,0
DA:241,0
DA:251,0
DA:259,0
DA:268,0
DA:279,0
DA:289,0
DA:300,0
DA:311,0
DA:321,0
DA:333,0
DA:343,0
DA:354,0
DA:375,1
DA:380,0
DA:391,0
DA:401,0
DA:412,0
DA:422,0
DA:431,0
DA:440,0
DA:448,0
DA:449,0
DA:450,0
DA:451,0
DA:452,0
DA:453,0
DA:454,0
DA:458,0
DA:459,0
DA:460,0
DA:461,0
DA:462,0
DA:463,0
DA:464,0
DA:468,0
DA:469,0
DA:470,0
DA:471,0
DA:472,0
DA:473,0
DA:480,0
DA:482,0
DA:483,0
DA:484,0
DA:485,0
DA:486,0
DA:488,0
DA:489,0
DA:490,0
DA:491,0
DA:492,0
DA:493,0
DA:494,0
DA:495,0
DA:496,0
DA:499,0
DA:500,0
DA:501,0
DA:504,0
DA:505,0
DA:507,0
DA:509,0
DA:510,0
DA:511,0
DA:513,0
DA:516,0
DA:517,0
DA:518,0
DA:519,0
DA:520,0
DA:521,0
DA:523,0
DA:543,0
DA:545,0
DA:546,0
DA:548,0
DA:549,0
DA:550,0
DA:551,0
DA:553,0
DA:557,0
DA:560,0
DA:561,0
DA:562,0
DA:563,0
DA:564,0
DA:568,0
DA:569,0
DA:570,0
DA:584,0
DA:585,0
DA:586,0
DA:589,0
DA:596,4
DA:598,3
DA:599,3
DA:600,3
DA:601,3
DA:602,3
DA:603,3
DA:604,3
DA:607,3
DA:608,48
DA:609,48
DA:610,0
DA:611,0
DA:612,0
DA:613,0
DA:614,0
DA:615,0
DA:616,0
DA:617,0
DA:621,3
DA:623,3
DA:626,3
DA:629,3
DA:632,2
DA:633,0
DA:636,0
DA:640,2
DA:643,2
DA:644,0
DA:648,2
DA:649,2
DA:652,2
DA:654,4
DA:675,0
DA:677,0
DA:678,0
DA:680,0
DA:681,0
DA:682,0
DA:683,0
DA:685,0
DA:694,0
DA:695,0
DA:696,0
DA:697,0
DA:698,0
DA:699,0
DA:702,0
DA:704,0
DA:721,1
DA:783,0
DA:784,0
DA:785,0
DA:786,0
DA:787,0
DA:789,0
DA:793,0
DA:794,0
DA:795,0
DA:804,0
DA:806,0
DA:807,0
DA:809,0
DA:812,0
DA:813,0
DA:814,0
DA:815,0
DA:816,0
DA:817,0
DA:822,0
DA:823,0
DA:824,0
DA:825,0
DA:826,0
DA:827,0
DA:828,0
DA:829,0
DA:831,0
DA:832,0
DA:833,0
DA:834,0
DA:836,0
DA:838,0
DA:839,0
DA:842,0
DA:843,0
DA:844,0
DA:848,0
DA:850,0
DA:851,0
DA:852,0
DA:854,0
DA:855,0
DA:856,0
DA:857,0
DA:858,0
DA:860,0
DA:862,0
DA:863,0
DA:865,0
DA:866,0
DA:868,0
DA:871,0
DA:872,0
DA:876,0
DA:877,0
DA:880,0
DA:884,0
DA:896,0
DA:898,0
DA:911,0
DA:929,0
DA:931,0
DA:932,0
DA:933,0
DA:938,0
DA:939,0
DA:940,0
DA:942,0
DA:951,0
DA:952,0
DA:953,0
DA:955,0
DA:957,0
DA:959,0
DA:960,0
DA:961,0
DA:985,0
DA:996,1
DA:1005,0
DA:1028,0
DA:1029,0
DA:1031,0
DA:1032,0
DA:1033,0
DA:1036,0
DA:1037,0
DA:1039,0
DA:1052,0
LF:244
LH:33
BRDA:179,0,0,2
BRDA:179,0,1,0
BRDA:180,1,0,0
BRDA:180,1,1,2
BRDA:184,2,0,0
BRDA:184,2,1,224
BRDA:201,3,0,0
BRDA:201,3,1,0
BRDA:211,4,0,0
BRDA:211,4,1,0
BRDA:222,5,0,0
BRDA:222,5,1,0
BRDA:242,6,0,0
BRDA:242,6,1,0
BRDA:384,7,0,0
BRDA:384,7,1,0
BRDA:394,8,0,0
BRDA:394,8,1,0
BRDA:405,9,0,0
BRDA:405,9,1,0
BRDA:416,10,0,0
BRDA:416,10,1,0
BRDA:449,11,0,0
BRDA:449,11,1,0
BRDA:450,12,0,0
BRDA:450,12,1,0
BRDA:450,13,0,0
BRDA:450,13,1,0
BRDA:451,14,0,0
BRDA:451,14,1,0
BRDA:452,15,0,0
BRDA:452,15,1,0
BRDA:453,16,0,0
BRDA:453,16,1,0
BRDA:459,17,0,0
BRDA:459,17,1,0
BRDA:460,18,0,0
BRDA:460,18,1,0
BRDA:461,19,0,0
BRDA:461,19,1,0
BRDA:462,20,0,0
BRDA:462,20,1,0
BRDA:469,21,0,0
BRDA:469,21,1,0
BRDA:470,22,0,0
BRDA:470,22,1,0
BRDA:471,23,0,0
BRDA:471,23,1,0
BRDA:472,24,0,0
BRDA:472,24,1,0
BRDA:480,25,0,0
BRDA:480,25,1,0
BRDA:490,26,0,0
BRDA:490,26,1,0
BRDA:492,27,0,0
BRDA:492,27,1,0
BRDA:493,28,0,0
BRDA:493,28,1,0
BRDA:494,29,0,0
BRDA:494,29,1,0
BRDA:495,30,0,0
BRDA:495,30,1,0
BRDA:496,31,0,0
BRDA:496,31,1,0
BRDA:499,32,0,0
BRDA:499,32,1,0
BRDA:499,33,0,0
BRDA:499,33,1,0
BRDA:501,34,0,0
BRDA:501,34,1,0
BRDA:504,35,0,0
BRDA:504,35,1,0
BRDA:504,36,0,0
BRDA:504,36,1,0
BRDA:505,37,0,0
BRDA:505,37,1,0
BRDA:505,38,0,0
BRDA:505,38,1,0
BRDA:507,39,0,0
BRDA:507,39,1,0
BRDA:517,40,0,0
BRDA:517,40,1,0
BRDA:517,41,0,0
BRDA:517,41,1,0
BRDA:518,42,0,0
BRDA:518,42,1,0
BRDA:519,43,0,0
BRDA:519,43,1,0
BRDA:520,44,0,0
BRDA:520,44,1,0
BRDA:525,45,0,0
BRDA:525,45,1,0
BRDA:529,46,0,0
BRDA:529,46,1,0
BRDA:532,47,0,0
BRDA:532,47,1,0
BRDA:551,48,0,0
BRDA:551,48,1,0
BRDA:557,49,0,0
BRDA:557,49,1,0
BRDA:561,50,0,0
BRDA:561,50,1,0
BRDA:563,51,0,0
BRDA:563,51,1,0
BRDA:569,52,0,0
BRDA:569,52,1,0
BRDA:585,53,0,0
BRDA:585,53,1,0
BRDA:586,54,0,0
BRDA:586,54,1,0
BRDA:596,55,0,1
BRDA:596,55,1,3
BRDA:609,56,0,48
BRDA:609,56,1,0
BRDA:611,57,0,0
BRDA:611,57,1,0
BRDA:612,58,0,0
BRDA:612,58,1,0
BRDA:613,59,0,0
BRDA:613,59,1,0
BRDA:614,60,0,0
BRDA:614,60,1,0
BRDA:615,61,0,0
BRDA:615,61,1,0
BRDA:616,62,0,0
BRDA:616,62,1,0
BRDA:617,63,0,0
BRDA:617,63,1,0
BRDA:621,64,0,3
BRDA:621,64,1,0
BRDA:623,65,0,3
BRDA:623,65,1,1
BRDA:623,65,2,1
BRDA:626,66,0,2
BRDA:626,66,1,1
BRDA:629,67,0,1
BRDA:629,67,1,2
BRDA:629,68,0,3
BRDA:629,68,1,2
BRDA:632,69,0,0
BRDA:632,69,1,2
BRDA:632,70,0,2
BRDA:632,70,1,2
BRDA:640,71,0,2
BRDA:640,71,1,0
BRDA:643,72,0,0
BRDA:643,72,1,2
BRDA:644,73,0,0
BRDA:644,73,1,0
BRDA:649,74,0,0
BRDA:649,74,1,2
BRDA:652,75,0,0
BRDA:652,75,1,2
BRDA:652,76,0,2
BRDA:652,76,1,0
BRDA:652,77,0,2
BRDA:652,77,1,0
BRDA:661,78,0,4
BRDA:661,78,1,2
BRDA:662,79,0,4
BRDA:662,79,1,2
BRDA:665,80,0,4
BRDA:665,80,1,2
BRDA:683,81,0,0
BRDA:683,81,1,0
BRDA:702,82,0,0
BRDA:702,82,1,0
BRDA:702,82,2,0
BRDA:702,82,3,0
BRDA:785,83,0,0
BRDA:785,83,1,0
BRDA:787,84,0,0
BRDA:787,84,1,0
BRDA:793,85,0,0
BRDA:793,85,1,0
BRDA:793,86,0,0
BRDA:793,86,1,0
BRDA:795,87,0,0
BRDA:795,87,1,0
BRDA:795,88,0,0
BRDA:795,88,1,0
BRDA:809,89,0,0
BRDA:809,89,1,0
BRDA:815,90,0,0
BRDA:815,90,1,0
BRDA:827,91,0,0
BRDA:827,91,1,0
BRDA:831,92,0,0
BRDA:831,92,1,0
BRDA:831,93,0,0
BRDA:831,93,1,0
BRDA:843,94,0,0
BRDA:843,94,1,0
BRDA:844,95,0,0
BRDA:844,95,1,0
BRDA:852,96,0,0
BRDA:852,96,1,0
BRDA:856,97,0,0
BRDA:856,97,1,0
BRDA:857,98,0,0
BRDA:857,98,1,0
BRDA:858,99,0,0
BRDA:858,99,1,0
BRDA:860,100,0,0
BRDA:860,100,1,0
BRDA:860,101,0,0
BRDA:860,101,1,0
BRDA:862,102,0,0
BRDA:862,102,1,0
BRDA:863,103,0,0
BRDA:863,103,1,0
BRDA:865,104,0,0
BRDA:865,104,1,0
BRDA:865,105,0,0
BRDA:865,105,1,0
BRDA:865,106,0,0
BRDA:865,106,1,0
BRDA:866,107,0,0
BRDA:866,107,1,0
BRDA:868,108,0,0
BRDA:868,108,1,0
BRDA:868,109,0,0
BRDA:868,109,1,0
BRDA:872,110,0,0
BRDA:872,110,1,0
BRDA:876,111,0,0
BRDA:876,111,1,0
BRDA:896,112,0,0
BRDA:896,112,1,0
BRDA:907,113,0,0
BRDA:907,113,1,0
BRDA:931,114,0,0
BRDA:931,114,1,0
BRDA:939,115,0,0
BRDA:939,115,1,0
BRDA:940,116,0,0
BRDA:940,116,1,0
BRDA:946,117,0,0
BRDA:946,117,1,0
BRDA:951,118,0,0
BRDA:951,118,1,0
BRDA:957,119,0,0
BRDA:957,119,1,0
BRDA:963,120,0,0
BRDA:963,120,1,0
BRDA:963,120,2,0
BRDA:983,121,0,0
BRDA:991,122,0,0
BRDA:991,122,1,0
BRDA:992,123,0,0
BRDA:992,123,1,0
BRF:251
BRH:31
end_of_record
TN:
SF:src\features\transactions\store\financeSlice.ts
FN:78,(anonymous_0)
FN:89,(anonymous_1)
FN:91,(anonymous_2)
FN:92,(anonymous_3)
FN:96,(anonymous_4)
FN:97,(anonymous_5)
FN:98,(anonymous_6)
FN:101,(anonymous_7)
FN:102,(anonymous_8)
FN:103,(anonymous_9)
FN:106,(anonymous_10)
FN:119,(anonymous_11)
FN:124,(anonymous_12)
FN:137,(anonymous_13)
FN:147,(anonymous_14)
FN:152,(anonymous_15)
FN:154,(anonymous_16)
FN:159,(anonymous_17)
FN:176,(anonymous_18)
FN:177,(anonymous_19)
FN:185,(anonymous_20)
FN:189,(anonymous_21)
FN:197,(anonymous_22)
FN:199,(anonymous_23)
FN:202,(anonymous_24)
FN:203,(anonymous_25)
FN:211,(anonymous_26)
FN:213,(anonymous_27)
FN:217,(anonymous_28)
FN:218,(anonymous_29)
FN:230,(anonymous_30)
FN:235,(anonymous_31)
FN:236,(anonymous_32)
FN:244,(anonymous_33)
FN:246,(anonymous_34)
FN:247,(anonymous_35)
FN:254,(anonymous_36)
FN:257,(anonymous_37)
FN:258,(anonymous_38)
FN:263,(anonymous_39)
FN:268,(anonymous_40)
FN:269,(anonymous_41)
FN:273,(anonymous_42)
FN:274,(anonymous_43)
FN:280,(anonymous_44)
FN:285,(anonymous_45)
FN:297,(anonymous_46)
FN:301,(anonymous_47)
FN:305,(anonymous_48)
FN:318,(anonymous_49)
FN:319,(anonymous_50)
FN:322,(anonymous_51)
FN:323,(anonymous_52)
FN:326,(anonymous_53)
FN:327,(anonymous_54)
FN:331,(anonymous_55)
FN:332,(anonymous_56)
FN:338,(anonymous_57)
FN:340,(anonymous_58)
FN:341,(anonymous_59)
FN:343,(anonymous_60)
FN:349,(anonymous_61)
FN:350,(anonymous_62)
FN:357,(anonymous_63)
FN:358,(anonymous_64)
FN:365,(anonymous_65)
FN:366,(anonymous_66)
FN:370,(anonymous_67)
FN:371,(anonymous_68)
FN:372,(anonymous_69)
FN:377,(anonymous_70)
FN:378,(anonymous_71)
FN:379,(anonymous_72)
FN:382,(anonymous_73)
FN:383,(anonymous_74)
FN:387,(anonymous_75)
FN:388,(anonymous_76)
FN:389,(anonymous_77)
FN:394,(anonymous_78)
FN:395,(anonymous_79)
FN:396,(anonymous_80)
FNF:81
FNH:70
FNDA:93,(anonymous_0)
FNDA:4,(anonymous_1)
FNDA:0,(anonymous_2)
FNDA:0,(anonymous_3)
FNDA:0,(anonymous_4)
FNDA:0,(anonymous_5)
FNDA:0,(anonymous_6)
FNDA:0,(anonymous_7)
FNDA:0,(anonymous_8)
FNDA:0,(anonymous_9)
FNDA:0,(anonymous_10)
FNDA:52,(anonymous_11)
FNDA:97,(anonymous_12)
FNDA:75,(anonymous_13)
FNDA:9,(anonymous_14)
FNDA:9,(anonymous_15)
FNDA:10,(anonymous_16)
FNDA:70,(anonymous_17)
FNDA:0,(anonymous_18)
FNDA:0,(anonymous_19)
FNDA:68,(anonymous_20)
FNDA:21,(anonymous_21)
FNDA:8,(anonymous_22)
FNDA:8,(anonymous_23)
FNDA:7,(anonymous_24)
FNDA:8,(anonymous_25)
FNDA:4,(anonymous_26)
FNDA:3,(anonymous_27)
FNDA:4,(anonymous_28)
FNDA:3,(anonymous_29)
FNDA:4,(anonymous_30)
FNDA:4,(anonymous_31)
FNDA:3,(anonymous_32)
FNDA:2,(anonymous_33)
FNDA:2,(anonymous_34)
FNDA:6,(anonymous_35)
FNDA:2,(anonymous_36)
FNDA:2,(anonymous_37)
FNDA:6,(anonymous_38)
FNDA:2,(anonymous_39)
FNDA:6,(anonymous_40)
FNDA:4,(anonymous_41)
FNDA:2,(anonymous_42)
FNDA:6,(anonymous_43)
FNDA:2,(anonymous_44)
FNDA:9,(anonymous_45)
FNDA:2,(anonymous_46)
FNDA:3,(anonymous_47)
FNDA:4,(anonymous_48)
FNDA:3,(anonymous_49)
FNDA:5,(anonymous_50)
FNDA:3,(anonymous_51)
FNDA:4,(anonymous_52)
FNDA:14,(anonymous_53)
FNDA:14,(anonymous_54)
FNDA:3,(anonymous_55)
FNDA:3,(anonymous_56)
FNDA:2,(anonymous_57)
FNDA:1,(anonymous_58)
FNDA:1,(anonymous_59)
FNDA:1,(anonymous_60)
FNDA:2,(anonymous_61)
FNDA:2,(anonymous_62)
FNDA:4,(anonymous_63)
FNDA:4,(anonymous_64)
FNDA:6,(anonymous_65)
FNDA:6,(anonymous_66)
FNDA:2,(anonymous_67)
FNDA:2,(anonymous_68)
FNDA:2,(anonymous_69)
FNDA:2,(anonymous_70)
FNDA:2,(anonymous_71)
FNDA:2,(anonymous_72)
FNDA:6,(anonymous_73)
FNDA:6,(anonymous_74)
FNDA:2,(anonymous_75)
FNDA:2,(anonymous_76)
FNDA:2,(anonymous_77)
FNDA:2,(anonymous_78)
FNDA:2,(anonymous_79)
FNDA:2,(anonymous_80)
DA:14,3
DA:78,93
DA:89,4
DA:92,0
DA:97,0
DA:98,0
DA:102,0
DA:103,0
DA:107,0
DA:108,0
DA:109,0
DA:110,0
DA:111,0
DA:112,0
DA:113,0
DA:114,0
DA:115,0
DA:116,0
DA:120,52
DA:121,52
DA:122,52
DA:124,52
DA:125,97
DA:126,85
DA:127,85
DA:129,85
DA:130,85
DA:131,85
DA:134,52
DA:138,75
DA:139,75
DA:140,75
DA:141,75
DA:142,75
DA:143,75
DA:144,75
DA:148,9
DA:149,9
DA:150,9
DA:151,9
DA:152,9
DA:153,9
DA:154,10
DA:155,9
DA:156,9
DA:160,70
DA:162,70
DA:164,69
DA:165,69
DA:168,69
DA:169,1
DA:170,1
DA:171,1
DA:173,0
DA:174,0
DA:175,0
DA:176,0
DA:177,0
DA:179,0
DA:180,0
DA:181,0
DA:185,68
DA:186,68
DA:190,21
DA:192,21
DA:193,20
DA:194,20
DA:198,8
DA:199,8
DA:200,8
DA:202,7
DA:204,8
DA:207,7
DA:208,7
DA:212,4
DA:213,4
DA:214,4
DA:215,4
DA:217,4
DA:219,3
DA:223,4
DA:225,4
DA:226,3
DA:231,4
DA:232,4
DA:233,4
DA:235,4
DA:237,3
DA:241,4
DA:245,2
DA:246,2
DA:248,6
DA:251,2
DA:255,2
DA:256,2
DA:257,2
DA:258,6
DA:260,2
DA:264,2
DA:265,2
DA:268,6
DA:269,4
DA:273,2
DA:275,6
DA:278,2
DA:280,2
DA:281,2
DA:286,9
DA:287,9
DA:288,7
DA:289,7
DA:293,7
DA:294,7
DA:298,2
DA:302,3
DA:303,3
DA:304,3
DA:305,3
DA:306,4
DA:307,2
DA:308,2
DA:310,2
DA:312,3
DA:313,2
DA:314,2
DA:319,5
DA:323,4
DA:327,14
DA:332,3
DA:333,3
DA:334,3
DA:335,3
DA:338,2
DA:341,1
DA:342,1
DA:343,1
DA:344,1
DA:346,1
DA:350,2
DA:358,4
DA:366,6
DA:371,2
DA:373,2
DA:378,2
DA:379,2
DA:383,6
DA:388,2
DA:390,2
DA:395,2
DA:396,2
LF:150
LH:127
BRDA:98,0,0,0
BRDA:98,0,1,0
BRDA:108,1,0,0
BRDA:108,1,1,0
BRDA:110,2,0,0
BRDA:110,2,1,0
BRDA:112,3,0,0
BRDA:112,3,1,0
BRDA:114,4,0,0
BRDA:114,4,1,0
BRDA:125,5,0,12
BRDA:125,5,1,85
BRDA:126,6,0,58
BRDA:126,6,1,27
BRDA:130,7,0,49
BRDA:130,7,1,36
BRDA:142,8,0,75
BRDA:142,8,1,39
BRDA:143,9,0,75
BRDA:143,9,1,39
BRDA:152,10,0,9
BRDA:152,10,1,0
BRDA:153,11,0,9
BRDA:153,11,1,0
BRDA:154,12,0,9
BRDA:154,12,1,0
BRDA:155,13,0,8
BRDA:155,13,1,1
BRDA:162,14,0,1
BRDA:162,14,1,69
BRDA:168,15,0,1
BRDA:168,15,1,68
BRDA:168,16,0,69
BRDA:168,16,1,68
BRDA:169,17,0,1
BRDA:169,17,1,0
BRDA:173,18,0,0
BRDA:173,18,1,0
BRDA:173,19,0,0
BRDA:173,19,1,0
BRDA:176,20,0,0
BRDA:176,20,1,0
BRDA:179,21,0,0
BRDA:179,21,1,0
BRDA:192,22,0,1
BRDA:192,22,1,20
BRDA:200,23,0,1
BRDA:200,23,1,7
BRDA:204,24,0,7
BRDA:204,24,1,1
BRDA:219,25,0,3
BRDA:219,25,1,0
BRDA:225,26,0,3
BRDA:225,26,1,1
BRDA:237,27,0,3
BRDA:237,27,1,0
BRDA:248,28,0,4
BRDA:248,28,1,2
BRDA:258,29,0,4
BRDA:258,29,1,2
BRDA:275,30,0,4
BRDA:275,30,1,2
BRDA:287,31,0,2
BRDA:287,31,1,7
BRDA:306,32,0,2
BRDA:306,32,1,2
BRDA:306,33,0,4
BRDA:306,33,1,4
BRDA:312,34,0,2
BRDA:312,34,1,1
BRDA:319,35,0,5
BRDA:319,35,1,3
BRDA:323,36,0,4
BRDA:323,36,1,2
BRDA:352,37,0,2
BRDA:352,37,1,0
BRDA:360,38,0,4
BRDA:360,38,1,0
BRDA:361,39,0,4
BRDA:361,39,1,0
BRDA:373,40,0,2
BRDA:373,40,1,0
BRDA:390,41,0,2
BRDA:390,41,1,0
BRF:84
BRH:55
end_of_record
TN:
SF:src\hooks\useAppState.ts
FN:12,useAppState
FN:18,(anonymous_1)
FN:18,(anonymous_2)
FNF:3
FNH:0
FNDA:0,useAppState
FNDA:0,(anonymous_1)
FNDA:0,(anonymous_2)
DA:13,0
DA:15,0
DA:17,0
DA:18,0
DA:22,0
DA:23,0
DA:24,0
DA:25,0
DA:26,0
DA:28,0
DA:40,0
DA:42,0
LF:12
LH:0
BRDA:13,0,0,0
BRDA:13,0,1,0
BRF:2
BRH:0
end_of_record
TN:
SF:src\hooks\useAuth.tsx
FN:35,(anonymous_0)
FN:36,(anonymous_1)
FN:37,(anonymous_2)
FN:38,(anonymous_3)
FN:39,(anonymous_4)
FN:40,(anonymous_5)
FN:43,(anonymous_6)
FN:44,(anonymous_7)
FN:64,(anonymous_8)
FN:73,(anonymous_9)
FN:84,(anonymous_10)
FN:86,(anonymous_11)
FN:123,(anonymous_12)
FN:125,(anonymous_13)
FN:151,(anonymous_14)
FN:152,(anonymous_15)
FN:155,(anonymous_16)
FN:156,(anonymous_17)
FN:160,(anonymous_18)
FN:179,(anonymous_19)
FNF:20
FNH:0
FNDA:0,(anonymous_0)
FNDA:0,(anonymous_1)
FNDA:0,(anonymous_2)
FNDA:0,(anonymous_3)
FNDA:0,(anonymous_4)
FNDA:0,(anonymous_5)
FNDA:0,(anonymous_6)
FNDA:0,(anonymous_7)
FNDA:0,(anonymous_8)
FNDA:0,(anonymous_9)
FNDA:0,(anonymous_10)
FNDA:0,(anonymous_11)
FNDA:0,(anonymous_12)
FNDA:0,(anonymous_13)
FNDA:0,(anonymous_14)
FNDA:0,(anonymous_15)
FNDA:0,(anonymous_16)
FNDA:0,(anonymous_17)
FNDA:0,(anonymous_18)
FNDA:0,(anonymous_19)
DA:29,0
DA:43,0
DA:44,0
DA:45,0
DA:46,0
DA:50,0
DA:52,0
DA:54,0
DA:55,0
DA:58,0
DA:59,0
DA:62,0
DA:64,0
DA:65,0
DA:66,0
DA:70,0
DA:73,0
DA:75,0
DA:77,0
DA:79,0
DA:80,0
DA:81,0
DA:84,0
DA:85,0
DA:86,0
DA:88,0
DA:97,0
DA:98,0
DA:100,0
DA:101,0
DA:102,0
DA:103,0
DA:104,0
DA:109,0
DA:111,0
DA:112,0
DA:117,0
DA:118,0
DA:119,0
DA:123,0
DA:124,0
DA:125,0
DA:127,0
DA:136,0
DA:137,0
DA:138,0
DA:140,0
DA:141,0
DA:146,0
DA:147,0
DA:148,0
DA:151,0
DA:152,0
DA:155,0
DA:156,0
DA:159,0
DA:160,0
DA:176,0
DA:179,0
DA:180,0
DA:181,0
DA:182,0
DA:184,0
LF:63
LH:0
BRDA:46,0,0,0
BRDA:46,0,1,0
BRDA:50,1,0,0
BRDA:50,1,1,0
BRDA:75,2,0,0
BRDA:75,2,1,0
BRDA:85,3,0,0
BRDA:85,3,1,0
BRDA:103,4,0,0
BRDA:103,4,1,0
BRDA:124,5,0,0
BRDA:124,5,1,0
BRDA:134,6,0,0
BRDA:134,6,1,0
BRDA:144,7,0,0
BRDA:144,7,1,0
BRDA:162,8,0,0
BRDA:162,8,1,0
BRDA:181,9,0,0
BRDA:181,9,1,0
BRF:20
BRH:0
end_of_record
TN:
SF:src\hooks\useBudgets.ts
FN:8,useBudgets
FN:9,(anonymous_1)
FN:10,(anonymous_2)
FN:14,(anonymous_3)
FN:15,(anonymous_4)
FN:16,(anonymous_5)
FN:20,(anonymous_6)
FN:49,(anonymous_7)
FN:65,(anonymous_8)
FN:104,(anonymous_9)
FN:105,(anonymous_10)
FN:106,(anonymous_11)
FN:110,(anonymous_12)
FN:110,(anonymous_13)
FN:114,(anonymous_14)
FN:114,(anonymous_15)
FN:118,(anonymous_16)
FN:127,(anonymous_17)
FN:141,(anonymous_18)
FN:142,(anonymous_19)
FN:143,(anonymous_20)
FNF:21
FNH:21
FNDA:12,useBudgets
FNDA:12,(anonymous_1)
FNDA:12,(anonymous_2)
FNDA:12,(anonymous_3)
FNDA:12,(anonymous_4)
FNDA:12,(anonymous_5)
FNDA:12,(anonymous_6)
FNDA:9,(anonymous_7)
FNDA:11,(anonymous_8)
FNDA:11,(anonymous_9)
FNDA:11,(anonymous_10)
FNDA:11,(anonymous_11)
FNDA:12,(anonymous_12)
FNDA:11,(anonymous_13)
FNDA:12,(anonymous_14)
FNDA:11,(anonymous_15)
FNDA:12,(anonymous_16)
FNDA:1,(anonymous_17)
FNDA:12,(anonymous_18)
FNDA:12,(anonymous_19)
FNDA:12,(anonymous_20)
DA:9,12
DA:10,12
DA:14,12
DA:15,12
DA:16,12
DA:17,12
DA:18,12
DA:20,12
DA:22,12
DA:23,12
DA:26,12
DA:27,2
DA:28,2
DA:29,2
DA:30,10
DA:31,1
DA:32,1
DA:34,9
DA:35,9
DA:36,9
DA:38,12
DA:39,12
DA:41,12
DA:42,12
DA:43,12
DA:46,12
DA:47,12
DA:49,12
DA:50,9
DA:51,9
DA:52,8
DA:53,1
DA:54,1
DA:63,12
DA:65,12
DA:66,11
DA:67,11
DA:68,11
DA:70,11
DA:71,1
DA:72,1
DA:73,1
DA:74,1
DA:77,11
DA:78,11
DA:80,11
DA:81,11
DA:82,1
DA:84,11
DA:103,12
DA:104,11
DA:105,11
DA:106,12
DA:107,12
DA:109,12
DA:110,12
DA:113,12
DA:114,12
DA:117,12
DA:119,12
DA:126,12
DA:127,1
DA:131,12
DA:141,12
DA:142,12
DA:143,12
LF:66
LH:66
BRDA:10,0,0,12
BRDA:10,0,1,0
BRDA:26,1,0,2
BRDA:26,1,1,10
BRDA:30,2,0,1
BRDA:30,2,1,9
BRDA:50,3,0,9
BRDA:50,3,1,0
BRDA:51,4,0,8
BRDA:51,4,1,1
BRDA:51,5,0,9
BRDA:51,5,1,8
BRDA:52,6,0,8
BRDA:52,6,1,7
BRDA:53,7,0,1
BRDA:53,7,1,0
BRDA:53,8,0,1
BRDA:53,8,1,1
BRDA:56,9,0,1
BRDA:56,9,1,1
BRDA:66,10,0,11
BRDA:66,10,1,4
BRDA:70,11,0,1
BRDA:70,11,1,10
BRDA:71,12,0,1
BRDA:71,12,1,0
BRDA:77,13,0,11
BRDA:77,13,1,0
BRDA:81,14,0,3
BRDA:81,14,1,8
BRDA:81,15,0,1
BRDA:81,15,1,7
BRDA:104,16,0,11
BRDA:104,16,1,11
BRDA:107,17,0,6
BRDA:107,17,1,6
BRDA:110,18,0,11
BRDA:110,18,1,4
BRDA:119,19,0,2
BRDA:119,19,1,10
BRDA:121,20,0,1
BRDA:121,20,1,9
BRF:42
BRH:37
end_of_record
TN:
SF:src\hooks\useCategories.tsx
FN:23,CategoryProvider
FN:24,(anonymous_1)
FN:34,(anonymous_2)
FN:38,(anonymous_3)
FN:41,(anonymous_4)
FN:44,(anonymous_5)
FN:45,(anonymous_6)
FN:45,(anonymous_7)
FN:48,(anonymous_8)
FN:49,(anonymous_9)
FN:49,(anonymous_10)
FN:52,(anonymous_11)
FN:60,(anonymous_12)
FN:72,(anonymous_13)
FN:74,(anonymous_14)
FN:76,(anonymous_15)
FN:77,(anonymous_16)
FN:84,(anonymous_17)
FN:86,(anonymous_18)
FN:90,(anonymous_19)
FN:92,(anonymous_20)
FN:96,(anonymous_21)
FN:119,(anonymous_22)
FN:125,(anonymous_23)
FN:127,(anonymous_24)
FN:130,(anonymous_25)
FN:136,(anonymous_26)
FN:138,(anonymous_27)
FN:163,useCategories
FNF:29
FNH:0
FNDA:0,CategoryProvider
FNDA:0,(anonymous_1)
FNDA:0,(anonymous_2)
FNDA:0,(anonymous_3)
FNDA:0,(anonymous_4)
FNDA:0,(anonymous_5)
FNDA:0,(anonymous_6)
FNDA:0,(anonymous_7)
FNDA:0,(anonymous_8)
FNDA:0,(anonymous_9)
FNDA:0,(anonymous_10)
FNDA:0,(anonymous_11)
FNDA:0,(anonymous_12)
FNDA:0,(anonymous_13)
FNDA:0,(anonymous_14)
FNDA:0,(anonymous_15)
FNDA:0,(anonymous_16)
FNDA:0,(anonymous_17)
FNDA:0,(anonymous_18)
FNDA:0,(anonymous_19)
FNDA:0,(anonymous_20)
FNDA:0,(anonymous_21)
FNDA:0,(anonymous_22)
FNDA:0,(anonymous_23)
FNDA:0,(anonymous_24)
FNDA:0,(anonymous_25)
FNDA:0,(anonymous_26)
[...]
FNF:13
FNH:0
FNDA:0,useRecurring
FNDA:0,(anonymous_1)
FNDA:0,(anonymous_2)
FNDA:0,(anonymous_3)
FNDA:0,(anonymous_4)
FNDA:0,(anonymous_5)
FNDA:0,(anonymous_6)
FNDA:0,(anonymous_7)
FNDA:0,(anonymous_8)
FNDA:0,(anonymous_9)
FNDA:0,(anonymous_10)
FNDA:0,useRecurringPatterns
FNDA:0,(anonymous_12)
DA:7,0
DA:8,0
DA:9,0
DA:10,0
DA:11,0
DA:12,0
DA:13,0
DA:14,0
DA:15,0
DA:17,0
DA:18,0
DA:22,0
DA:38,0
LF:13
LH:0
BRF:0
BRH:0
end_of_record
TN:
SF:src\hooks\useReferral.ts
FN:1,useReferral
FN:6,(anonymous_1)
FNF:2
FNH:0
FNDA:0,useReferral
FNDA:0,(anonymous_1)
DA:2,0
DA:3,0
DA:4,0
DA:6,0
DA:7,0
DA:8,0
DA:14,0
LF:7
LH:0
BRDA:2,0,0,0
BRDA:2,0,1,0
BRDA:4,1,0,0
BRDA:4,1,1,0
BRDA:10,2,0,0
BRDA:10,2,1,0
BRF:6
BRH:0
end_of_record
TN:
SF:src\hooks\useTheme.ts
FN:6,loadTheme
FN:21,applyTheme
FN:32,useTheme
FN:36,(anonymous_3)
FN:45,(anonymous_4)
FN:46,(anonymous_5)
FN:49,(anonymous_6)
FN:50,(anonymous_7)
FNF:8
FNH:0
FNDA:0,loadTheme
FNDA:0,applyTheme
FNDA:0,useTheme
FNDA:0,(anonymous_3)
FNDA:0,(anonymous_4)
FNDA:0,(anonymous_5)
FNDA:0,(anonymous_6)
FNDA:0,(anonymous_7)
DA:4,0
DA:7,0
DA:8,0
DA:9,0
DA:11,0
DA:15,0
DA:22,0
DA:23,0
DA:24,0
DA:26,0
DA:33,0
DA:36,0
DA:37,0
DA:38,0
DA:39,0
DA:45,0
DA:46,0
DA:49,0
DA:50,0
DA:52,0
LF:20
LH:0
BRDA:9,0,0,0
BRDA:9,0,1,0
BRDA:9,1,0,0
BRDA:9,1,1,0
BRDA:11,2,0,0
BRDA:11,2,1,0
BRDA:23,3,0,0
BRDA:23,3,1,0
BRDA:46,4,0,0
BRDA:46,4,1,0
BRF:10
BRH:0
end_of_record
TN:
SF:src\hooks\useTransactions.ts
FN:18,useTransactions
FN:21,(anonymous_1)
FN:22,(anonymous_2)
FN:23,(anonymous_3)
FN:24,(anonymous_4)
FN:25,(anonymous_5)
FN:26,(anonymous_6)
FN:27,(anonymous_7)
FN:28,(anonymous_8)
FN:29,(anonymous_9)
FN:30,(anonymous_10)
FN:31,(anonymous_11)
FN:32,(anonymous_12)
FN:34,(anonymous_13)
FN:37,(anonymous_14)
FN:45,(anonymous_15)
FN:47,(anonymous_16)
FN:54,(anonymous_17)
FN:56,(anonymous_18)
FN:62,(anonymous_19)
FN:66,(anonymous_20)
FN:66,(anonymous_21)
FN:70,(anonymous_22)
FN:74,(anonymous_23)
FN:75,(anonymous_24)
FN:79,(anonymous_25)
FN:86,(anonymous_26)
FN:91,(anonymous_27)
FN:94,(anonymous_28)
FN:95,(anonymous_29)
FN:97,(anonymous_30)
FN:98,(anonymous_31)
FN:105,(anonymous_32)
FN:106,(anonymous_33)
FN:109,(anonymous_34)
FN:123,(anonymous_35)
FN:127,(anonymous_36)
FN:144,(anonymous_37)
FN:159,(anonymous_38)
FN:164,(anonymous_39)
FN:191,(anonymous_40)
FN:200,(anonymous_41)
FNF:42
FNH:0
FNDA:0,useTransactions
FNDA:0,(anonymous_1)
FNDA:0,(anonymous_2)
FNDA:0,(anonymous_3)
FNDA:0,(anonymous_4)
FNDA:0,(anonymous_5)
FNDA:0,(anonymous_6)
FNDA:0,(anonymous_7)
FNDA:0,(anonymous_8)
FNDA:0,(anonymous_9)
FNDA:0,(anonymous_10)
FNDA:0,(anonymous_11)
FNDA:0,(anonymous_12)
FNDA:0,(anonymous_13)
FNDA:0,(anonymous_14)
FNDA:0,(anonymous_15)
FNDA:0,(anonymous_16)
FNDA:0,(anonymous_17)
FNDA:0,(anonymous_18)
FNDA:0,(anonymous_19)
FNDA:0,(anonymous_20)
FNDA:0,(anonymous_21)
FNDA:0,(anonymous_22)
FNDA:0,(anonymous_23)
FNDA:0,(anonymous_24)
FNDA:0,(anonymous_25)
FNDA:0,(anonymous_26)
FNDA:0,(anonymous_27)
FNDA:0,(anonymous_28)
FNDA:0,(anonymous_29)
FNDA:0,(anonymous_30)
FNDA:0,(anonymous_31)
FNDA:0,(anonymous_32)
FNDA:0,(anonymous_33)
FNDA:0,(anonymous_34)
FNDA:0,(anonymous_35)
FNDA:0,(anonymous_36)
FNDA:0,(anonymous_37)
FNDA:0,(anonymous_38)
FNDA:0,(anonymous_39)
FNDA:0,(anonymous_40)
FNDA:0,(anonymous_41)
DA:16,0
DA:19,0
DA:21,0
DA:22,0
DA:23,0
DA:24,0
DA:25,0
DA:26,0
DA:27,0
DA:28,0
DA:29,0
DA:30,0
DA:31,0
DA:32,0
DA:34,0
DA:35,0
DA:38,0
DA:39,0
DA:45,0
DA:46,0
DA:47,0
DA:48,0
DA:49,0
DA:50,0
DA:54,0
DA:55,0
DA:56,0
DA:62,0
DA:65,0
DA:66,0
DA:70,0
DA:71,0
DA:72,0
DA:73,0
DA:74,0
DA:75,0
DA:76,0
DA:79,0
DA:80,0
DA:81,0
DA:82,0
DA:83,0
DA:86,0
DA:87,0
DA:88,0
DA:91,0
DA:93,0
DA:94,0
DA:95,0
DA:96,0
DA:97,0
DA:98,0
DA:99,0
DA:100,0
DA:103,0
DA:104,0
DA:105,0
DA:107,0
DA:109,0
DA:111,0
DA:123,0
DA:124,0
DA:127,0
DA:128,0
DA:129,0
DA:131,0
DA:132,0
DA:133,0
DA:135,0
DA:137,0
DA:141,0
DA:142,0
DA:144,0
DA:145,0
DA:146,0
DA:147,0
DA:148,0
DA:150,0
DA:159,0
DA:160,0
DA:161,0
DA:164,0
DA:166,0
DA:167,0
DA:169,0
DA:170,0
DA:171,0
DA:172,0
DA:176,0
DA:177,0
DA:178,0
DA:179,0
DA:180,0
DA:183,0
DA:188,0
DA:191,0
DA:192,0
DA:193,0
DA:194,0
DA:196,0
DA:197,0
DA:198,0
DA:199,0
DA:200,0
DA:203,0
DA:204,0
DA:205,0
DA:207,0
DA:214,0
LF:109
LH:0
BRDA:18,0,0,0
BRDA:38,1,0,0
BRDA:38,1,1,0
BRDA:39,2,0,0
BRDA:39,2,1,0
BRDA:48,3,0,0
BRDA:48,3,1,0
BRDA:49,4,0,0
BRDA:49,4,1,0
BRDA:50,5,0,0
BRDA:50,5,1,0
BRDA:59,6,0,0
BRDA:59,6,1,0
BRDA:60,7,0,0
BRDA:60,7,1,0
BRDA:74,8,0,0
BRDA:74,8,1,0
BRDA:95,9,0,0
BRDA:95,9,1,0
BRDA:98,10,0,0
BRDA:98,10,1,0
BRDA:100,11,0,0
BRDA:100,11,1,0
BRDA:107,12,0,0
BRDA:107,12,1,0
BRDA:107,13,0,0
BRDA:107,13,1,0
BRDA:129,14,0,0
BRDA:129,14,1,0
BRDA:131,15,0,0
BRDA:131,15,1,0
BRDA:132,16,0,0
BRDA:132,16,1,0
BRDA:176,17,0,0
BRDA:176,17,1,0
BRDA:178,18,0,0
BRDA:178,18,1,0
BRDA:179,19,0,0
BRDA:179,19,1,0
BRDA:200,20,0,0
BRDA:200,20,1,0
BRDA:204,21,0,0
BRDA:204,21,1,0
BRDA:204,22,0,0
BRDA:204,22,1,0
BRDA:237,23,0,0
BRDA:237,23,1,0
BRF:47
BRH:0
end_of_record
TN:
SF:src\hooks\useUI.ts
FN:4,useUI
FN:5,(anonymous_1)
FN:6,(anonymous_2)
FN:7,(anonymous_3)
FN:9,(anonymous_4)
FNF:5
FNH:0
FNDA:0,useUI
FNDA:0,(anonymous_1)
FNDA:0,(anonymous_2)
FNDA:0,(anonymous_3)
FNDA:0,(anonymous_4)
DA:5,0
DA:6,0
DA:7,0
DA:9,0
DA:10,0
DA:11,0
DA:12,0
DA:14,0
DA:18,0
LF:9
LH:0
BRF:0
BRH:0
end_of_record
TN:
SF:src\hooks\useUPIReturn.tsx
FN:30,cleanURLParams
FN:44,(anonymous_1)
FN:48,addUPITransaction
FN:70,UPIConfirmToast
FN:81,(anonymous_4)
FN:100,(anonymous_5)
FN:151,showUPIConfirmToast
FN:161,(anonymous_7)
FN:165,(anonymous_8)
FN:174,useUPIReturn
FN:178,(anonymous_10)
FN:216,(anonymous_11)
FN:222,(anonymous_12)
FN:225,(anonymous_13)
FN:244,(anonymous_14)
FN:248,(anonymous_15)
FN:249,(anonymous_16)
FN:255,(anonymous_17)
FNF:18
FNH:0
FNDA:0,cleanURLParams
FNDA:0,(anonymous_1)
FNDA:0,addUPITransaction
FNDA:0,UPIConfirmToast
FNDA:0,(anonymous_4)
FNDA:0,(anonymous_5)
FNDA:0,showUPIConfirmToast
FNDA:0,(anonymous_7)
FNDA:0,(anonymous_8)
FNDA:0,useUPIReturn
FNDA:0,(anonymous_10)
FNDA:0,(anonymous_11)
FNDA:0,(anonymous_12)
FNDA:0,(anonymous_13)
FNDA:0,(anonymous_14)
FNDA:0,(anonymous_15)
FNDA:0,(anonymous_16)
FNDA:0,(anonymous_17)
DA:31,0
DA:32,0
DA:44,0
DA:45,0
DA:52,0
DA:53,0
DA:54,0
DA:55,0
DA:56,0
DA:64,0
DA:68,0
DA:79,0
DA:81,0
DA:82,0
DA:83,0
DA:84,0
DA:85,0
DA:100,0
DA:101,0
DA:102,0
DA:103,0
DA:104,0
DA:107,0
DA:155,0
DA:156,0
DA:157,0
DA:160,0
DA:161,0
DA:165,0
DA:166,0
DA:167,0
DA:168,0
DA:169,0
DA:175,0
DA:177,0
DA:179,0
DA:180,0
DA:182,0
DA:183,0
DA:184,0
DA:192,0
DA:194,0
DA:195,0
DA:196,0
DA:197,0
DA:198,0
DA:200,0
DA:204,0
DA:205,0
DA:206,0
DA:209,0
DA:216,0
DA:217,0
DA:218,0
DA:222,0
DA:223,0
DA:225,0
DA:226,0
DA:227,0
DA:228,0
DA:231,0
DA:233,0
DA:234,0
DA:235,0
DA:236,0
DA:239,0
DA:240,0
DA:243,0
DA:244,0
DA:248,0
DA:249,0
DA:250,0
DA:251,0
DA:252,0
DA:254,0
DA:255,0
LF:76
LH:0
BRDA:57,0,0,0
BRDA:57,0,1,0
BRDA:79,1,0,0
BRDA:79,1,1,0
BRDA:79,1,2,0
BRDA:155,2,0,0
BRDA:155,2,1,0
BRDA:166,3,0,0
BRDA:166,3,1,0
BRDA:179,4,0,0
BRDA:179,4,1,0
BRDA:186,5,0,0
BRDA:186,5,1,0
BRDA:186,5,2,0
BRDA:187,6,0,0
BRDA:187,6,1,0
BRDA:187,6,2,0
BRDA:188,7,0,0
BRDA:188,7,1,0
BRDA:188,7,2,0
BRDA:189,8,0,0
BRDA:189,8,1,0
BRDA:189,8,2,0
BRDA:194,9,0,0
BRDA:194,9,1,0
BRDA:194,10,0,0
BRDA:194,10,1,0
BRDA:197,11,0,0
BRDA:197,11,1,0
BRDA:204,12,0,0
BRDA:204,12,1,0
BRDA:218,13,0,0
BRDA:218,13,1,0
BRDA:226,14,0,0
BRDA:226,14,1,0
BRDA:231,15,0,0
BRDA:231,15,1,0
BRDA:234,16,0,0
BRDA:234,16,1,0
BRDA:240,17,0,0
BRDA:240,17,1,0
BRDA:250,18,0,0
BRDA:250,18,1,0
BRDA:252,19,0,0
BRDA:252,19,1,0
BRF:45
BRH:0
end_of_record
TN:
SF:src\utils\avatar.ts
FN:1,initials
FN:4,(anonymous_1)
FN:10,avatarColor
FNF:3
FNH:0
FNDA:0,initials
FNDA:0,(anonymous_1)
FNDA:0,avatarColor
DA:2,0
DA:4,0
DA:11,0
DA:21,0
DA:22,0
DA:23,0
LF:6
LH:0
BRF:0
BRH:0
end_of_record
TN:
SF:src\utils\cn.ts
FN:4,cn
FNF:1
FNH:0
FNDA:0,cn
DA:5,0
LF:1
LH:0
BRF:0
BRH:0
end_of_record
TN:
SF:src\utils\date.ts
FN:9,formatLocalYYYYMMDD
FNF:1
FNH:1
FNDA:163,formatLocalYYYYMMDD
DA:10,163
DA:11,163
DA:12,163
DA:13,163
LF:4
LH:4
BRF:0
BRH:0
end_of_record
TN:
SF:src\utils\export.ts
FN:4,exportCSV
FN:6,(anonymous_1)
FN:14,(anonymous_2)
FN:25,exportJSON
FNF:4
FNH:0
FNDA:0,exportCSV
FNDA:0,(anonymous_1)
FNDA:0,(anonymous_2)
FNDA:0,exportJSON
DA:5,0
DA:6,0
DA:14,0
DA:15,0
DA:16,0
DA:17,0
DA:21,0
DA:22,0
DA:26,0
DA:27,0
DA:28,0
DA:29,0
DA:33,0
DA:34,0
LF:14
LH:0
BRDA:11,0,0,0
BRDA:11,0,1,0
BRDA:12,1,0,0
BRDA:12,1,1,0
BRF:4
BRH:0
end_of_record
TN:
SF:src\utils\imageUtils.ts
FN:11,compressImage
FN:16,(anonymous_1)
FN:18,(anonymous_2)
FN:43,(anonymous_3)
FNF:4
FNH:0
FNDA:0,compressImage
FNDA:0,(anonymous_1)
FNDA:0,(anonymous_2)
FNDA:0,(anonymous_3)
DA:16,0
DA:17,0
DA:18,0
DA:19,0
DA:20,0
DA:23,0
DA:24,0
DA:25,0
DA:26,0
DA:28,0
DA:29,0
DA:33,0
DA:34,0
DA:35,0
DA:36,0
DA:37,0
DA:39,0
DA:40,0
DA:41,0
DA:43,0
DA:44,0
LF:21
LH:0
BRDA:13,0,0,0
BRDA:14,1,0,0
BRDA:23,2,0,0
BRDA:23,2,1,0
BRDA:23,3,0,0
BRDA:23,3,1,0
BRDA:24,4,0,0
BRDA:24,4,1,0
BRDA:36,5,0,0
BRDA:36,5,1,0
BRF:10
BRH:0
end_of_record
TN:
SF:src\utils\import.ts
FN:8,parseTransactionsJSON
FN:11,(anonymous_1)
FN:13,(anonymous_2)
FN:25,(anonymous_3)
FN:52,(anonymous_4)
FNF:5
FNH:0
FNDA:0,parseTransactionsJSON
FNDA:0,(anonymous_1)
FNDA:0,(anonymous_2)
FNDA:0,(anonymous_3)
FNDA:0,(anonymous_4)
DA:11,0
DA:12,0
DA:13,0
DA:14,0
DA:15,0
DA:16,0
DA:18,0
DA:19,0
DA:22,0
DA:23,0
DA:25,0
DA:27,0
DA:28,0
DA:31,0
DA:34,0
DA:47,0
DA:49,0
DA:52,0
DA:53,0
LF:19
LH:0
BRDA:18,0,0,0
BRDA:18,0,1,0
BRDA:27,1,0,0
BRDA:27,1,1,0
BRDA:27,2,0,0
BRDA:27,2,1,0
BRDA:27,2,2,0
BRDA:27,2,3,0
BRDA:35,3,0,0
BRDA:35,3,1,0
BRDA:40,4,0,0
BRDA:40,4,1,0
BRDA:41,5,0,0
BRDA:41,5,1,0
BRDA:42,6,0,0
BRDA:42,6,1,0
BRDA:42,7,0,0
BRDA:42,7,1,0
BRDA:43,8,0,0
BRDA:43,8,1,0
BRF:20
BRH:0
end_of_record
TN:
SF:src\utils\marketData.ts
FN:21,fetchFromYahooFinance
FN:55,getMarketQuote
FN:77,getNiftyIndex
FN:81,getSensexIndex
FNF:4
FNH:0
FNDA:0,fetchFromYahooFinance
FNDA:0,getMarketQuote
FNDA:0,getNiftyIndex
FNDA:0,getSensexIndex
DA:13,0
DA:14,0
DA:16,0
DA:22,0
DA:23,0
DA:24,0
DA:32,0
DA:33,0
DA:35,0
DA:36,0
DA:37,0
DA:38,0
DA:40,0
DA:49,0
DA:51,0
DA:56,0
DA:57,0
DA:58,0
DA:61,0
DA:62,0
DA:63,0
DA:64,0
DA:67,0
DA:78,0
DA:82,0
LF:25
LH:0
BRDA:33,0,0,0
BRDA:33,0,1,0
BRDA:38,1,0,0
BRDA:38,1,1,0
BRDA:42,2,0,0
BRDA:42,2,1,0
BRDA:57,3,0,0
BRDA:57,3,1,0
BRDA:57,4,0,0
BRDA:57,4,1,0
BRDA:62,5,0,0
BRDA:62,5,1,0
BRF:12
BRH:0
end_of_record
TN:
SF:src\utils\merchantMapper.ts
FN:99,predictCategory
FNF:1
FNH:0
FNDA:0,predictCategory
DA:7,0
DA:100,0
DA:103,0
DA:106,0
DA:107,0
DA:111,0
DA:112,0
DA:113,0
DA:114,0
DA:115,0
DA:122,0
DA:123,0
DA:124,0
DA:125,0
DA:127,0
LF:15
LH:0
BRDA:103,0,0,0
BRDA:103,0,1,0
BRDA:107,1,0,0
BRDA:107,1,1,0
BRDA:111,2,0,0
BRDA:111,2,1,0
BRDA:111,3,0,0
BRDA:111,3,1,0
BRDA:111,3,2,0
BRDA:111,3,3,0
BRDA:113,4,0,0
BRDA:113,4,1,0
BRDA:113,5,0,0
BRDA:113,5,1,0
BRDA:113,5,2,0
BRDA:113,5,3,0
BRDA:115,6,0,0
BRDA:115,6,1,0
BRDA:116,7,0,0
BRDA:116,7,1,0
BRDA:116,7,2,0
BRDA:116,7,3,0
BRDA:116,7,4,0
BRDA:123,8,0,0
BRDA:123,8,1,0
BRDA:123,9,0,0
BRDA:123,9,1,0
BRDA:123,9,2,0
BRDA:124,10,0,0
BRDA:124,10,1,0
BRDA:124,11,0,0
BRDA:124,11,1,0
BRDA:124,11,2,0
BRDA:125,12,0,0
BRDA:125,12,1,0
BRDA:125,13,0,0
BRDA:125,13,1,0
BRDA:125,13,2,0
BRF:38
BRH:0
end_of_record
TN:
SF:src\utils\pushNotification.ts
FN:1,requestNotificationPermission
FN:9,sendBrowserNotification
FNF:2
FNH:0
FNDA:0,requestNotificationPermission
FNDA:0,sendBrowserNotification
DA:2,0
DA:3,0
DA:4,0
DA:5,0
DA:6,0
DA:14,0
DA:15,0
DA:16,0
LF:8
LH:0
BRDA:2,0,0,0
BRDA:2,0,1,0
BRDA:3,1,0,0
BRDA:3,1,1,0
BRDA:4,2,0,0
BRDA:4,2,1,0
BRDA:12,3,0,0
BRDA:14,4,0,0
BRDA:14,4,1,0
BRDA:15,5,0,0
BRDA:15,5,1,0
BRF:11
BRH:0
end_of_record
TN:
SF:src\utils\razorpaySync.ts
FN:10,loadMerchantMemory
FN:15,rememberMerchant
FN:17,(anonymous_2)
FN:23,parseUPIDescription
FN:66,parseUPIPayment
FN:138,fetchRazorpayTransactions
FN:151,(anonymous_6)
FN:190,processPaymentsToTransactions
FN:242,initiateRazorpayPayment
FN:245,(anonymous_9)
FN:249,(anonymous_10)
FN:250,(anonymous_11)
FN:277,handler
FN:286,(anonymous_13)
FNF:14
FNH:0
FNDA:0,loadMerchantMemory
FNDA:0,rememberMerchant
FNDA:0,(anonymous_2)
FNDA:0,parseUPIDescription
FNDA:0,parseUPIPayment
FNDA:0,fetchRazorpayTransactions
FNDA:0,(anonymous_6)
FNDA:0,processPaymentsToTransactions
FNDA:0,initiateRazorpayPayment
FNDA:0,(anonymous_9)
FNDA:0,(anonymous_10)
FNDA:0,(anonymous_11)
FNDA:0,handler
FNDA:0,(anonymous_13)
DA:11,0
DA:16,0
DA:17,0
DA:34,0
DA:35,0
DA:38,0
DA:45,0
DA:46,0
DA:47,0
DA:48,0
DA:49,0
DA:50,0
DA:53,0
DA:55,0
DA:56,0
DA:58,0
DA:70,0
DA:73,0
DA:74,0
DA:75,0
DA:76,0
DA:86,0
DA:87,0
DA:88,0
DA:89,0
DA:95,0
DA:96,0
DA:100,0
DA:101,0
DA:119,0
DA:126,0
DA:127,0
DA:139,0
DA:141,0
DA:142,0
DA:150,0
DA:151,0
DA:152,0
DA:155,0
DA:156,0
DA:157,0
DA:161,0
DA:166,0
DA:187,0
DA:191,0
DA:193,0
DA:194,0
DA:196,0
DA:197,0
DA:198,0
DA:200,0
DA:213,0
DA:216,0
DA:243,0
DA:244,0
DA:245,0
DA:246,0
DA:247,0
DA:248,0
DA:249,0
DA:250,0
DA:251,0
DA:254,0
DA:255,0
DA:259,0
DA:260,0
DA:261,0
DA:262,0
DA:265,0
DA:278,0
DA:286,0
DA:290,0
LF:72
LH:0
BRDA:11,0,0,0
BRDA:11,0,1,0
BRDA:16,1,0,0
BRDA:16,1,1,0
BRDA:35,2,0,0
BRDA:35,2,1,0
BRDA:48,3,0,0
BRDA:48,3,1,0
BRDA:53,4,0,0
BRDA:53,4,1,0
BRDA:53,5,0,0
BRDA:53,5,1,0
BRDA:56,6,0,0
BRDA:56,6,1,0
BRDA:58,7,0,0
BRDA:58,7,1,0
BRDA:68,8,0,0
BRDA:73,9,0,0
BRDA:73,9,1,0
BRDA:75,10,0,0
BRDA:75,10,1,0
BRDA:86,11,0,0
BRDA:86,11,1,0
BRDA:87,12,0,0
BRDA:87,12,1,0
BRDA:87,13,0,0
BRDA:87,13,1,0
BRDA:90,14,0,0
BRDA:90,14,1,0
BRDA:90,14,2,0
BRDA:90,14,3,0
BRDA:91,15,0,0
BRDA:91,15,1,0
BRDA:95,16,0,0
BRDA:95,16,1,0
BRDA:100,17,0,0
BRDA:100,17,1,0
BRDA:101,18,0,0
BRDA:101,18,1,0
BRDA:105,19,0,0
BRDA:105,19,1,0
BRDA:107,20,0,0
BRDA:107,20,1,0
BRDA:109,21,0,0
BRDA:109,21,1,0
BRDA:111,22,0,0
BRDA:111,22,1,0
BRDA:113,23,0,0
BRDA:113,23,1,0
BRDA:115,24,0,0
BRDA:115,24,1,0
BRDA:120,25,0,0
BRDA:120,25,1,0
BRDA:120,25,2,0
BRDA:126,26,0,0
BRDA:126,26,1,0
BRDA:141,27,0,0
BRDA:141,27,1,0
BRDA:150,28,0,0
BRDA:150,28,1,0
BRDA:152,29,0,0
BRDA:152,29,1,0
BRDA:156,30,0,0
BRDA:156,30,1,0
BRDA:194,31,0,0
BRDA:194,31,1,0
BRDA:197,32,0,0
BRDA:197,32,1,0
BRDA:198,33,0,0
BRDA:198,33,1,0
BRDA:205,34,0,0
BRDA:205,34,1,0
BRDA:206,35,0,0
BRDA:206,35,1,0
BRDA:206,35,2,0
BRDA:206,36,0,0
BRDA:206,36,1,0
BRDA:207,37,0,0
BRDA:207,37,1,0
BRDA:243,38,0,0
BRDA:243,38,1,0
BRDA:260,39,0,0
BRDA:260,39,1,0
BRDA:272,40,0,0
BRDA:272,40,1,0
BRDA:273,41,0,0
BRDA:273,41,1,0
BRDA:274,42,0,0
BRDA:274,42,1,0
BRDA:279,43,0,0
BRDA:279,43,1,0
BRF:91
BRH:0
end_of_record
TN:
SF:src\utils\recurringDetection.ts
FN:6,addDays
FN:12,daysBetween
FN:18,normalise
FN:22,detectFrequency
FN:31,detectRecurringPatterns
FN:35,(anonymous_5)
FN:36,(anonymous_6)
FN:44,(anonymous_7)
FN:47,(anonymous_8)
FN:54,(anonymous_9)
FN:57,(anonymous_10)
FN:66,(anonymous_11)
FN:72,(anonymous_12)
FN:89,(anonymous_13)
FNF:14
FNH:14
FNDA:14,addDays
FNDA:21,daysBetween
FNDA:37,normalise
FNDA:14,detectFrequency
FNDA:19,detectRecurringPatterns
FNDA:40,(anonymous_5)
FNDA:37,(anonymous_6)
FNDA:16,(anonymous_7)
FNDA:21,(anonymous_8)
FNDA:21,(anonymous_9)
FNDA:14,(anonymous_10)
FNDA:35,(anonymous_11)
FNDA:21,(anonymous_12)
FNDA:1,(anonymous_13)
DA:4,2
DA:7,14
DA:8,14
DA:9,14
DA:13,21
DA:14,21
DA:15,21
DA:19,37
DA:23,14
DA:24,11
DA:25,1
DA:26,0
DA:27,0
DA:28,0
DA:32,19
DA:34,19
DA:35,40
DA:37,37
DA:38,37
DA:39,37
DA:42,19
DA:44,19
DA:45,16
DA:47,21
DA:49,14
DA:50,14
DA:51,21
DA:54,21
DA:57,16
DA:58,16
DA:59,16
DA:61,14
DA:63,14
DA:64,14
DA:65,16
DA:66,35
DA:67,16
DA:69,16
DA:70,16
DA:72,21
DA:74,16
DA:76,16
DA:89,19
LF:43
LH:40
BRDA:23,0,0,3
BRDA:23,0,1,11
BRDA:23,1,0,14
BRDA:23,1,1,14
BRDA:24,2,0,10
BRDA:24,2,1,1
BRDA:24,3,0,11
BRDA:24,3,1,11
BRDA:25,4,0,1
BRDA:25,4,1,0
BRDA:25,5,0,1
BRDA:25,5,1,1
BRDA:26,6,0,0
BRDA:26,6,1,0
BRDA:27,7,0,0
BRDA:27,7,1,0
BRDA:38,8,0,16
BRDA:38,8,1,21
BRDA:45,9,0,2
BRDA:45,9,1,14
BRDA:54,10,0,14
BRDA:54,10,1,0
BRDA:57,11,0,7
BRDA:57,11,1,7
BRDA:58,12,0,14
BRDA:58,12,1,0
BRDA:59,13,0,0
BRDA:59,13,1,16
BRDA:59,14,0,16
BRDA:59,14,1,0
BRDA:64,15,0,3
BRDA:64,15,1,11
BRDA:64,16,0,10
BRDA:64,16,1,1
BRDA:72,17,0,14
BRDA:72,17,1,0
BRF:36
BRH:26
end_of_record
TN:
SF:src\utils\setuConfig.ts
FN:16,getSetuConfig
FN:25,isSetuConfigured
FNF:2
FNH:0
FNDA:0,getSetuConfig
FNDA:0,isSetuConfigured
DA:17,0
DA:18,0
DA:19,0
DA:26,0
LF:4
LH:0
BRDA:17,0,0,0
BRDA:17,0,1,0
BRDA:18,1,0,0
BRDA:18,1,1,0
BRDA:18,2,0,0
BRDA:18,2,1,0
BRF:6
BRH:0
end_of_record
TN:
SF:src\utils\share.ts
FN:3,(anonymous_0)
FN:10,(anonymous_1)
FN:20,(anonymous_2)
FNF:3
FNH:0
FNDA:0,(anonymous_0)
FNDA:0,(anonymous_1)
FNDA:0,(anonymous_2)
DA:3,0
DA:4,0
DA:5,0
DA:6,0
DA:9,0
DA:10,0
DA:14,0
DA:20,0
DA:23,0
DA:24,0
DA:30,0
LF:11
LH:0
BRDA:3,0,0,0
BRDA:4,1,0,0
BRDA:4,1,1,0
BRDA:10,2,0,0
BRDA:10,2,1,0
BRDA:16,3,0,0
BRDA:16,3,1,0
BRF:7
BRH:0
end_of_record
TN:
SF:src\utils\taxConstants.ts
FN:30,calculateTax
FN:43,calculateCess
FN:47,calculateSurcharge
FN:53,formatIndianCurrency
FN:63,getAnnualIncomeFromTransactions
FN:68,(anonymous_5)
FN:72,(anonymous_6)
FNF:7
FNH:0
FNDA:0,calculateTax
FNDA:0,calculateCess
FNDA:0,calculateSurcharge
FNDA:0,formatIndianCurrency
FNDA:0,getAnnualIncomeFromTransactions
FNDA:0,(anonymous_5)
FNDA:0,(anonymous_6)
DA:8,0
DA:15,0
DA:24,0
DA:25,0
DA:26,0
DA:27,0
DA:28,0
DA:31,0
DA:32,0
DA:33,0
DA:34,0
DA:35,0
DA:36,0
DA:40,0
DA:44,0
DA:48,0
DA:49,0
DA:50,0
DA:54,0
DA:55,0
DA:57,0
DA:58,0
DA:60,0
DA:66,0
DA:67,0
DA:69,0
DA:70,0
DA:72,0
LF:28
LH:0
BRDA:33,0,0,0
BRDA:33,0,1,0
BRDA:35,1,0,0
BRDA:35,1,1,0
BRDA:48,2,0,0
BRDA:48,2,1,0
BRDA:49,3,0,0
BRDA:49,3,1,0
BRDA:54,4,0,0
BRDA:54,4,1,0
BRDA:57,5,0,0
BRDA:57,5,1,0
BRDA:70,6,0,0
BRDA:70,6,1,0
BRF:14
BRH:0
end_of_record
TN:
SF:src\utils\transactionSplits.ts
FN:8,effectiveCategoryAmounts
FN:10,(anonymous_1)
FN:18,effectiveTotal
FN:20,(anonymous_3)
FNF:4
FNH:0
FNDA:0,effectiveCategoryAmounts
FNDA:0,(anonymous_1)
FNDA:0,effectiveTotal
FNDA:0,(anonymous_3)
DA:9,0
DA:10,0
DA:15,0
DA:19,0
DA:20,0
DA:22,0
LF:6
LH:0
BRDA:9,0,0,0
BRDA:9,0,1,0
BRDA:9,1,0,0
BRDA:9,1,1,0
BRDA:19,2,0,0
BRDA:19,2,1,0
BRDA:19,3,0,0
BRDA:19,3,1,0
BRF:8
BRH:0
end_of_record
TN:
SF:src\utils\upiPayment.ts
FN:62,buildUPIUrl
FN:89,savePendingUPIPayment
FN:94,getPendingUPIPayment
FN:109,clearPendingUPIPayment
FN:118,parseUPIReturnParams
FN:150,upiResultToTransaction
FN:175,openUPIIntent
FN:190,(anonymous_7)
FN:197,(anonymous_8)
FN:207,initiateUPIPayment
FN:280,verifyPaymentViaSMS
FNF:11
FNH:0
FNDA:0,buildUPIUrl
FNDA:0,savePendingUPIPayment
FNDA:0,getPendingUPIPayment
FNDA:0,clearPendingUPIPayment
FNDA:0,parseUPIReturnParams
FNDA:0,upiResultToTransaction
FNDA:0,openUPIIntent
FNDA:0,(anonymous_7)
FNDA:0,(anonymous_8)
FNDA:0,initiateUPIPayment
FNDA:0,verifyPaymentViaSMS
DA:44,0
DA:47,0
DA:66,0
DA:67,0
DA:69,0
DA:80,0
DA:81,0
DA:82,0
DA:90,0
DA:95,0
DA:96,0
DA:97,0
DA:98,0
DA:99,0
DA:100,0
DA:101,0
DA:103,0
DA:105,0
DA:110,0
DA:119,0
DA:122,0
DA:123,0
DA:124,0
DA:125,0
DA:126,0
DA:127,0
DA:128,0
DA:129,0
DA:132,0
DA:133,0
DA:137,0
DA:143,0
DA:151,0
DA:152,0
DA:154,0
DA:176,0
DA:180,0
DA:183,0
DA:186,0
DA:187,0
DA:188,0
DA:189,0
DA:190,0
DA:191,0
DA:192,0
DA:197,0
DA:198,0
DA:208,0
DA:211,0
DA:221,0
DA:223,0
DA:227,0
DA:285,0
DA:286,0
DA:287,0
DA:291,0
DA:293,0
DA:294,0
DA:297,0
LF:59
LH:0
BRDA:66,0,0,0
BRDA:66,0,1,0
BRDA:67,1,0,0
BRDA:67,1,1,0
BRDA:74,2,0,0
BRDA:74,2,1,0
BRDA:80,3,0,0
BRDA:80,3,1,0
BRDA:96,4,0,0
BRDA:96,4,1,0
BRDA:99,5,0,0
BRDA:99,5,1,0
BRDA:122,6,0,0
BRDA:122,6,1,0
BRDA:123,7,0,0
BRDA:123,7,1,0
BRDA:123,7,2,0
BRDA:123,7,3,0
BRDA:124,8,0,0
BRDA:124,8,1,0
BRDA:125,9,0,0
BRDA:125,9,1,0
BRDA:125,9,2,0
BRDA:126,10,0,0
BRDA:126,10,1,0
BRDA:126,10,2,0
BRDA:127,11,0,0
BRDA:127,11,1,0
BRDA:127,11,2,0
BRDA:128,12,0,0
BRDA:128,12,1,0
BRDA:128,12,2,0
BRDA:129,13,0,0
BRDA:129,13,1,0
BRDA:132,14,0,0
BRDA:132,14,1,0
BRDA:132,15,0,0
BRDA:132,15,1,0
BRDA:132,15,2,0
BRDA:137,16,0,0
BRDA:137,16,1,0
BRDA:137,17,0,0
BRDA:137,17,1,0
BRDA:139,18,0,0
BRDA:139,18,1,0
BRDA:151,19,0,0
BRDA:151,19,1,0
BRDA:151,19,2,0
BRDA:155,20,0,0
BRDA:155,20,1,0
BRDA:155,20,2,0
BRDA:160,21,0,0
BRDA:160,21,1,0
BRDA:160,21,2,0
BRDA:160,21,3,0
BRDA:161,22,0,0
BRDA:161,22,1,0
BRDA:180,23,0,0
BRDA:180,23,1,0
BRDA:216,24,0,0
BRDA:216,24,1,0
BRDA:285,25,0,0
BRDA:285,25,1,0
BRF:63
BRH:0
end_of_record
